./src/graphics.cpp:1: error: stray ‘#’ in program
./src/graphics.cpp:1: error: ‘g’ does not name a type
In file included from /usr/include/stdio.h:75,
                 from /usr/include/SDL/SDL_stdinc.h:35,
                 from /usr/include/SDL/SDL_main.h:26,
                 from /usr/include/SDL/SDL.h:28,
                 from ./src/graphics.cpp:4:
/usr/include/libio.h:332: error: ‘size_t’ does not name a type
/usr/include/libio.h:336: error: ‘size_t’ was not declared in this scope
/usr/include/libio.h:364: error: ‘size_t’ has not been declared
/usr/include/libio.h:373: error: ‘size_t’ has not been declared
/usr/include/libio.h:493: error: ‘size_t’ does not name a type
In file included from /usr/include/SDL/SDL_stdinc.h:35,
                 from /usr/include/SDL/SDL_main.h:26,
                 from /usr/include/SDL/SDL.h:28,
                 from ./src/graphics.cpp:4:
/usr/include/stdio.h:294: error: ‘size_t’ has not been declared
/usr/include/stdio.h:300: error: ‘size_t’ has not been declared
/usr/include/stdio.h:312: error: ‘size_t’ has not been declared
/usr/include/stdio.h:319: error: ‘size_t’ has not been declared
/usr/include/stdio.h:361: error: ‘size_t’ has not been declared
/usr/include/stdio.h:365: error: ‘size_t’ has not been declared
/usr/include/stdio.h:635: error: ‘size_t’ has not been declared
/usr/include/stdio.h:638: error: ‘size_t’ has not been declared
/usr/include/stdio.h:648: error: ‘size_t’ has not been declared
/usr/include/stdio.h:678: error: ‘size_t’ does not name a type
/usr/include/stdio.h:684: error: ‘size_t’ does not name a type
/usr/include/stdio.h:706: error: ‘size_t’ does not name a type
/usr/include/stdio.h:708: error: ‘size_t’ does not name a type
In file included from /usr/include/SDL/SDL_stdinc.h:38,
                 from /usr/include/SDL/SDL_main.h:26,
                 from /usr/include/SDL/SDL.h:28,
                 from ./src/graphics.cpp:4:
/usr/include/stdlib.h:140: error: ‘size_t’ does not name a type
In file included from /usr/include/SDL/SDL_stdinc.h:38,
                 from /usr/include/SDL/SDL_main.h:26,
                 from /usr/include/SDL/SDL.h:28,
                 from ./src/graphics.cpp:4:
/usr/include/stdlib.h:337: error: ‘size_t’ has not been declared
/usr/include/stdlib.h:351: error: expected ‘;’ before ‘*’ token
/usr/include/stdlib.h:352: error: expected ‘;’ before ‘*’ token
/usr/include/stdlib.h:353: error: expected ‘;’ before ‘*’ token
/usr/include/stdlib.h:357: error: expected ‘;’ before ‘*’ token
/usr/include/stdlib.h:361: error: ‘int32_t’ has not been declared
/usr/include/stdlib.h:367: error: ‘size_t’ has not been declared
/usr/include/stdlib.h:471: error: ‘size_t’ was not declared in this scope
/usr/include/stdlib.h:471: error: expected ‘,’ or ‘;’ before ‘throw’
/usr/include/stdlib.h:473: error: ‘size_t’ was not declared in this scope
/usr/include/stdlib.h:473: error: ‘size_t’ was not declared in this scope
/usr/include/stdlib.h:473: error: initializer expression list treated as compound expression
/usr/include/stdlib.h:474: error: expected ‘,’ or ‘;’ before ‘throw’
/usr/include/stdlib.h:485: error: ‘size_t’ has not been declared
In file included from /usr/include/stdlib.h:497,
                 from /usr/include/SDL/SDL_stdinc.h:38,
                 from /usr/include/SDL/SDL_main.h:26,
                 from /usr/include/SDL/SDL.h:28,
                 from ./src/graphics.cpp:4:
/usr/include/alloca.h:33: error: ‘size_t’ was not declared in this scope
/usr/include/alloca.h:33: error: expected ‘,’ or ‘;’ before ‘throw’
In file included from /usr/include/SDL/SDL_stdinc.h:38,
                 from /usr/include/SDL/SDL_main.h:26,
                 from /usr/include/SDL/SDL.h:28,
                 from ./src/graphics.cpp:4:
/usr/include/stdlib.h:502: error: ‘size_t’ was not declared in this scope
/usr/include/stdlib.h:502: error: expected ‘,’ or ‘;’ before ‘throw’
/usr/include/stdlib.h:507: error: ‘size_t’ has not been declared
/usr/include/stdlib.h:507: error: ‘size_t’ has not been declared
/usr/include/stdlib.h:681: error: ‘size_t’ has not been declared
/usr/include/stdlib.h:681: error: ‘size_t’ has not been declared
/usr/include/stdlib.h:686: error: ‘size_t’ has not been declared
/usr/include/stdlib.h:686: error: ‘size_t’ has not been declared
/usr/include/stdlib.h:759: error: ‘size_t’ has not been declared
/usr/include/stdlib.h:762: error: ‘size_t’ has not been declared
/usr/include/stdlib.h:766: error: ‘size_t’ has not been declared
/usr/include/stdlib.h:770: error: ‘size_t’ has not been declared
/usr/include/stdlib.h:779: error: ‘size_t’ has not been declared
/usr/include/stdlib.h:783: error: ‘size_t’ has not been declared
/usr/include/stdlib.h:790: error: ‘size_t’ does not name a type
/usr/include/stdlib.h:793: error: ‘size_t’ does not name a type
/usr/include/stdlib.h:856: error: ‘size_t’ has not been declared
In file included from /usr/include/SDL/SDL_stdinc.h:58,
                 from /usr/include/SDL/SDL_main.h:26,
                 from /usr/include/SDL/SDL.h:28,
                 from ./src/graphics.cpp:4:
/usr/include/string.h:39: error: ‘size_t’ has not been declared
/usr/include/string.h:43: error: ‘size_t’ has not been declared
/usr/include/string.h:52: error: ‘size_t’ has not been declared
/usr/include/string.h:59: error: ‘size_t’ has not been declared
/usr/include/string.h:62: error: ‘size_t’ has not been declared
/usr/include/string.h:66: error: ‘size_t’ has not been declared
/usr/include/string.h:77: error: ‘size_t’ has not been declared
/usr/include/string.h:88: error: ‘size_t’ has not been declared
/usr/include/string.h:96: error: ‘size_t’ has not been declared
/usr/include/string.h:102: error: ‘size_t’ has not been declared
/usr/include/string.h:109: error: ‘size_t’ does not name a type
/usr/include/string.h:124: error: ‘size_t’ does not name a type
/usr/include/string.h:138: error: ‘size_t’ has not been declared
/usr/include/string.h:184: error: ‘size_t’ does not name a type
/usr/include/string.h:188: error: ‘size_t’ does not name a type
/usr/include/string.h:225: error: ‘size_t’ has not been declared
/usr/include/string.h:226: error: ‘size_t’ has not been declared
/usr/include/string.h:232: error: ‘size_t’ has not been declared
/usr/include/string.h:235: error: ‘size_t’ has not been declared
/usr/include/string.h:242: error: ‘size_t’ does not name a type
/usr/include/string.h:249: error: ‘size_t’ does not name a type
/usr/include/string.h:281: error: ‘size_t’ has not been declared
/usr/include/string.h:294: error: ‘size_t’ has not been declared
/usr/include/string.h:298: error: ‘size_t’ has not been declared
/usr/include/string.h:302: error: ‘size_t’ has not been declared
/usr/include/string.h:305: error: ‘size_t’ has not been declared
/usr/include/string.h:335: error: ‘size_t’ has not been declared
/usr/include/string.h:347: error: ‘size_t’ has not been declared
/usr/include/string.h:376: error: ‘size_t’ has not been declared
/usr/include/string.h:379: error: ‘size_t’ has not been declared
/usr/include/string.h:386: error: ‘size_t’ has not been declared
In file included from /usr/include/SDL/SDL_stdinc.h:72,
                 from /usr/include/SDL/SDL_main.h:26,
                 from /usr/include/SDL/SDL.h:28,
                 from ./src/graphics.cpp:4:
/usr/include/iconv.h:43: error: ‘size_t’ does not name a type
In file included from /usr/include/SDL/SDL_main.h:26,
                 from /usr/include/SDL/SDL.h:28,
                 from ./src/graphics.cpp:4:
/usr/include/SDL/SDL_stdinc.h:85: error: ‘int8_t’ does not name a type
/usr/include/SDL/SDL_stdinc.h:86: error: ‘uint8_t’ does not name a type
/usr/include/SDL/SDL_stdinc.h:87: error: ‘int16_t’ does not name a type
/usr/include/SDL/SDL_stdinc.h:88: error: ‘uint16_t’ does not name a type
/usr/include/SDL/SDL_stdinc.h:89: error: ‘int32_t’ does not name a type
/usr/include/SDL/SDL_stdinc.h:90: error: ‘uint32_t’ does not name a type
/usr/include/SDL/SDL_stdinc.h:93: error: ‘int64_t’ does not name a type
/usr/include/SDL/SDL_stdinc.h:95: error: ‘uint64_t’ does not name a type
/usr/include/SDL/SDL_stdinc.h:109: error: ‘Uint8’ was not declared in this scope
/usr/include/SDL/SDL_stdinc.h:110: error: ‘Sint8’ was not declared in this scope
/usr/include/SDL/SDL_stdinc.h:111: error: ‘Uint16’ was not declared in this scope
/usr/include/SDL/SDL_stdinc.h:112: error: ‘Sint16’ was not declared in this scope
/usr/include/SDL/SDL_stdinc.h:113: error: ‘Uint32’ was not declared in this scope
/usr/include/SDL/SDL_stdinc.h:114: error: ‘Sint32’ was not declared in this scope
/usr/include/SDL/SDL_stdinc.h:115: error: ‘Uint64’ was not declared in this scope
/usr/include/SDL/SDL_stdinc.h:116: error: ‘Sint64’ was not declared in this scope
In file included from /usr/include/SDL/SDL_main.h:26,
                 from /usr/include/SDL/SDL.h:28,
                 from ./src/graphics.cpp:4:
/usr/include/SDL/SDL_stdinc.h:381: error: ‘size_t’ does not name a type
/usr/include/SDL/SDL_stdinc.h:387: error: ‘size_t’ does not name a type
/usr/include/SDL/SDL_stdinc.h:477: error: ‘Sint64’ was not declared in this scope
/usr/include/SDL/SDL_stdinc.h:477: error: expected primary-expression before ‘char’
/usr/include/SDL/SDL_stdinc.h:477: error: expected primary-expression before ‘int’
/usr/include/SDL/SDL_stdinc.h:477: error: initializer expression list treated as compound expression
/usr/include/SDL/SDL_stdinc.h:483: error: ‘Uint64’ was not declared in this scope
/usr/include/SDL/SDL_stdinc.h:483: error: expected primary-expression before ‘char’
/usr/include/SDL/SDL_stdinc.h:483: error: expected primary-expression before ‘int’
/usr/include/SDL/SDL_stdinc.h:483: error: initializer expression list treated as compound expression
/usr/include/SDL/SDL_stdinc.h:579: error: ‘size_t’ does not name a type
/usr/include/SDL/SDL_stdinc.h:583: error: ‘size_t’ has not been declared
In file included from /usr/include/SDL/SDL_audio.h:30,
                 from /usr/include/SDL/SDL.h:30,
                 from ./src/graphics.cpp:4:
/usr/include/SDL/SDL_endian.h:60: error: ‘Uint16’ does not name a type
/usr/include/SDL/SDL_endian.h:93: error: ‘Uint32’ does not name a type
/usr/include/SDL/SDL_endian.h:129: error: ‘Uint64’ does not name a type
In file included from /usr/include/SDL/SDL_audio.h:31,
                 from /usr/include/SDL/SDL.h:30,
                 from ./src/graphics.cpp:4:
/usr/include/SDL/SDL_mutex.h:84: error: ‘Uint32’ was not declared in this scope
/usr/include/SDL/SDL_mutex.h:106: error: ‘Uint32’ has not been declared
/usr/include/SDL/SDL_mutex.h:114: error: ‘Uint32’ does not name a type
/usr/include/SDL/SDL_mutex.h:154: error: ‘Uint32’ has not been declared
In file included from /usr/include/SDL/SDL_audio.h:32,
                 from /usr/include/SDL/SDL.h:30,
                 from ./src/graphics.cpp:4:
/usr/include/SDL/SDL_thread.h:96: error: ‘Uint32’ does not name a type
/usr/include/SDL/SDL_thread.h:101: error: ‘Uint32’ does not name a type
In file included from /usr/include/SDL/SDL_audio.h:33,
                 from /usr/include/SDL/SDL.h:30,
                 from ./src/graphics.cpp:4:
/usr/include/SDL/SDL_rwops.h:63: error: ‘Uint32’ does not name a type
/usr/include/SDL/SDL_rwops.h:83: error: expected ‘;’ before ‘*’ token
/usr/include/SDL/SDL_rwops.h:84: error: expected ‘;’ before ‘*’ token
/usr/include/SDL/SDL_rwops.h:85: error: expected ‘;’ before ‘*’ token
/usr/include/SDL/SDL_rwops.h:122: error: ‘Uint16’ does not name a type
/usr/include/SDL/SDL_rwops.h:123: error: ‘Uint16’ does not name a type
/usr/include/SDL/SDL_rwops.h:124: error: ‘Uint32’ does not name a type
/usr/include/SDL/SDL_rwops.h:125: error: ‘Uint32’ does not name a type
/usr/include/SDL/SDL_rwops.h:126: error: ‘Uint64’ does not name a type
/usr/include/SDL/SDL_rwops.h:127: error: ‘Uint64’ does not name a type
/usr/include/SDL/SDL_rwops.h:130: error: ‘Uint16’ has not been declared
/usr/include/SDL/SDL_rwops.h:131: error: ‘Uint16’ has not been declared
/usr/include/SDL/SDL_rwops.h:132: error: ‘Uint32’ has not been declared
/usr/include/SDL/SDL_rwops.h:133: error: ‘Uint32’ has not been declared
/usr/include/SDL/SDL_rwops.h:134: error: ‘Uint64’ has not been declared
/usr/include/SDL/SDL_rwops.h:135: error: ‘Uint64’ has not been declared
In file included from /usr/include/SDL/SDL.h:30,
                 from ./src/graphics.cpp:4:
/usr/include/SDL/SDL_audio.h:44: error: ‘Uint16’ does not name a type
/usr/include/SDL/SDL_audio.h:45: error: ‘Uint8’ does not name a type
/usr/include/SDL/SDL_audio.h:46: error: ‘Uint8’ does not name a type
/usr/include/SDL/SDL_audio.h:47: error: ‘Uint16’ does not name a type
/usr/include/SDL/SDL_audio.h:48: error: ‘Uint16’ does not name a type
/usr/include/SDL/SDL_audio.h:49: error: ‘Uint32’ does not name a type
/usr/include/SDL/SDL_audio.h:56: error: ‘Uint8’ has not been declared
/usr/include/SDL/SDL_audio.h:83: error: ‘Uint16’ does not name a type
/usr/include/SDL/SDL_audio.h:84: error: ‘Uint16’ does not name a type
/usr/include/SDL/SDL_audio.h:86: error: expected ‘;’ before ‘*’ token
/usr/include/SDL/SDL_audio.h:91: error: ‘Uint16’ has not been declared
/usr/include/SDL/SDL_audio.h:190: error: ‘Uint8’ has not been declared
/usr/include/SDL/SDL_audio.h:190: error: ‘Uint32’ has not been declared
/usr/include/SDL/SDL_audio.h:199: error: variable or field ‘SDL_FreeWAV’ declared void
/usr/include/SDL/SDL_audio.h:199: error: ‘Uint8’ was not declared in this scope
/usr/include/SDL/SDL_audio.h:199: error: ‘audio_buf’ was not declared in this scope
/usr/include/SDL/SDL_audio.h:209: error: ‘Uint16’ has not been declared
/usr/include/SDL/SDL_audio.h:209: error: ‘Uint8’ has not been declared
/usr/include/SDL/SDL_audio.h:210: error: ‘Uint16’ has not been declared
/usr/include/SDL/SDL_audio.h:210: error: ‘Uint8’ has not been declared
/usr/include/SDL/SDL_audio.h:230: error: variable or field ‘SDL_MixAudio’ declared void
/usr/include/SDL/SDL_audio.h:230: error: ‘Uint8’ was not declared in this scope
/usr/include/SDL/SDL_audio.h:230: error: ‘dst’ was not declared in this scope
/usr/include/SDL/SDL_audio.h:230: error: expected primary-expression before ‘const’
/usr/include/SDL/SDL_audio.h:230: error: ‘Uint32’ was not declared in this scope
/usr/include/SDL/SDL_audio.h:230: error: expected primary-expression before ‘int’
In file included from /usr/include/SDL/SDL.h:31,
                 from ./src/graphics.cpp:4:
/usr/include/SDL/SDL_cdrom.h:62: error: ‘Uint8’ does not name a type
/usr/include/SDL/SDL_cdrom.h:63: error: ‘Uint8’ does not name a type
/usr/include/SDL/SDL_cdrom.h:64: error: ‘Uint16’ does not name a type
/usr/include/SDL/SDL_cdrom.h:65: error: ‘Uint32’ does not name a type
/usr/include/SDL/SDL_cdrom.h:66: error: ‘Uint32’ does not name a type
In file included from /usr/include/SDL/SDL_events.h:30,
                 from /usr/include/SDL/SDL.h:35,
                 from ./src/graphics.cpp:4:
/usr/include/SDL/SDL_active.h:49: error: ‘Uint8’ does not name a type
In file included from /usr/include/SDL/SDL_events.h:31,
                 from /usr/include/SDL/SDL.h:35,
                 from ./src/graphics.cpp:4:
/usr/include/SDL/SDL_keyboard.h:55: error: ‘Uint8’ does not name a type
/usr/include/SDL/SDL_keyboard.h:58: error: ‘Uint16’ does not name a type
/usr/include/SDL/SDL_keyboard.h:96: error: expected initializer before ‘*’ token
In file included from /usr/include/SDL/SDL_mouse.h:30,
                 from /usr/include/SDL/SDL_events.h:32,
                 from /usr/include/SDL/SDL.h:35,
                 from ./src/graphics.cpp:4:
/usr/include/SDL/SDL_video.h:44: error: ‘Sint16’ does not name a type
/usr/include/SDL/SDL_video.h:45: error: ‘Uint16’ does not name a type
/usr/include/SDL/SDL_video.h:49: error: ‘Uint8’ does not name a type
/usr/include/SDL/SDL_video.h:50: error: ‘Uint8’ does not name a type
/usr/include/SDL/SDL_video.h:51: error: ‘Uint8’ does not name a type
/usr/include/SDL/SDL_video.h:52: error: ‘Uint8’ does not name a type
/usr/include/SDL/SDL_video.h:64: error: ‘Uint8’ does not name a type
/usr/include/SDL/SDL_video.h:65: error: ‘Uint8’ does not name a type
/usr/include/SDL/SDL_video.h:66: error: ‘Uint8’ does not name a type
/usr/include/SDL/SDL_video.h:67: error: ‘Uint8’ does not name a type
/usr/include/SDL/SDL_video.h:68: error: ‘Uint8’ does not name a type
/usr/include/SDL/SDL_video.h:69: error: ‘Uint8’ does not name a type
/usr/include/SDL/SDL_video.h:70: error: ‘Uint8’ does not name a type
/usr/include/SDL/SDL_video.h:71: error: ‘Uint8’ does not name a type
/usr/include/SDL/SDL_video.h:72: error: ‘Uint8’ does not name a type
/usr/include/SDL/SDL_video.h:73: error: ‘Uint8’ does not name a type
/usr/include/SDL/SDL_video.h:74: error: ‘Uint32’ does not name a type
/usr/include/SDL/SDL_video.h:75: error: ‘Uint32’ does not name a type
/usr/include/SDL/SDL_video.h:76: error: ‘Uint32’ does not name a type
/usr/include/SDL/SDL_video.h:77: error: ‘Uint32’ does not name a type
/usr/include/SDL/SDL_video.h:80: error: ‘Uint32’ does not name a type
/usr/include/SDL/SDL_video.h:82: error: ‘Uint8’ does not name a type
/usr/include/SDL/SDL_video.h:89: error: ‘Uint32’ does not name a type
/usr/include/SDL/SDL_video.h:92: error: ‘Uint16’ does not name a type
/usr/include/SDL/SDL_video.h:101: error: ‘Uint32’ does not name a type
/usr/include/SDL/SDL_video.h:104: error: ‘Uint32’ does not name a type
/usr/include/SDL/SDL_video.h:150: error: ‘Uint32’ does not name a type
/usr/include/SDL/SDL_video.h:151: error: ‘Uint32’ does not name a type
/usr/include/SDL/SDL_video.h:152: error: ‘Uint32’ does not name a type
/usr/include/SDL/SDL_video.h:153: error: ‘Uint32’ does not name a type
/usr/include/SDL/SDL_video.h:154: error: ‘Uint32’ does not name a type
/usr/include/SDL/SDL_video.h:155: error: ‘Uint32’ does not name a type
/usr/include/SDL/SDL_video.h:156: error: ‘Uint32’ does not name a type
/usr/include/SDL/SDL_video.h:157: error: ‘Uint32’ does not name a type
/usr/include/SDL/SDL_video.h:158: error: ‘Uint32’ does not name a type
/usr/include/SDL/SDL_video.h:159: error: ‘Uint32’ does not name a type
/usr/include/SDL/SDL_video.h:160: error: ‘Uint32’ does not name a type
/usr/include/SDL/SDL_video.h:161: error: ‘Uint32’ does not name a type
/usr/include/SDL/SDL_video.h:162: error: ‘Uint32’ does not name a type
/usr/include/SDL/SDL_video.h:184: error: ‘Uint32’ does not name a type
/usr/include/SDL/SDL_video.h:187: error: expected ‘;’ before ‘*’ token
/usr/include/SDL/SDL_video.h:188: error: expected ‘;’ before ‘*’ token
/usr/include/SDL/SDL_video.h:195: error: ‘Uint32’ does not name a type
/usr/include/SDL/SDL_video.h:196: error: ‘Uint32’ does not name a type
/usr/include/SDL/SDL_video.h:240: error: ‘Uint32’ has not been declared
/usr/include/SDL/SDL_video.h:276: error: ‘Uint32’ has not been declared
/usr/include/SDL/SDL_video.h:287: error: ‘Uint32’ has not been declared
/usr/include/SDL/SDL_video.h:348: error: ‘Uint32’ has not been declared
/usr/include/SDL/SDL_video.h:359: error: ‘Sint32’ has not been declared
/usr/include/SDL/SDL_video.h:359: error: ‘Sint32’ has not been declared
/usr/include/SDL/SDL_video.h:359: error: ‘Uint32’ has not been declared
/usr/include/SDL/SDL_video.h:359: error: ‘Uint32’ has not been declared
/usr/include/SDL/SDL_video.h:395: error: expected ‘,’ or ‘...’ before ‘*’ token
/usr/include/SDL/SDL_video.h:406: error: ‘Uint16’ was not declared in this scope
/usr/include/SDL/SDL_video.h:406: error: ‘red’ was not declared in this scope
/usr/include/SDL/SDL_video.h:406: error: ‘Uint16’ was not declared in this scope
/usr/include/SDL/SDL_video.h:406: error: ‘green’ was not declared in this scope
/usr/include/SDL/SDL_video.h:406: error: ‘Uint16’ was not declared in this scope
/usr/include/SDL/SDL_video.h:406: error: ‘blue’ was not declared in this scope
/usr/include/SDL/SDL_video.h:406: error: initializer expression list treated as compound expression
/usr/include/SDL/SDL_video.h:449: error: ‘Uint32’ does not name a type
/usr/include/SDL/SDL_video.h:456: error: ‘Uint32’ does not name a type
/usr/include/SDL/SDL_video.h:463: error: variable or field ‘SDL_GetRGB’ declared void
/usr/include/SDL/SDL_video.h:463: error: ‘Uint32’ was not declared in this scope
/usr/include/SDL/SDL_video.h:463: error: expected primary-expression before ‘*’ token
/usr/include/SDL/SDL_video.h:463: error: ‘fmt’ was not declared in this scope
/usr/include/SDL/SDL_video.h:464: error: ‘Uint8’ was not declared in this scope
/usr/include/SDL/SDL_video.h:464: error: ‘r’ was not declared in this scope
/usr/include/SDL/SDL_video.h:464: error: ‘Uint8’ was not declared in this scope
/usr/include/SDL/SDL_video.h:464: error: ‘g’ was not declared in this scope
/usr/include/SDL/SDL_video.h:464: error: ‘Uint8’ was not declared in this scope
/usr/include/SDL/SDL_video.h:464: error: ‘b’ was not declared in this scope
/usr/include/SDL/SDL_video.h:469: error: variable or field ‘SDL_GetRGBA’ declared void
/usr/include/SDL/SDL_video.h:469: error: ‘Uint32’ was not declared in this scope
/usr/include/SDL/SDL_video.h:469: error: expected primary-expression before ‘*’ token
/usr/include/SDL/SDL_video.h:469: error: ‘fmt’ was not declared in this scope
/usr/include/SDL/SDL_video.h:470: error: ‘Uint8’ was not declared in this scope
/usr/include/SDL/SDL_video.h:470: error: ‘r’ was not declared in this scope
/usr/include/SDL/SDL_video.h:470: error: ‘Uint8’ was not declared in this scope
/usr/include/SDL/SDL_video.h:470: error: ‘g’ was not declared in this scope
/usr/include/SDL/SDL_video.h:470: error: ‘Uint8’ was not declared in this scope
/usr/include/SDL/SDL_video.h:470: error: ‘b’ was not declared in this scope
/usr/include/SDL/SDL_video.h:470: error: ‘Uint8’ was not declared in this scope
/usr/include/SDL/SDL_video.h:470: error: ‘a’ was not declared in this scope
/usr/include/SDL/SDL_video.h:508: error: ‘Uint32’ was not declared in this scope
/usr/include/SDL/SDL_video.h:508: error: expected primary-expression before ‘int’
/usr/include/SDL/SDL_video.h:508: error: expected primary-expression before ‘int’
/usr/include/SDL/SDL_video.h:508: error: expected primary-expression before ‘int’
/usr/include/SDL/SDL_video.h:509: error: ‘Uint32’ was not declared in this scope
/usr/include/SDL/SDL_video.h:509: error: ‘Uint32’ was not declared in this scope
/usr/include/SDL/SDL_video.h:509: error: ‘Uint32’ was not declared in this scope
/usr/include/SDL/SDL_video.h:509: error: ‘Uint32’ was not declared in this scope
/usr/include/SDL/SDL_video.h:509: error: initializer expression list treated as compound expression
/usr/include/SDL/SDL_video.h:512: error: ‘Uint32’ has not been declared
/usr/include/SDL/SDL_video.h:512: error: ‘Uint32’ has not been declared
/usr/include/SDL/SDL_video.h:512: error: ‘Uint32’ has not been declared
/usr/include/SDL/SDL_video.h:512: error: ‘Uint32’ has not been declared
/usr/include/SDL/SDL_video.h:569: error: ‘Uint32’ has not been declared
/usr/include/SDL/SDL_video.h:569: error: ‘Uint32’ has not been declared
/usr/include/SDL/SDL_video.h:586: error: ‘Uint32’ has not been declared
/usr/include/SDL/SDL_video.h:586: error: ‘Uint8’ has not been declared
/usr/include/SDL/SDL_video.h:622: error: ‘Uint32’ has not been declared
/usr/include/SDL/SDL_video.h:718: error: ‘Uint32’ has not been declared
/usr/include/SDL/SDL_video.h:758: error: ‘Uint32’ has not been declared
/usr/include/SDL/SDL_video.h:838: error: ‘Uint8’ has not been declared
In file included from /usr/include/SDL/SDL_events.h:32,
                 from /usr/include/SDL/SDL.h:35,
                 from ./src/graphics.cpp:4:
/usr/include/SDL/SDL_mouse.h:41: error: ‘Sint16’ does not name a type
/usr/include/SDL/SDL_mouse.h:42: error: expected ‘;’ before ‘*’ token
/usr/include/SDL/SDL_mouse.h:43: error: expected ‘;’ before ‘*’ token
/usr/include/SDL/SDL_mouse.h:44: error: expected ‘;’ before ‘*’ token
/usr/include/SDL/SDL_mouse.h:55: error: ‘Uint8’ does not name a type
/usr/include/SDL/SDL_mouse.h:63: error: ‘Uint8’ does not name a type
/usr/include/SDL/SDL_mouse.h:68: error: variable or field ‘SDL_WarpMouse’ declared void
/usr/include/SDL/SDL_mouse.h:68: error: ‘Uint16’ was not declared in this scope
/usr/include/SDL/SDL_mouse.h:68: error: ‘Uint16’ was not declared in this scope
/usr/include/SDL/SDL_mouse.h:84: error: ‘Uint8’ was not declared in this scope
/usr/include/SDL/SDL_mouse.h:84: error: ‘data’ was not declared in this scope
/usr/include/SDL/SDL_mouse.h:84: error: ‘Uint8’ was not declared in this scope
/usr/include/SDL/SDL_mouse.h:84: error: ‘mask’ was not declared in this scope
/usr/include/SDL/SDL_mouse.h:84: error: expected primary-expression before ‘int’
/usr/include/SDL/SDL_mouse.h:84: error: expected primary-expression before ‘int’
/usr/include/SDL/SDL_mouse.h:84: error: expected primary-expression before ‘int’
/usr/include/SDL/SDL_mouse.h:84: error: expected primary-expression before ‘int’
/usr/include/SDL/SDL_mouse.h:84: error: initializer expression list treated as compound expression
In file included from /usr/include/SDL/SDL_events.h:33,
                 from /usr/include/SDL/SDL.h:35,
                 from ./src/graphics.cpp:4:
/usr/include/SDL/SDL_joystick.h:122: error: ‘Sint16’ does not name a type
/usr/include/SDL/SDL_joystick.h:140: error: ‘Uint8’ does not name a type
/usr/include/SDL/SDL_joystick.h:153: error: ‘Uint8’ does not name a type
In file included from /usr/include/SDL/SDL.h:35,
                 from ./src/graphics.cpp:4:
/usr/include/SDL/SDL_events.h:113: error: ‘Uint8’ does not name a type
/usr/include/SDL/SDL_events.h:114: error: ‘Uint8’ does not name a type
/usr/include/SDL/SDL_events.h:115: error: ‘Uint8’ does not name a type
/usr/include/SDL/SDL_events.h:120: error: ‘Uint8’ does not name a type
/usr/include/SDL/SDL_events.h:121: error: ‘Uint8’ does not name a type
/usr/include/SDL/SDL_events.h:122: error: ‘Uint8’ does not name a type
/usr/include/SDL/SDL_events.h:128: error: ‘Uint8’ does not name a type
/usr/include/SDL/SDL_events.h:129: error: ‘Uint8’ does not name a type
/usr/include/SDL/SDL_events.h:130: error: ‘Uint8’ does not name a type
/usr/include/SDL/SDL_events.h:131: error: ‘Uint16’ does not name a type
/usr/include/SDL/SDL_events.h:132: error: ‘Sint16’ does not name a type
/usr/include/SDL/SDL_events.h:133: error: ‘Sint16’ does not name a type
/usr/include/SDL/SDL_events.h:138: error: ‘Uint8’ does not name a type
/usr/include/SDL/SDL_events.h:139: error: ‘Uint8’ does not name a type
/usr/include/SDL/SDL_events.h:140: error: ‘Uint8’ does not name a type
/usr/include/SDL/SDL_events.h:141: error: ‘Uint8’ does not name a type
/usr/include/SDL/SDL_events.h:142: error: ‘Uint16’ does not name a type
/usr/include/SDL/SDL_events.h:147: error: ‘Uint8’ does not name a type
/usr/include/SDL/SDL_events.h:148: error: ‘Uint8’ does not name a type
/usr/include/SDL/SDL_events.h:149: error: ‘Uint8’ does not name a type
/usr/include/SDL/SDL_events.h:150: error: ‘Sint16’ does not name a type
/usr/include/SDL/SDL_events.h:155: error: ‘Uint8’ does not name a type
/usr/include/SDL/SDL_events.h:156: error: ‘Uint8’ does not name a type
/usr/include/SDL/SDL_events.h:157: error: ‘Uint8’ does not name a type
/usr/include/SDL/SDL_events.h:158: error: ‘Sint16’ does not name a type
/usr/include/SDL/SDL_events.h:159: error: ‘Sint16’ does not name a type
/usr/include/SDL/SDL_events.h:164: error: ‘Uint8’ does not name a type
/usr/include/SDL/SDL_events.h:165: error: ‘Uint8’ does not name a type
/usr/include/SDL/SDL_events.h:166: error: ‘Uint8’ does not name a type
/usr/include/SDL/SDL_events.h:167: error: ‘Uint8’ does not name a type
/usr/include/SDL/SDL_events.h:177: error: ‘Uint8’ does not name a type
/usr/include/SDL/SDL_events.h:178: error: ‘Uint8’ does not name a type
/usr/include/SDL/SDL_events.h:179: error: ‘Uint8’ does not name a type
/usr/include/SDL/SDL_events.h:180: error: ‘Uint8’ does not name a type
/usr/include/SDL/SDL_events.h:188: error: ‘Uint8’ does not name a type
/usr/include/SDL/SDL_events.h:195: error: ‘Uint8’ does not name a type
/usr/include/SDL/SDL_events.h:200: error: ‘Uint8’ does not name a type
/usr/include/SDL/SDL_events.h:205: error: ‘Uint8’ does not name a type
/usr/include/SDL/SDL_events.h:215: error: ‘Uint8’ does not name a type
/usr/include/SDL/SDL_events.h:221: error: ‘Uint8’ does not name a type
/usr/include/SDL/SDL_events.h:265: error: ‘Uint32’ has not been declared
/usr/include/SDL/SDL_events.h:328: error: ‘Uint8’ does not name a type
In file included from /usr/include/SDL/SDL.h:40,
                 from ./src/graphics.cpp:4:
/usr/include/SDL/SDL_timer.h:46: error: ‘Uint32’ does not name a type
/usr/include/SDL/SDL_timer.h:49: error: variable or field ‘SDL_Delay’ declared void
/usr/include/SDL/SDL_timer.h:49: error: ‘Uint32’ was not declared in this scope
/usr/include/SDL/SDL_timer.h:52: error: typedef ‘Uint32’ is initialized (use __typeof__ instead)
/usr/include/SDL/SDL_timer.h:52: error: ‘SDL_TimerCallback’ was not declared in this scope
/usr/include/SDL/SDL_timer.h:82: error: ‘Uint32’ was not declared in this scope
/usr/include/SDL/SDL_timer.h:82: error: ‘SDL_TimerCallback’ was not declared in this scope
/usr/include/SDL/SDL_timer.h:82: error: initializer expression list treated as compound expression
/usr/include/SDL/SDL_timer.h:94: error: typedef ‘Uint32’ is initialized (use __typeof__ instead)
/usr/include/SDL/SDL_timer.h:94: error: ‘SDL_NewTimerCallback’ was not declared in this scope
/usr/include/SDL/SDL_timer.h:102: error: ‘Uint32’ was not declared in this scope
/usr/include/SDL/SDL_timer.h:102: error: ‘SDL_NewTimerCallback’ was not declared in this scope
/usr/include/SDL/SDL_timer.h:102: error: expected primary-expression before ‘void’
/usr/include/SDL/SDL_timer.h:102: error: initializer expression list treated as compound expression
In file included from /usr/include/SDL/SDL.h:42,
                 from ./src/graphics.cpp:4:
/usr/include/SDL/SDL_version.h:43: error: ‘Uint8’ does not name a type
/usr/include/SDL/SDL_version.h:44: error: ‘Uint8’ does not name a type
/usr/include/SDL/SDL_version.h:45: error: ‘Uint8’ does not name a type
In file included from ./src/graphics.cpp:4:
/usr/include/SDL/SDL.h:69: error: ‘Uint32’ was not declared in this scope
/usr/include/SDL/SDL.h:72: error: ‘Uint32’ was not declared in this scope
/usr/include/SDL/SDL.h:75: error: variable or field ‘SDL_QuitSubSystem’ declared void
/usr/include/SDL/SDL.h:75: error: ‘Uint32’ was not declared in this scope
/usr/include/SDL/SDL.h:81: error: ‘Uint32’ does not name a type
In file included from ./src/graphics.cpp:5:
/usr/include/SDL/SDL_gfxPrimitives.h:48: error: ‘Sint16’ has not been declared
/usr/include/SDL/SDL_gfxPrimitives.h:48: error: ‘Sint16’ has not been declared
/usr/include/SDL/SDL_gfxPrimitives.h:48: error: ‘Uint32’ has not been declared
/usr/include/SDL/SDL_gfxPrimitives.h:49: error: ‘Sint16’ has not been declared
/usr/include/SDL/SDL_gfxPrimitives.h:49: error: ‘Sint16’ has not been declared
/usr/include/SDL/SDL_gfxPrimitives.h:49: error: ‘Uint8’ has not been declared
/usr/include/SDL/SDL_gfxPrimitives.h:49: error: ‘Uint8’ has not been declared
/usr/include/SDL/SDL_gfxPrimitives.h:49: error: ‘Uint8’ has not been declared
/usr/include/SDL/SDL_gfxPrimitives.h:49: error: ‘Uint8’ has not been declared
/usr/include/SDL/SDL_gfxPrimitives.h:53: error: ‘Sint16’ has not been declared
/usr/include/SDL/SDL_gfxPrimitives.h:53: error: ‘Sint16’ has not been declared
/usr/include/SDL/SDL_gfxPrimitives.h:53: error: ‘Sint16’ has not been declared
/usr/include/SDL/SDL_gfxPrimitives.h:53: error: ‘Uint32’ has not been declared
/usr/include/SDL/SDL_gfxPrimitives.h:54: error: ‘Sint16’ has not been declared
/usr/include/SDL/SDL_gfxPrimitives.h:54: error: ‘Sint16’ has not been declared
/usr/include/SDL/SDL_gfxPrimitives.h:54: error: ‘Sint16’ has not been declared
/usr/include/SDL/SDL_gfxPrimitives.h:54: error: ‘Uint8’ has not been declared
/usr/include/SDL/SDL_gfxPrimitives.h:54: error: ‘Uint8’ has not been declared
/usr/include/SDL/SDL_gfxPrimitives.h:54: error: ‘Uint8’ has not been declared
/usr/include/SDL/SDL_gfxPrimitives.h:54: error: ‘Uint8’ has not been declared
/usr/include/SDL/SDL_gfxPrimitives.h:58: error: ‘Sint16’ has not been declared
/usr/include/SDL/SDL_gfxPrimitives.h:58: error: ‘Sint16’ has not been declared
/usr/include/SDL/SDL_gfxPrimitives.h:58: error: ‘Sint16’ has not been declared
/usr/include/SDL/SDL_gfxPrimitives.h:58: error: ‘Uint32’ has not been declared
/usr/include/SDL/SDL_gfxPrimitives.h:59: error: ‘Sint16’ has not been declared
/usr/include/SDL/SDL_gfxPrimitives.h:59: error: ‘Sint16’ has not been declared
/usr/include/SDL/SDL_gfxPrimitives.h:59: error: ‘Sint16’ has not been declared
/usr/include/SDL/SDL_gfxPrimitives.h:59: error: ‘Uint8’ has not been declared
/usr/include/SDL/SDL_gfxPrimitives.h:59: error: ‘Uint8’ has not been declared
/usr/include/SDL/SDL_gfxPrimitives.h:59: error: ‘Uint8’ has not been declared
/usr/include/SDL/SDL_gfxPrimitives.h:59: error: ‘Uint8’ has not been declared
/usr/include/SDL/SDL_gfxPrimitives.h:63: error: ‘Sint16’ has not been declared
/usr/include/SDL/SDL_gfxPrimitives.h:63: error: ‘Sint16’ has not been declared
/usr/include/SDL/SDL_gfxPrimitives.h:63: error: ‘Sint16’ has not been declared
/usr/include/SDL/SDL_gfxPrimitives.h:63: error: ‘Sint16’ has not been declared
/usr/include/SDL/SDL_gfxPrimitives.h:63: error: ‘Uint32’ has not been declared
/usr/include/SDL/SDL_gfxPrimitives.h:64: error: ‘Sint16’ has not been declared
/usr/include/SDL/SDL_gfxPrimitives.h:64: error: ‘Sint16’ has not been declared
/usr/include/SDL/SDL_gfxPrimitives.h:65: error: ‘Sint16’ has not been declared
/usr/include/SDL/SDL_gfxPrimitives.h:65: error: ‘Sint16’ has not been declared
/usr/include/SDL/SDL_gfxPrimitives.h:65: error: ‘Uint8’ has not been declared
/usr/include/SDL/SDL_gfxPrimitives.h:65: error: ‘Uint8’ has not been declared
/usr/include/SDL/SDL_gfxPrimitives.h:65: error: ‘Uint8’ has not been declared
/usr/include/SDL/SDL_gfxPrimitives.h:65: error: ‘Uint8’ has not been declared
/usr/include/SDL/SDL_gfxPrimitives.h:69: error: ‘Sint16’ has not been declared
/usr/include/SDL/SDL_gfxPrimitives.h:69: error: ‘Sint16’ has not been declared
/usr/include/SDL/SDL_gfxPrimitives.h:69: error: ‘Sint16’ has not been declared
/usr/include/SDL/SDL_gfxPrimitives.h:69: error: ‘Sint16’ has not been declared
/usr/include/SDL/SDL_gfxPrimitives.h:69: error: ‘Uint32’ has not been declared
/usr/include/SDL/SDL_gfxPrimitives.h:70: error: ‘Sint16’ has not been declared
/usr/include/SDL/SDL_gfxPrimitives.h:70: error: ‘Sint16’ has not been declared
/usr/include/SDL/SDL_gfxPrimitives.h:70: error: ‘Sint16’ has not been declared
/usr/include/SDL/SDL_gfxPrimitives.h:71: error: ‘Sint16’ has not been declared
/usr/include/SDL/SDL_gfxPrimitives.h:71: error: ‘Uint8’ has not been declared
/usr/include/SDL/SDL_gfxPrimitives.h:71: error: ‘Uint8’ has not been declared
/usr/include/SDL/SDL_gfxPrimitives.h:71: error: ‘Uint8’ has not been declared
/usr/include/SDL/SDL_gfxPrimitives.h:71: error: ‘Uint8’ has not been declared
/usr/include/SDL/SDL_gfxPrimitives.h:75: error: ‘Sint16’ has not been declared
/usr/include/SDL/SDL_gfxPrimitives.h:75: error: ‘Sint16’ has not been declared
/usr/include/SDL/SDL_gfxPrimitives.h:75: error: ‘Sint16’ has not been declared
/usr/include/SDL/SDL_gfxPrimitives.h:75: error: ‘Sint16’ has not been declared
/usr/include/SDL/SDL_gfxPrimitives.h:75: error: ‘Uint32’ has not been declared
/usr/include/SDL/SDL_gfxPrimitives.h:76: error: ‘Sint16’ has not been declared
/usr/include/SDL/SDL_gfxPrimitives.h:76: error: ‘Sint16’ has not been declared
/usr/include/SDL/SDL_gfxPrimitives.h:77: error: ‘Sint16’ has not been declared
/usr/include/SDL/SDL_gfxPrimitives.h:77: error: ‘Sint16’ has not been declared
/usr/include/SDL/SDL_gfxPrimitives.h:77: error: ‘Uint8’ has not been declared
/usr/include/SDL/SDL_gfxPrimitives.h:77: error: ‘Uint8’ has not been declared
/usr/include/SDL/SDL_gfxPrimitives.h:77: error: ‘Uint8’ has not been declared
/usr/include/SDL/SDL_gfxPrimitives.h:77: error: ‘Uint8’ has not been declared
/usr/include/SDL/SDL_gfxPrimitives.h:80: error: ‘Sint16’ has not been declared
/usr/include/SDL/SDL_gfxPrimitives.h:80: error: ‘Sint16’ has not been declared
/usr/include/SDL/SDL_gfxPrimitives.h:80: error: ‘Sint16’ has not been declared
/usr/include/SDL/SDL_gfxPrimitives.h:80: error: ‘Sint16’ has not been declared
/usr/include/SDL/SDL_gfxPrimitives.h:80: error: ‘Uint32’ has not been declared
/usr/include/SDL/SDL_gfxPrimitives.h:81: error: ‘Sint16’ has not been declared
/usr/include/SDL/SDL_gfxPrimitives.h:81: error: ‘Sint16’ has not been declared
/usr/include/SDL/SDL_gfxPrimitives.h:82: error: ‘Sint16’ has not been declared
/usr/include/SDL/SDL_gfxPrimitives.h:82: error: ‘Sint16’ has not been declared
/usr/include/SDL/SDL_gfxPrimitives.h:82: error: ‘Uint8’ has not been declared
/usr/include/SDL/SDL_gfxPrimitives.h:82: error: ‘Uint8’ has not been declared
/usr/include/SDL/SDL_gfxPrimitives.h:82: error: ‘Uint8’ has not been declared
/usr/include/SDL/SDL_gfxPrimitives.h:82: error: ‘Uint8’ has not been declared
/usr/include/SDL/SDL_gfxPrimitives.h:86: error: ‘Sint16’ has not been declared
/usr/include/SDL/SDL_gfxPrimitives.h:86: error: ‘Sint16’ has not been declared
/usr/include/SDL/SDL_gfxPrimitives.h:86: error: ‘Sint16’ has not been declared
/usr/include/SDL/SDL_gfxPrimitives.h:86: error: ‘Uint32’ has not been declared
/usr/include/SDL/SDL_gfxPrimitives.h:87: error: ‘Sint16’ has not been declared
/usr/include/SDL/SDL_gfxPrimitives.h:87: error: ‘Sint16’ has not been declared
/usr/include/SDL/SDL_gfxPrimitives.h:87: error: ‘Sint16’ has not been declared
/usr/include/SDL/SDL_gfxPrimitives.h:87: error: ‘Uint8’ has not been declared
/usr/include/SDL/SDL_gfxPrimitives.h:87: error: ‘Uint8’ has not been declared
/usr/include/SDL/SDL_gfxPrimitives.h:87: error: ‘Uint8’ has not been declared
/usr/include/SDL/SDL_gfxPrimitives.h:87: error: ‘Uint8’ has not been declared
/usr/include/SDL/SDL_gfxPrimitives.h:91: error: ‘Sint16’ has not been declared
/usr/include/SDL/SDL_gfxPrimitives.h:91: error: ‘Sint16’ has not been declared
/usr/include/SDL/SDL_gfxPrimitives.h:91: error: ‘Sint16’ has not been declared
/usr/include/SDL/SDL_gfxPrimitives.h:91: error: ‘Uint32’ has not been declared
/usr/include/SDL/SDL_gfxPrimitives.h:92: error: ‘Sint16’ has not been declared
/usr/include/SDL/SDL_gfxPrimitives.h:92: error: ‘Sint16’ has not been declared
/usr/include/SDL/SDL_gfxPrimitives.h:93: error: ‘Sint16’ has not been declared
/usr/include/SDL/SDL_gfxPrimitives.h:93: error: ‘Uint8’ has not been declared
/usr/include/SDL/SDL_gfxPrimitives.h:93: error: ‘Uint8’ has not been declared
/usr/include/SDL/SDL_gfxPrimitives.h:93: error: ‘Uint8’ has not been declared
/usr/include/SDL/SDL_gfxPrimitives.h:93: error: ‘Uint8’ has not been declared
/usr/include/SDL/SDL_gfxPrimitives.h:97: error: ‘Sint16’ has not been declared
/usr/include/SDL/SDL_gfxPrimitives.h:97: error: ‘Sint16’ has not been declared
/usr/include/SDL/SDL_gfxPrimitives.h:97: error: ‘Sint16’ has not been declared
/usr/include/SDL/SDL_gfxPrimitives.h:97: error: ‘Uint32’ has not been declared
/usr/include/SDL/SDL_gfxPrimitives.h:98: error: ‘Sint16’ has not been declared
/usr/include/SDL/SDL_gfxPrimitives.h:98: error: ‘Sint16’ has not been declared
/usr/include/SDL/SDL_gfxPrimitives.h:99: error: ‘Sint16’ has not been declared
/usr/include/SDL/SDL_gfxPrimitives.h:99: error: ‘Uint8’ has not been declared
/usr/include/SDL/SDL_gfxPrimitives.h:99: error: ‘Uint8’ has not been declared
/usr/include/SDL/SDL_gfxPrimitives.h:99: error: ‘Uint8’ has not been declared
/usr/include/SDL/SDL_gfxPrimitives.h:99: error: ‘Uint8’ has not been declared
/usr/include/SDL/SDL_gfxPrimitives.h:103: error: ‘Sint16’ has not been declared
/usr/include/SDL/SDL_gfxPrimitives.h:103: error: ‘Sint16’ has not been declared
/usr/include/SDL/SDL_gfxPrimitives.h:103: error: ‘Sint16’ has not been declared
/usr/include/SDL/SDL_gfxPrimitives.h:103: error: ‘Sint16’ has not been declared
/usr/include/SDL/SDL_gfxPrimitives.h:103: error: ‘Uint32’ has not been declared
/usr/include/SDL/SDL_gfxPrimitives.h:104: error: ‘Sint16’ has not been declared
/usr/include/SDL/SDL_gfxPrimitives.h:104: error: ‘Sint16’ has not been declared
/usr/include/SDL/SDL_gfxPrimitives.h:105: error: ‘Sint16’ has not been declared
/usr/include/SDL/SDL_gfxPrimitives.h:105: error: ‘Sint16’ has not been declared
/usr/include/SDL/SDL_gfxPrimitives.h:105: error: ‘Uint8’ has not been declared
/usr/include/SDL/SDL_gfxPrimitives.h:105: error: ‘Uint8’ has not been declared
/usr/include/SDL/SDL_gfxPrimitives.h:105: error: ‘Uint8’ has not been declared
/usr/include/SDL/SDL_gfxPrimitives.h:105: error: ‘Uint8’ has not been declared
/usr/include/SDL/SDL_gfxPrimitives.h:109: error: ‘Sint16’ has not been declared
/usr/include/SDL/SDL_gfxPrimitives.h:109: error: ‘Sint16’ has not been declared
/usr/include/SDL/SDL_gfxPrimitives.h:109: error: ‘Sint16’ has not been declared
/usr/include/SDL/SDL_gfxPrimitives.h:109: error: ‘Sint16’ has not been declared
/usr/include/SDL/SDL_gfxPrimitives.h:109: error: ‘Uint32’ has not been declared
/usr/include/SDL/SDL_gfxPrimitives.h:110: error: ‘Sint16’ has not been declared
/usr/include/SDL/SDL_gfxPrimitives.h:110: error: ‘Sint16’ has not been declared
/usr/include/SDL/SDL_gfxPrimitives.h:111: error: ‘Sint16’ has not been declared
/usr/include/SDL/SDL_gfxPrimitives.h:111: error: ‘Sint16’ has not been declared
/usr/include/SDL/SDL_gfxPrimitives.h:111: error: ‘Uint8’ has not been declared
/usr/include/SDL/SDL_gfxPrimitives.h:111: error: ‘Uint8’ has not been declared
/usr/include/SDL/SDL_gfxPrimitives.h:111: error: ‘Uint8’ has not been declared
/usr/include/SDL/SDL_gfxPrimitives.h:111: error: ‘Uint8’ has not been declared
/usr/include/SDL/SDL_gfxPrimitives.h:115: error: ‘Sint16’ has not been declared
/usr/include/SDL/SDL_gfxPrimitives.h:115: error: ‘Sint16’ has not been declared
/usr/include/SDL/SDL_gfxPrimitives.h:115: error: ‘Sint16’ has not been declared
/usr/include/SDL/SDL_gfxPrimitives.h:115: error: ‘Sint16’ has not been declared
/usr/include/SDL/SDL_gfxPrimitives.h:115: error: ‘Uint32’ has not been declared
/usr/include/SDL/SDL_gfxPrimitives.h:116: error: ‘Sint16’ has not been declared
/usr/include/SDL/SDL_gfxPrimitives.h:116: error: ‘Sint16’ has not been declared
/usr/include/SDL/SDL_gfxPrimitives.h:117: error: ‘Sint16’ has not been declared
/usr/include/SDL/SDL_gfxPrimitives.h:117: error: ‘Sint16’ has not been declared
/usr/include/SDL/SDL_gfxPrimitives.h:117: error: ‘Uint8’ has not been declared
/usr/include/SDL/SDL_gfxPrimitives.h:117: error: ‘Uint8’ has not been declared
/usr/include/SDL/SDL_gfxPrimitives.h:117: error: ‘Uint8’ has not been declared
/usr/include/SDL/SDL_gfxPrimitives.h:117: error: ‘Uint8’ has not been declared
/usr/include/SDL/SDL_gfxPrimitives.h:123: error: ‘Sint16’ has not been declared
/usr/include/SDL/SDL_gfxPrimitives.h:123: error: ‘Sint16’ has not been declared
/usr/include/SDL/SDL_gfxPrimitives.h:123: error: ‘Sint16’ has not been declared
/usr/include/SDL/SDL_gfxPrimitives.h:124: error: ‘Sint16’ has not been declared
/usr/include/SDL/SDL_gfxPrimitives.h:124: error: ‘Sint16’ has not been declared
/usr/include/SDL/SDL_gfxPrimitives.h:124: error: ‘Uint32’ has not been declared
/usr/include/SDL/SDL_gfxPrimitives.h:125: error: ‘Sint16’ has not been declared
/usr/include/SDL/SDL_gfxPrimitives.h:125: error: ‘Sint16’ has not been declared
/usr/include/SDL/SDL_gfxPrimitives.h:125: error: ‘Sint16’ has not been declared
/usr/include/SDL/SDL_gfxPrimitives.h:126: error: ‘Sint16’ has not been declared
/usr/include/SDL/SDL_gfxPrimitives.h:126: error: ‘Sint16’ has not been declared
/usr/include/SDL/SDL_gfxPrimitives.h:126: error: ‘Uint8’ has not been declared
/usr/include/SDL/SDL_gfxPrimitives.h:126: error: ‘Uint8’ has not been declared
/usr/include/SDL/SDL_gfxPrimitives.h:126: error: ‘Uint8’ has not been declared
/usr/include/SDL/SDL_gfxPrimitives.h:126: error: ‘Uint8’ has not been declared
/usr/include/SDL/SDL_gfxPrimitives.h:130: error: ‘Sint16’ has not been declared
/usr/include/SDL/SDL_gfxPrimitives.h:130: error: ‘Sint16’ has not been declared
/usr/include/SDL/SDL_gfxPrimitives.h:130: error: ‘Sint16’ has not been declared
/usr/include/SDL/SDL_gfxPrimitives.h:131: error: ‘Sint16’ has not been declared
/usr/include/SDL/SDL_gfxPrimitives.h:131: error: ‘Sint16’ has not been declared
/usr/include/SDL/SDL_gfxPrimitives.h:131: error: ‘Uint32’ has not been declared
/usr/include/SDL/SDL_gfxPrimitives.h:132: error: ‘Sint16’ has not been declared
/usr/include/SDL/SDL_gfxPrimitives.h:132: error: ‘Sint16’ has not been declared
/usr/include/SDL/SDL_gfxPrimitives.h:132: error: ‘Sint16’ has not been declared
/usr/include/SDL/SDL_gfxPrimitives.h:133: error: ‘Sint16’ has not been declared
/usr/include/SDL/SDL_gfxPrimitives.h:133: error: ‘Sint16’ has not been declared
/usr/include/SDL/SDL_gfxPrimitives.h:133: error: ‘Uint8’ has not been declared
/usr/include/SDL/SDL_gfxPrimitives.h:133: error: ‘Uint8’ has not been declared
/usr/include/SDL/SDL_gfxPrimitives.h:133: error: ‘Uint8’ has not been declared
/usr/include/SDL/SDL_gfxPrimitives.h:133: error: ‘Uint8’ has not been declared
/usr/include/SDL/SDL_gfxPrimitives.h:137: error: ‘Sint16’ has not been declared
/usr/include/SDL/SDL_gfxPrimitives.h:137: error: ‘Sint16’ has not been declared
/usr/include/SDL/SDL_gfxPrimitives.h:137: error: ‘Sint16’ has not been declared
/usr/include/SDL/SDL_gfxPrimitives.h:137: error: ‘Sint16’ has not been declared
/usr/include/SDL/SDL_gfxPrimitives.h:137: error: ‘Sint16’ has not been declared
/usr/include/SDL/SDL_gfxPrimitives.h:137: error: ‘Sint16’ has not been declared
/usr/include/SDL/SDL_gfxPrimitives.h:137: error: ‘Uint32’ has not been declared
/usr/include/SDL/SDL_gfxPrimitives.h:138: error: ‘Sint16’ has not been declared
/usr/include/SDL/SDL_gfxPrimitives.h:138: error: ‘Sint16’ has not been declared
/usr/include/SDL/SDL_gfxPrimitives.h:138: error: ‘Sint16’ has not been declared
/usr/include/SDL/SDL_gfxPrimitives.h:138: error: ‘Sint16’ has not been declared
/usr/include/SDL/SDL_gfxPrimitives.h:138: error: ‘Sint16’ has not been declared
/usr/include/SDL/SDL_gfxPrimitives.h:138: error: ‘Sint16’ has not been declared
/usr/include/SDL/SDL_gfxPrimitives.h:139: error: ‘Uint8’ has not been declared
/usr/include/SDL/SDL_gfxPrimitives.h:139: error: ‘Uint8’ has not been declared
/usr/include/SDL/SDL_gfxPrimitives.h:139: error: ‘Uint8’ has not been declared
/usr/include/SDL/SDL_gfxPrimitives.h:139: error: ‘Uint8’ has not been declared
/usr/include/SDL/SDL_gfxPrimitives.h:143: error: ‘Sint16’ has not been declared
/usr/include/SDL/SDL_gfxPrimitives.h:143: error: ‘Sint16’ has not been declared
/usr/include/SDL/SDL_gfxPrimitives.h:143: error: ‘Sint16’ has not been declared
/usr/include/SDL/SDL_gfxPrimitives.h:143: error: ‘Sint16’ has not been declared
/usr/include/SDL/SDL_gfxPrimitives.h:143: error: ‘Sint16’ has not been declared
/usr/include/SDL/SDL_gfxPrimitives.h:143: error: ‘Sint16’ has not been declared
/usr/include/SDL/SDL_gfxPrimitives.h:143: error: ‘Uint32’ has not been declared
/usr/include/SDL/SDL_gfxPrimitives.h:144: error: ‘Sint16’ has not been declared
/usr/include/SDL/SDL_gfxPrimitives.h:144: error: ‘Sint16’ has not been declared
/usr/include/SDL/SDL_gfxPrimitives.h:144: error: ‘Sint16’ has not been declared
/usr/include/SDL/SDL_gfxPrimitives.h:144: error: ‘Sint16’ has not been declared
/usr/include/SDL/SDL_gfxPrimitives.h:144: error: ‘Sint16’ has not been declared
/usr/include/SDL/SDL_gfxPrimitives.h:144: error: ‘Sint16’ has not been declared
/usr/include/SDL/SDL_gfxPrimitives.h:145: error: ‘Uint8’ has not been declared
/usr/include/SDL/SDL_gfxPrimitives.h:145: error: ‘Uint8’ has not been declared
/usr/include/SDL/SDL_gfxPrimitives.h:145: error: ‘Uint8’ has not been declared
/usr/include/SDL/SDL_gfxPrimitives.h:145: error: ‘Uint8’ has not been declared
/usr/include/SDL/SDL_gfxPrimitives.h:149: error: ‘Sint16’ has not been declared
/usr/include/SDL/SDL_gfxPrimitives.h:149: error: ‘Sint16’ has not been declared
/usr/include/SDL/SDL_gfxPrimitives.h:149: error: ‘Sint16’ has not been declared
/usr/include/SDL/SDL_gfxPrimitives.h:149: error: ‘Sint16’ has not been declared
/usr/include/SDL/SDL_gfxPrimitives.h:149: error: ‘Sint16’ has not been declared
/usr/include/SDL/SDL_gfxPrimitives.h:149: error: ‘Sint16’ has not been declared
/usr/include/SDL/SDL_gfxPrimitives.h:149: error: ‘Uint32’ has not been declared
/usr/include/SDL/SDL_gfxPrimitives.h:150: error: ‘Sint16’ has not been declared
/usr/include/SDL/SDL_gfxPrimitives.h:150: error: ‘Sint16’ has not been declared
/usr/include/SDL/SDL_gfxPrimitives.h:150: error: ‘Sint16’ has not been declared
/usr/include/SDL/SDL_gfxPrimitives.h:150: error: ‘Sint16’ has not been declared
/usr/include/SDL/SDL_gfxPrimitives.h:150: error: ‘Sint16’ has not been declared
/usr/include/SDL/SDL_gfxPrimitives.h:150: error: ‘Sint16’ has not been declared
/usr/include/SDL/SDL_gfxPrimitives.h:151: error: ‘Uint8’ has not been declared
/usr/include/SDL/SDL_gfxPrimitives.h:151: error: ‘Uint8’ has not been declared
/usr/include/SDL/SDL_gfxPrimitives.h:151: error: ‘Uint8’ has not been declared
/usr/include/SDL/SDL_gfxPrimitives.h:151: error: ‘Uint8’ has not been declared
/usr/include/SDL/SDL_gfxPrimitives.h:155: error: expected ‘,’ or ‘...’ before ‘*’ token
/usr/include/SDL/SDL_gfxPrimitives.h:156: error: expected ‘,’ or ‘...’ before ‘*’ token
/usr/include/SDL/SDL_gfxPrimitives.h:161: error: expected ‘,’ or ‘...’ before ‘*’ token
/usr/include/SDL/SDL_gfxPrimitives.h:162: error: expected ‘,’ or ‘...’ before ‘*’ token
/usr/include/SDL/SDL_gfxPrimitives.h:167: error: expected ‘,’ or ‘...’ before ‘*’ token
/usr/include/SDL/SDL_gfxPrimitives.h:168: error: expected ‘,’ or ‘...’ before ‘*’ token
/usr/include/SDL/SDL_gfxPrimitives.h:174: error: expected ‘,’ or ‘...’ before ‘*’ token
/usr/include/SDL/SDL_gfxPrimitives.h:175: error: expected ‘,’ or ‘...’ before ‘*’ token
/usr/include/SDL/SDL_gfxPrimitives.h:181: error: ‘Sint16’ has not been declared
/usr/include/SDL/SDL_gfxPrimitives.h:181: error: ‘Sint16’ has not been declared
/usr/include/SDL/SDL_gfxPrimitives.h:181: error: ‘Uint32’ has not been declared
/usr/include/SDL/SDL_gfxPrimitives.h:182: error: ‘Sint16’ has not been declared
/usr/include/SDL/SDL_gfxPrimitives.h:182: error: ‘Sint16’ has not been declared
/usr/include/SDL/SDL_gfxPrimitives.h:182: error: ‘Uint8’ has not been declared
/usr/include/SDL/SDL_gfxPrimitives.h:182: error: ‘Uint8’ has not been declared
/usr/include/SDL/SDL_gfxPrimitives.h:182: error: ‘Uint8’ has not been declared
/usr/include/SDL/SDL_gfxPrimitives.h:182: error: ‘Uint8’ has not been declared
/usr/include/SDL/SDL_gfxPrimitives.h:183: error: ‘Sint16’ has not been declared
/usr/include/SDL/SDL_gfxPrimitives.h:183: error: ‘Sint16’ has not been declared
/usr/include/SDL/SDL_gfxPrimitives.h:183: error: ‘Uint32’ has not been declared
/usr/include/SDL/SDL_gfxPrimitives.h:184: error: ‘Sint16’ has not been declared
/usr/include/SDL/SDL_gfxPrimitives.h:184: error: ‘Sint16’ has not been declared
/usr/include/SDL/SDL_gfxPrimitives.h:184: error: ‘Uint8’ has not been declared
/usr/include/SDL/SDL_gfxPrimitives.h:184: error: ‘Uint8’ has not been declared
/usr/include/SDL/SDL_gfxPrimitives.h:184: error: ‘Uint8’ has not been declared
/usr/include/SDL/SDL_gfxPrimitives.h:184: error: ‘Uint8’ has not been declared
In file included from /usr/include/c++/4.2/cstring:51,
                 from /usr/include/c++/4.2/i486-linux-gnu/bits/c++locale.h:47,
                 from /usr/include/c++/4.2/iosfwd:45,
                 from /usr/include/c++/4.2/ios:43,
                 from /usr/include/c++/4.2/ostream:45,
                 from /usr/include/c++/4.2/iostream:45,
                 from ./src/graphics.cpp:8:
/usr/include/c++/4.2/cstddef:55: error: ‘::ptrdiff_t’ has not been declared
/usr/include/c++/4.2/cstddef:56: error: ‘::size_t’ has not been declared
In file included from /usr/include/c++/4.2/i486-linux-gnu/bits/c++locale.h:47,
                 from /usr/include/c++/4.2/iosfwd:45,
                 from /usr/include/c++/4.2/ios:43,
                 from /usr/include/c++/4.2/ostream:45,
                 from /usr/include/c++/4.2/iostream:45,
                 from ./src/graphics.cpp:8:
/usr/include/c++/4.2/cstring:90: error: ‘::strxfrm’ has not been declared
/usr/include/c++/4.2/cstring:91: error: ‘::strcspn’ has not been declared
/usr/include/c++/4.2/cstring:92: error: ‘::strspn’ has not been declared
/usr/include/c++/4.2/cstring:96: error: ‘::strlen’ has not been declared
/usr/include/c++/4.2/cstring:101: error: ‘size_t’ has not been declared
In file included from /usr/include/c++/4.2/i486-linux-gnu/bits/c++locale.h:48,
                 from /usr/include/c++/4.2/iosfwd:45,
                 from /usr/include/c++/4.2/ios:43,
                 from /usr/include/c++/4.2/ostream:45,
                 from /usr/include/c++/4.2/iostream:45,
                 from ./src/graphics.cpp:8:
/usr/include/c++/4.2/cstdio:115: error: ‘::fread’ has not been declared
/usr/include/c++/4.2/cstdio:121: error: ‘::fwrite’ has not been declared
In file included from /usr/include/sched.h:35,
                 from /usr/include/pthread.h:25,
                 from /usr/include/c++/4.2/i486-linux-gnu/bits/gthr-default.h:43,
                 from /usr/include/c++/4.2/i486-linux-gnu/bits/gthr.h:114,
                 from /usr/include/c++/4.2/i486-linux-gnu/bits/c++io.h:43,
                 from /usr/include/c++/4.2/iosfwd:46,
                 from /usr/include/c++/4.2/ios:43,
                 from /usr/include/c++/4.2/ostream:45,
                 from /usr/include/c++/4.2/iostream:45,
                 from ./src/graphics.cpp:8:
/usr/include/bits/sched.h:188: error: ‘size_t’ was not declared in this scope
/usr/include/bits/sched.h:188: error: expected primary-expression before ‘const’
/usr/include/bits/sched.h:188: error: initializer expression list treated as compound expression
/usr/include/bits/sched.h:189: error: expected ‘,’ or ‘;’ before ‘throw’
/usr/include/bits/sched.h:190: error: ‘size_t’ was not declared in this scope
/usr/include/bits/sched.h:190: error: expected ‘,’ or ‘;’ before ‘throw’
In file included from /usr/include/pthread.h:25,
                 from /usr/include/c++/4.2/i486-linux-gnu/bits/gthr-default.h:43,
                 from /usr/include/c++/4.2/i486-linux-gnu/bits/gthr.h:114,
                 from /usr/include/c++/4.2/i486-linux-gnu/bits/c++io.h:43,
                 from /usr/include/c++/4.2/iosfwd:46,
                 from /usr/include/c++/4.2/ios:43,
                 from /usr/include/c++/4.2/ostream:45,
                 from /usr/include/c++/4.2/iostream:45,
                 from ./src/graphics.cpp:8:
/usr/include/sched.h:110: error: ‘size_t’ has not been declared
/usr/include/sched.h:114: error: ‘size_t’ has not been declared
In file included from /usr/include/pthread.h:26,
                 from /usr/include/c++/4.2/i486-linux-gnu/bits/gthr-default.h:43,
                 from /usr/include/c++/4.2/i486-linux-gnu/bits/gthr.h:114,
                 from /usr/include/c++/4.2/i486-linux-gnu/bits/c++io.h:43,
                 from /usr/include/c++/4.2/iosfwd:46,
                 from /usr/include/c++/4.2/ios:43,
                 from /usr/include/c++/4.2/ostream:45,
                 from /usr/include/c++/4.2/iostream:45,
                 from ./src/graphics.cpp:8:
/usr/include/time.h:200: error: ‘size_t’ does not name a type
/usr/include/time.h:218: error: ‘size_t’ does not name a type
In file included from /usr/include/c++/4.2/i486-linux-gnu/bits/gthr-default.h:43,
                 from /usr/include/c++/4.2/i486-linux-gnu/bits/gthr.h:114,
                 from /usr/include/c++/4.2/i486-linux-gnu/bits/c++io.h:43,
                 from /usr/include/c++/4.2/iosfwd:46,
                 from /usr/include/c++/4.2/ios:43,
                 from /usr/include/c++/4.2/ostream:45,
                 from /usr/include/c++/4.2/iostream:45,
                 from ./src/graphics.cpp:8:
/usr/include/pthread.h:297: error: ‘size_t’ has not been declared
/usr/include/pthread.h:302: error: ‘size_t’ has not been declared
/usr/include/pthread.h:361: error: ‘size_t’ has not been declared
/usr/include/pthread.h:368: error: ‘size_t’ has not been declared
/usr/include/pthread.h:375: error: ‘size_t’ has not been declared
/usr/include/pthread.h:382: error: ‘size_t’ has not been declared
/usr/include/pthread.h:389: error: ‘size_t’ has not been declared
/usr/include/pthread.h:396: error: ‘size_t’ has not been declared
/usr/include/pthread.h:446: error: ‘size_t’ has not been declared
/usr/include/pthread.h:451: error: ‘size_t’ has not been declared
In file included from /usr/include/c++/4.2/i486-linux-gnu/bits/gthr-default.h:44,
                 from /usr/include/c++/4.2/i486-linux-gnu/bits/gthr.h:114,
                 from /usr/include/c++/4.2/i486-linux-gnu/bits/c++io.h:43,
                 from /usr/include/c++/4.2/iosfwd:46,
                 from /usr/include/c++/4.2/ios:43,
                 from /usr/include/c++/4.2/ostream:45,
                 from /usr/include/c++/4.2/iostream:45,
                 from ./src/graphics.cpp:8:
/usr/include/unistd.h:327: error: ‘size_t’ has not been declared
/usr/include/unistd.h:333: error: ‘size_t’ has not been declared
/usr/include/unistd.h:343: error: ‘size_t’ has not been declared
/usr/include/unistd.h:351: error: ‘size_t’ has not been declared
/usr/include/unistd.h:371: error: ‘size_t’ has not been declared
/usr/include/unistd.h:375: error: ‘size_t’ has not been declared
/usr/include/unistd.h:471: error: ‘size_t’ has not been declared
In file included from /usr/include/c++/4.2/i486-linux-gnu/bits/gthr-default.h:44,
                 from /usr/include/c++/4.2/i486-linux-gnu/bits/gthr.h:114,
                 from /usr/include/c++/4.2/i486-linux-gnu/bits/c++io.h:43,
                 from /usr/include/c++/4.2/iosfwd:46,
                 from /usr/include/c++/4.2/ios:43,
                 from /usr/include/c++/4.2/ostream:45,
                 from /usr/include/c++/4.2/iostream:45,
                 from ./src/graphics.cpp:8:
/usr/include/unistd.h:568: error: ‘size_t’ does not name a type
/usr/include/unistd.h:740: error: ‘size_t’ has not been declared
/usr/include/unistd.h:776: error: ‘size_t’ has not been declared
/usr/include/unistd.h:787: error: ‘size_t’ has not been declared
/usr/include/unistd.h:823: error: ‘size_t’ has not been declared
In file included from /usr/include/c++/4.2/i486-linux-gnu/bits/gthr-default.h:44,
                 from /usr/include/c++/4.2/i486-linux-gnu/bits/gthr.h:114,
                 from /usr/include/c++/4.2/i486-linux-gnu/bits/c++io.h:43,
                 from /usr/include/c++/4.2/iosfwd:46,
                 from /usr/include/c++/4.2/ios:43,
                 from /usr/include/c++/4.2/ostream:45,
                 from /usr/include/c++/4.2/iostream:45,
                 from ./src/graphics.cpp:8:
/usr/include/unistd.h:845: error: ‘size_t’ has not been declared
/usr/include/unistd.h:852: error: ‘size_t’ has not been declared
/usr/include/unistd.h:863: error: ‘size_t’ has not been declared
/usr/include/unistd.h:865: error: ‘size_t’ has not been declared
/usr/include/unistd.h:883: error: ‘size_t’ has not been declared
/usr/include/unistd.h:884: error: ‘size_t’ has not been declared
/usr/include/unistd.h:996: error: ‘intptr_t’ was not declared in this scope
/usr/include/unistd.h:996: error: expected ‘,’ or ‘;’ before ‘throw’
In file included from /usr/include/c++/4.2/cwchar:52,
                 from /usr/include/c++/4.2/bits/postypes.h:46,
                 from /usr/include/c++/4.2/iosfwd:49,
                 from /usr/include/c++/4.2/ios:43,
                 from /usr/include/c++/4.2/ostream:45,
                 from /usr/include/c++/4.2/iostream:45,
                 from ./src/graphics.cpp:8:
/usr/include/c++/4.2/ctime:78: error: ‘::strftime’ has not been declared
In file included from /usr/include/c++/4.2/cwchar:55,
                 from /usr/include/c++/4.2/bits/postypes.h:46,
                 from /usr/include/c++/4.2/iosfwd:49,
                 from /usr/include/c++/4.2/ios:43,
                 from /usr/include/c++/4.2/ostream:45,
                 from /usr/include/c++/4.2/iostream:45,
                 from ./src/graphics.cpp:8:
/usr/include/wchar.h:143: error: ‘size_t’ has not been declared
/usr/include/wchar.h:151: error: ‘size_t’ has not been declared
/usr/include/wchar.h:158: error: ‘size_t’ has not been declared
/usr/include/wchar.h:168: error: ‘size_t’ has not been declared
/usr/include/wchar.h:178: error: ‘size_t’ has not been declared
/usr/include/wchar.h:188: error: ‘size_t’ does not name a type
/usr/include/wchar.h:204: error: ‘size_t’ does not name a type
/usr/include/wchar.h:230: error: ‘size_t’ does not name a type
/usr/include/wchar.h:234: error: ‘size_t’ does not name a type
/usr/include/wchar.h:249: error: ‘size_t’ does not name a type
/usr/include/wchar.h:260: error: ‘size_t’ does not name a type
/usr/include/wchar.h:267: error: ‘size_t’ has not been declared
/usr/include/wchar.h:272: error: ‘size_t’ has not been declared
/usr/include/wchar.h:277: error: ‘size_t’ has not been declared
/usr/include/wchar.h:281: error: ‘size_t’ has not been declared
/usr/include/wchar.h:285: error: ‘size_t’ has not been declared
/usr/include/wchar.h:292: error: ‘size_t’ has not been declared
/usr/include/wchar.h:312: error: ‘size_t’ does not name a type
/usr/include/wchar.h:317: error: ‘size_t’ does not name a type
/usr/include/wchar.h:321: error: ‘size_t’ does not name a type
/usr/include/wchar.h:323: error: ‘size_t’ does not name a type
/usr/include/wchar.h:355: error: ‘size_t’ does not name a type
/usr/include/wchar.h:361: error: ‘size_t’ does not name a type
/usr/include/wchar.h:370: error: ‘size_t’ does not name a type
/usr/include/wchar.h:376: error: ‘size_t’ does not name a type
/usr/include/wchar.h:390: error: ‘size_t’ has not been declared
/usr/include/wchar.h:517: error: ‘size_t’ has not been declared
/usr/include/wchar.h:527: error: ‘size_t’ has not been declared
/usr/include/wchar.h:551: error: ‘size_t’ has not been declared
/usr/include/wchar.h:572: error: ‘size_t’ has not been declared
/usr/include/wchar.h:802: error: ‘size_t’ does not name a type
/usr/include/wchar.h:812: error: ‘size_t’ does not name a type
In file included from /usr/include/c++/4.2/bits/postypes.h:46,
                 from /usr/include/c++/4.2/iosfwd:49,
                 from /usr/include/c++/4.2/ios:43,
                 from /usr/include/c++/4.2/ostream:45,
                 from /usr/include/c++/4.2/iostream:45,
                 from ./src/graphics.cpp:8:
/usr/include/c++/4.2/cwchar:158: error: ‘::mbrlen’ has not been declared
/usr/include/c++/4.2/cwchar:159: error: ‘::mbrtowc’ has not been declared
/usr/include/c++/4.2/cwchar:161: error: ‘::mbsrtowcs’ has not been declared
/usr/include/c++/4.2/cwchar:179: error: ‘::wcrtomb’ has not been declared
/usr/include/c++/4.2/cwchar:184: error: ‘::wcscspn’ has not been declared
/usr/include/c++/4.2/cwchar:185: error: ‘::wcsftime’ has not been declared
/usr/include/c++/4.2/cwchar:186: error: ‘::wcslen’ has not been declared
/usr/include/c++/4.2/cwchar:190: error: ‘::wcsrtombs’ has not been declared
/usr/include/c++/4.2/cwchar:191: error: ‘::wcsspn’ has not been declared
/usr/include/c++/4.2/cwchar:199: error: ‘::wcsxfrm’ has not been declared
/usr/include/c++/4.2/cwchar:235: error: ‘size_t’ has not been declared
In file included from /usr/include/c++/4.2/iosfwd:49,
                 from /usr/include/c++/4.2/ios:43,
                 from /usr/include/c++/4.2/ostream:45,
                 from /usr/include/c++/4.2/iostream:45,
                 from ./src/graphics.cpp:8:
/usr/include/c++/4.2/bits/postypes.h:72: error: ‘int64_t’ does not name a type
/usr/include/c++/4.2/bits/postypes.h:78: error: ‘ptrdiff_t’ does not name a type
/usr/include/c++/4.2/bits/postypes.h:98: error: ‘streamoff’ does not name a type
/usr/include/c++/4.2/bits/postypes.h:116: error: expected `)' before ‘__off’
/usr/include/c++/4.2/bits/postypes.h:120: error: expected type-specifier before ‘streamoff’
/usr/include/c++/4.2/bits/postypes.h:137: error: declaration of ‘operator+=’ as non-function
/usr/include/c++/4.2/bits/postypes.h:137: error: expected ‘;’ before ‘(’ token
/usr/include/c++/4.2/bits/postypes.h:147: error: expected `;' before ‘fpos’
/usr/include/c++/4.2/bits/postypes.h:148: error: declaration of ‘operator-=’ as non-function
/usr/include/c++/4.2/bits/postypes.h:148: error: expected ‘;’ before ‘(’ token
/usr/include/c++/4.2/bits/postypes.h:160: error: expected `;' before ‘fpos’
/usr/include/c++/4.2/bits/postypes.h:161: error: ‘streamoff’ has not been declared
/usr/include/c++/4.2/bits/postypes.h:175: error: ‘streamoff’ has not been declared
/usr/include/c++/4.2/bits/postypes.h:188: error: expected ‘;’ before ‘operator’
/usr/include/c++/4.2/bits/postypes.h:190: error: expected `;' before ‘}’ token
/usr/include/c++/4.2/bits/postypes.h: In constructor ‘std::fpos<_StateT>::fpos()’:
/usr/include/c++/4.2/bits/postypes.h:107: error: class ‘std::fpos<_StateT>’ does not have any field named ‘_M_off’
In file included from /usr/include/c++/4.2/bits/stl_algobase.h:68,
                 from /usr/include/c++/4.2/bits/char_traits.h:46,
                 from /usr/include/c++/4.2/ios:45,
                 from /usr/include/c++/4.2/ostream:45,
                 from /usr/include/c++/4.2/iostream:45,
                 from ./src/graphics.cpp:8:
/usr/include/c++/4.2/cstdlib: At global scope:
/usr/include/c++/4.2/cstdlib:126: error: ‘::mbstowcs’ has not been declared
/usr/include/c++/4.2/cstdlib:138: error: ‘::wcstombs’ has not been declared
In file included from /usr/include/c++/4.2/bits/stl_algobase.h:74,
                 from /usr/include/c++/4.2/bits/char_traits.h:46,
                 from /usr/include/c++/4.2/ios:45,
                 from /usr/include/c++/4.2/ostream:45,
                 from /usr/include/c++/4.2/iostream:45,
                 from ./src/graphics.cpp:8:
/usr/include/c++/4.2/bits/stl_iterator_base_types.h:104: error: expected type-specifier before ‘ptrdiff_t’
/usr/include/c++/4.2/bits/stl_iterator_base_types.h:104: error: expected ‘>’ before ‘ptrdiff_t’
/usr/include/c++/4.2/bits/stl_iterator_base_types.h:115: error: ‘_Pointer’ does not name a type
/usr/include/c++/4.2/bits/stl_iterator_base_types.h:117: error: ‘_Reference’ does not name a type
/usr/include/c++/4.2/bits/stl_iterator_base_types.h:141: error: ‘ptrdiff_t’ does not name a type
/usr/include/c++/4.2/bits/stl_iterator_base_types.h:151: error: ‘ptrdiff_t’ does not name a type
In file included from /usr/include/c++/4.2/bits/stl_algobase.h:76,
                 from /usr/include/c++/4.2/bits/char_traits.h:46,
                 from /usr/include/c++/4.2/ios:45,
                 from /usr/include/c++/4.2/ostream:45,
                 from /usr/include/c++/4.2/iostream:45,
                 from ./src/graphics.cpp:8:
/usr/include/c++/4.2/bits/stl_iterator.h:99: error: wrong number of template arguments (5, should be 3)
/usr/include/c++/4.2/bits/stl_iterator_base_types.h:106: error: provided for ‘template<class _Category, class _Tp, class _Distance> struct std::iterator’
/usr/include/c++/4.2/bits/stl_iterator.h:386: error: wrong number of template arguments (5, should be 3)
/usr/include/c++/4.2/bits/stl_iterator_base_types.h:106: error: provided for ‘template<class _Category, class _Tp, class _Distance> struct std::iterator’
/usr/include/c++/4.2/bits/stl_iterator.h:461: error: wrong number of template arguments (5, should be 3)
/usr/include/c++/4.2/bits/stl_iterator_base_types.h:106: error: provided for ‘template<class _Category, class _Tp, class _Distance> struct std::iterator’
/usr/include/c++/4.2/bits/stl_iterator.h:539: error: wrong number of template arguments (5, should be 3)
/usr/include/c++/4.2/bits/stl_iterator_base_types.h:106: error: provided for ‘template<class _Category, class _Tp, class _Distance> struct std::iterator’
In file included from /usr/include/c++/4.2/bits/char_traits.h:46,
                 from /usr/include/c++/4.2/ios:45,
                 from /usr/include/c++/4.2/ostream:45,
                 from /usr/include/c++/4.2/iostream:45,
                 from ./src/graphics.cpp:8:
/usr/include/c++/4.2/bits/stl_algobase.h: In static member function ‘static _Tp* std::__copy_backward<true, std::random_access_iterator_tag>::__copy_b(const _Tp*, const _Tp*, _Tp*)’:
/usr/include/c++/4.2/bits/stl_algobase.h:445: error: ‘ptrdiff_t’ does not name a type
/usr/include/c++/4.2/bits/stl_algobase.h:446: error: ‘_Num’ was not declared in this scope
/usr/include/c++/4.2/bits/stl_algobase.h: In function ‘bool std::lexicographical_compare(const unsigned char*, const unsigned char*, const unsigned char*, const unsigned char*)’:
/usr/include/c++/4.2/bits/stl_algobase.h:906: error: ‘size_t’ does not name a type
/usr/include/c++/4.2/bits/stl_algobase.h:907: error: ‘size_t’ does not name a type
/usr/include/c++/4.2/bits/stl_algobase.h:909: error: ‘__len1’ was not declared in this scope
/usr/include/c++/4.2/bits/stl_algobase.h:909: error: ‘__len2’ was not declared in this scope
In file included from /usr/include/c++/4.2/ios:45,
                 from /usr/include/c++/4.2/ostream:45,
                 from /usr/include/c++/4.2/iostream:45,
                 from ./src/graphics.cpp:8:
/usr/include/c++/4.2/bits/char_traits.h: At global scope:
/usr/include/c++/4.2/bits/char_traits.h:66: error: ‘streamoff’ in namespace ‘std’ does not name a type
/usr/include/c++/4.2/bits/char_traits.h:108: error: ‘std::size_t’ has not been declared
/usr/include/c++/4.2/bits/char_traits.h:110: error: ‘size_t’ in namespace ‘std’ does not name a type
/usr/include/c++/4.2/bits/char_traits.h:114: error: ‘std::size_t’ has not been declared
/usr/include/c++/4.2/bits/char_traits.h:117: error: ‘std::size_t’ has not been declared
/usr/include/c++/4.2/bits/char_traits.h:120: error: ‘std::size_t’ has not been declared
/usr/include/c++/4.2/bits/char_traits.h:123: error: ‘std::size_t’ has not been declared
/usr/include/c++/4.2/bits/char_traits.h:149: error: ‘std::size_t’ has not been declared
/usr/include/c++/4.2/bits/char_traits.h: In static member function ‘static int __gnu_cxx::char_traits<_CharT>::compare(const _CharT*, const _CharT*, int)’:
/usr/include/c++/4.2/bits/char_traits.h:151: error: ‘size_t’ is not a member of ‘std’
/usr/include/c++/4.2/bits/char_traits.h:151: error: expected `;' before ‘__i’
/usr/include/c++/4.2/bits/char_traits.h:151: error: ‘__i’ was not declared in this scope
/usr/include/c++/4.2/bits/char_traits.h: At global scope:
/usr/include/c++/4.2/bits/char_traits.h:161: error: expected constructor, destructor, or type conversion before ‘char_traits’
/usr/include/c++/4.2/bits/char_traits.h:173: error: ‘std::size_t’ has not been declared
/usr/include/c++/4.2/bits/char_traits.h: In static member function ‘static const typename __gnu_cxx::char_traits<_CharT>::char_type* __gnu_cxx::char_traits<_CharT>::find(const _CharT*, int, const _CharT&)’:
/usr/include/c++/4.2/bits/char_traits.h:175: error: ‘size_t’ is not a member of ‘std’
/usr/include/c++/4.2/bits/char_traits.h:175: error: expected `;' before ‘__i’
/usr/include/c++/4.2/bits/char_traits.h:175: error: ‘__i’ was not declared in this scope
/usr/include/c++/4.2/bits/char_traits.h: At global scope:
/usr/include/c++/4.2/bits/char_traits.h:184: error: ‘std::size_t’ has not been declared
/usr/include/c++/4.2/bits/char_traits.h:193: error: ‘std::size_t’ has not been declared
/usr/include/c++/4.2/bits/char_traits.h:202: error: ‘std::size_t’ has not been declared
/usr/include/c++/4.2/bits/char_traits.h:237: error: ‘streamoff’ does not name a type
/usr/include/c++/4.2/bits/char_traits.h:253: error: ‘size_t’ has not been declared
/usr/include/c++/4.2/bits/char_traits.h:256: error: ‘size_t’ does not name a type
/usr/include/c++/4.2/bits/char_traits.h:261: error: ‘size_t’ has not been declared
/usr/include/c++/4.2/bits/char_traits.h:265: error: ‘size_t’ has not been declared
/usr/include/c++/4.2/bits/char_traits.h:269: error: ‘size_t’ has not been declared
/usr/include/c++/4.2/bits/char_traits.h:273: error: ‘size_t’ has not been declared
/usr/include/c++/4.2/bits/char_traits.h:306: error: ‘streamoff’ does not name a type
/usr/include/c++/4.2/bits/char_traits.h:323: error: ‘size_t’ has not been declared
/usr/include/c++/4.2/bits/char_traits.h:326: error: ‘size_t’ does not name a type
/usr/include/c++/4.2/bits/char_traits.h:331: error: ‘size_t’ has not been declared
/usr/include/c++/4.2/bits/char_traits.h:335: error: ‘size_t’ has not been declared
/usr/include/c++/4.2/bits/char_traits.h:339: error: ‘size_t’ has not been declared
/usr/include/c++/4.2/bits/char_traits.h:343: error: ‘size_t’ has not been declared
In file included from /usr/include/c++/4.2/ext/new_allocator.h:37,
                 from /usr/include/c++/4.2/i486-linux-gnu/bits/c++allocator.h:39,
                 from /usr/include/c++/4.2/bits/allocator.h:53,
                 from /usr/include/c++/4.2/memory:54,
                 from /usr/include/c++/4.2/string:48,
                 from /usr/include/c++/4.2/bits/locale_classes.h:47,
                 from /usr/include/c++/4.2/bits/ios_base.h:47,
                 from /usr/include/c++/4.2/ios:48,
                 from /usr/include/c++/4.2/ostream:45,
                 from /usr/include/c++/4.2/iostream:45,
                 from ./src/graphics.cpp:8:
/usr/include/c++/4.2/new:95: error: declaration of ‘operator new’ as non-function
/usr/include/c++/4.2/new:95: error: ‘size_t’ is not a member of ‘std’
/usr/include/c++/4.2/new:96: error: declaration of ‘operator new []’ as non-function
/usr/include/c++/4.2/new:96: error: ‘size_t’ is not a member of ‘std’
/usr/include/c++/4.2/new:99: error: declaration of ‘operator new’ as non-function
/usr/include/c++/4.2/new:99: error: ‘size_t’ is not a member of ‘std’
/usr/include/c++/4.2/new:99: error: expected primary-expression before ‘const’
/usr/include/c++/4.2/new:100: error: declaration of ‘operator new []’ as non-function
/usr/include/c++/4.2/new:100: error: ‘size_t’ is not a member of ‘std’
/usr/include/c++/4.2/new:100: error: expected primary-expression before ‘const’
/usr/include/c++/4.2/new:105: error: declaration of ‘operator new’ as non-function
/usr/include/c++/4.2/new:105: error: ‘size_t’ is not a member of ‘std’
/usr/include/c++/4.2/new:105: error: expected primary-expression before ‘void’
/usr/include/c++/4.2/new:106: error: declaration of ‘operator new []’ as non-function
/usr/include/c++/4.2/new:106: error: ‘size_t’ is not a member of ‘std’
/usr/include/c++/4.2/new:106: error: expected primary-expression before ‘void’
In file included from /usr/include/c++/4.2/i486-linux-gnu/bits/c++allocator.h:39,
                 from /usr/include/c++/4.2/bits/allocator.h:53,
                 from /usr/include/c++/4.2/memory:54,
                 from /usr/include/c++/4.2/string:48,
                 from /usr/include/c++/4.2/bits/locale_classes.h:47,
                 from /usr/include/c++/4.2/bits/ios_base.h:47,
                 from /usr/include/c++/4.2/ios:48,
                 from /usr/include/c++/4.2/ostream:45,
                 from /usr/include/c++/4.2/iostream:45,
                 from ./src/graphics.cpp:8:
/usr/include/c++/4.2/ext/new_allocator.h:42: error: ‘std::size_t’ has not been declared
/usr/include/c++/4.2/ext/new_allocator.h:43: error: ‘std::ptrdiff_t’ has not been declared
/usr/include/c++/4.2/ext/new_allocator.h:56: error: ‘size_t’ does not name a type
/usr/include/c++/4.2/ext/new_allocator.h:57: error: ‘ptrdiff_t’ does not name a type
/usr/include/c++/4.2/ext/new_allocator.h:86: error: ‘size_type’ has not been declared
/usr/include/c++/4.2/ext/new_allocator.h:96: error: ‘size_type’ has not been declared
/usr/include/c++/4.2/ext/new_allocator.h:99: error: ‘size_type’ does not name a type
In file included from /usr/include/c++/4.2/memory:54,
                 from /usr/include/c++/4.2/string:48,
                 from /usr/include/c++/4.2/bits/locale_classes.h:47,
                 from /usr/include/c++/4.2/bits/ios_base.h:47,
                 from /usr/include/c++/4.2/ios:48,
                 from /usr/include/c++/4.2/ostream:45,
                 from /usr/include/c++/4.2/iostream:45,
                 from ./src/graphics.cpp:8:
/usr/include/c++/4.2/bits/allocator.h:67: error: ‘size_t’ does not name a type
/usr/include/c++/4.2/bits/allocator.h:68: error: ‘ptrdiff_t’ does not name a type
/usr/include/c++/4.2/bits/allocator.h:88: error: ‘size_t’ does not name a type
/usr/include/c++/4.2/bits/allocator.h:89: error: ‘ptrdiff_t’ does not name a type
In file included from /usr/include/c++/4.2/memory:58,
                 from /usr/include/c++/4.2/string:48,
                 from /usr/include/c++/4.2/bits/locale_classes.h:47,
                 from /usr/include/c++/4.2/bits/ios_base.h:47,
                 from /usr/include/c++/4.2/ios:48,
                 from /usr/include/c++/4.2/ostream:45,
                 from /usr/include/c++/4.2/iostream:45,
                 from ./src/graphics.cpp:8:
/usr/include/c++/4.2/bits/stl_raw_storage_iter.h:72: error: wrong number of template arguments (5, should be 3)
/usr/include/c++/4.2/bits/stl_iterator_base_types.h:106: error: provided for ‘template<class _Category, class _Tp, class _Distance> struct std::iterator’
In file included from /usr/include/c++/4.2/string:48,
                 from /usr/include/c++/4.2/bits/locale_classes.h:47,
                 from /usr/include/c++/4.2/bits/ios_base.h:47,
                 from /usr/include/c++/4.2/ios:48,
                 from /usr/include/c++/4.2/ostream:45,
                 from /usr/include/c++/4.2/iostream:45,
                 from ./src/graphics.cpp:8:
/usr/include/c++/4.2/memory:73: error: ‘ptrdiff_t’ was not declared in this scope
/usr/include/c++/4.2/memory:73: error: template argument 2 is invalid
/usr/include/c++/4.2/memory:74: error: invalid type in declaration before ‘(’ token
/usr/include/c++/4.2/memory:74: error: template declaration of ‘int std::__get_temporary_buffer’
/usr/include/c++/4.2/memory:74: error: ‘ptrdiff_t’ was not declared in this scope
/usr/include/c++/4.2/memory:74: error: expected primary-expression before ‘*’ token
/usr/include/c++/4.2/memory:74: error: expected primary-expression before ‘)’ token
/usr/include/c++/4.2/memory:109: error: ‘ptrdiff_t’ was not declared in this scope
/usr/include/c++/4.2/memory:109: error: template argument 2 is invalid
/usr/include/c++/4.2/memory:110: error: invalid type in declaration before ‘(’ token
/usr/include/c++/4.2/memory:110: error: ‘std::get_temporary_buffer’ declared as an ‘inline’ variable
/usr/include/c++/4.2/memory:110: error: template declaration of ‘int std::get_temporary_buffer’
/usr/include/c++/4.2/memory:110: error: ‘ptrdiff_t’ was not declared in this scope
In file included from /usr/include/c++/4.2/string:51,
                 from /usr/include/c++/4.2/bits/locale_classes.h:47,
                 from /usr/include/c++/4.2/bits/ios_base.h:47,
                 from /usr/include/c++/4.2/ios:48,
                 from /usr/include/c++/4.2/ostream:45,
                 from /usr/include/c++/4.2/iostream:45,
                 from ./src/graphics.cpp:8:
/usr/include/c++/4.2/bits/ostream_insert.h:47: error: ‘streamsize’ has not been declared
/usr/include/c++/4.2/bits/ostream_insert.h: In function ‘void std::__ostream_write(std::basic_ostream<_CharT, _Traits>&, const _CharT*, int)’:
/usr/include/c++/4.2/bits/ostream_insert.h:52: error: ‘streamsize’ does not name a type
/usr/include/c++/4.2/bits/ostream_insert.h:53: error: ‘__put’ was not declared in this scope
/usr/include/c++/4.2/bits/ostream_insert.h: At global scope:
/usr/include/c++/4.2/bits/ostream_insert.h:59: error: ‘streamsize’ has not been declared
/usr/include/c++/4.2/bits/ostream_insert.h:79: error: ‘streamsize’ has not been declared
/usr/include/c++/4.2/bits/ostream_insert.h: In function ‘std::basic_ostream<_CharT, _Traits>& std::__ostream_insert(std::basic_ostream<_CharT, _Traits>&, const _CharT*, int)’:
/usr/include/c++/4.2/bits/ostream_insert.h:89: error: ‘streamsize’ does not name a type
/usr/include/c++/4.2/bits/ostream_insert.h:90: error: ‘__w’ was not declared in this scope
/usr/include/c++/4.2/bits/ostream_insert.h: At global scope:
/usr/include/c++/4.2/bits/ostream_insert.h:116: error: ‘streamsize’ has not been declared
/usr/include/c++/4.2/bits/ostream_insert.h:120: error: ‘streamsize’ has not been declared
In file included from /usr/include/c++/4.2/bits/stl_algo.h:66,
                 from /usr/include/c++/4.2/algorithm:68,
                 from /usr/include/c++/4.2/string:57,
                 from /usr/include/c++/4.2/bits/locale_classes.h:47,
                 from /usr/include/c++/4.2/bits/ios_base.h:47,
                 from /usr/include/c++/4.2/ios:48,
                 from /usr/include/c++/4.2/ostream:45,
                 from /usr/include/c++/4.2/iostream:45,
                 from ./src/graphics.cpp:8:
/usr/include/c++/4.2/bits/stl_tempbuf.h:86: error: ‘ptrdiff_t’ does not name a type
/usr/include/c++/4.2/bits/stl_tempbuf.h:89: error: ‘size_type’ does not name a type
/usr/include/c++/4.2/bits/stl_tempbuf.h:90: error: ‘size_type’ does not name a type
/usr/include/c++/4.2/bits/stl_tempbuf.h:102: error: ‘size_type’ does not name a type
/usr/include/c++/4.2/bits/stl_tempbuf.h:107: error: ‘size_type’ does not name a type
/usr/include/c++/4.2/bits/stl_tempbuf.h: In member function ‘void std::_Temporary_buffer<_ForwardIterator, _Tp>::_M_initialize_buffer(const _Tp&, std::__false_type)’:
/usr/include/c++/4.2/bits/stl_tempbuf.h:98: error: ‘_M_len’ was not declared in this scope
/usr/include/c++/4.2/bits/stl_tempbuf.h: In member function ‘_Tp* std::_Temporary_buffer<_ForwardIterator, _Tp>::end()’:
/usr/include/c++/4.2/bits/stl_tempbuf.h:119: error: ‘_M_len’ was not declared in this scope
/usr/include/c++/4.2/bits/stl_tempbuf.h: In destructor ‘std::_Temporary_buffer<_ForwardIterator, _Tp>::~_Temporary_buffer()’:
/usr/include/c++/4.2/bits/stl_tempbuf.h:129: error: ‘_M_len’ was not declared in this scope
/usr/include/c++/4.2/bits/stl_tempbuf.h: In constructor ‘std::_Temporary_buffer<_ForwardIterator, _Tp>::_Temporary_buffer(_ForwardIterator, _ForwardIterator)’:
/usr/include/c++/4.2/bits/stl_tempbuf.h:145: error: class ‘std::_Temporary_buffer<_ForwardIterator, _Tp>’ does not have any field named ‘_M_original_len’
/usr/include/c++/4.2/bits/stl_tempbuf.h:146: error: class ‘std::_Temporary_buffer<_ForwardIterator, _Tp>’ does not have any field named ‘_M_len’
/usr/include/c++/4.2/bits/stl_tempbuf.h:153: error: ‘size_type’ was not declared in this scope
/usr/include/c++/4.2/bits/stl_tempbuf.h:153: error: template argument 2 is invalid
/usr/include/c++/4.2/bits/stl_tempbuf.h:153: error: invalid type in declaration before ‘(’ token
/usr/include/c++/4.2/bits/stl_tempbuf.h:153: error: ‘get_temporary_buffer’ was not declared in this scope
/usr/include/c++/4.2/bits/stl_tempbuf.h:154: error: expected primary-expression before ‘>’ token
/usr/include/c++/4.2/bits/stl_tempbuf.h:154: error: ‘_M_original_len’ was not declared in this scope
/usr/include/c++/4.2/bits/stl_tempbuf.h:155: error: request for member ‘first’ in ‘__p’, which is of non-class type ‘int’
/usr/include/c++/4.2/bits/stl_tempbuf.h:156: error: ‘_M_len’ was not declared in this scope
/usr/include/c++/4.2/bits/stl_tempbuf.h:156: error: request for member ‘second’ in ‘__p’, which is of non-class type ‘int’
/usr/include/c++/4.2/bits/stl_tempbuf.h:164: error: ‘_M_len’ was not declared in this scope
In file included from /usr/include/c++/4.2/string:58,
                 from /usr/include/c++/4.2/bits/locale_classes.h:47,
                 from /usr/include/c++/4.2/bits/ios_base.h:47,
                 from /usr/include/c++/4.2/ios:48,
                 from /usr/include/c++/4.2/ostream:45,
                 from /usr/include/c++/4.2/iostream:45,
                 from ./src/graphics.cpp:8:
/usr/include/c++/4.2/bits/basic_string.h: At global scope:
/usr/include/c++/4.2/bits/basic_string.h: In instantiation of ‘std::basic_string<char, std::char_traits<char>, std::allocator<char> >’:
/usr/include/c++/4.2/bits/basic_string.tcc:979:   instantiated from here
/usr/include/c++/4.2/bits/basic_string.h:120: error: no type named ‘size_type’ in ‘struct std::allocator<char>’
/usr/include/c++/4.2/bits/basic_string.h:121: error: no type named ‘difference_type’ in ‘struct std::allocator<char>’
/usr/include/c++/4.2/bits/basic_string.h: In instantiation of ‘std::basic_string<char, std::char_traits<char>, std::allocator<char> >’:
/usr/include/c++/4.2/bits/basic_string.tcc:979:   instantiated from here
/usr/include/c++/4.2/bits/basic_string.h:308: error: no type named ‘size_type’ in ‘struct std::allocator<char>’
/usr/include/c++/4.2/bits/basic_string.h:316: error: no type named ‘size_type’ in ‘struct std::allocator<char>’
/usr/include/c++/4.2/bits/basic_string.h:324: error: no type named ‘size_type’ in ‘struct std::allocator<char>’
/usr/include/c++/4.2/bits/basic_string.h:341: error: no type named ‘size_type’ in ‘struct std::allocator<char>’
/usr/include/c++/4.2/bits/basic_string.h:350: error: no type named ‘size_type’ in ‘struct std::allocator<char>’
/usr/include/c++/4.2/bits/basic_string.h:359: error: no type named ‘size_type’ in ‘struct std::allocator<char>’
/usr/include/c++/4.2/bits/basic_string.tcc:451: error: no type named ‘size_type’ in ‘struct std::allocator<char>’
/usr/include/c++/4.2/bits/basic_string.tcc:197: error: no type named ‘size_type’ in ‘struct std::allocator<char>’
/usr/include/c++/4.2/bits/basic_string.tcc:208: error: no type named ‘size_type’ in ‘struct std::allocator<char>’
/usr/include/c++/4.2/bits/basic_string.tcc:219: error: no type named ‘size_type’ in ‘struct std::allocator<char>’
/usr/include/c++/4.2/bits/basic_string.tcc:233: error: no type named ‘size_type’ in ‘struct std::allocator<char>’
/usr/include/c++/4.2/bits/basic_string.h:595: error: no type named ‘size_type’ in ‘struct std::allocator<char>’
/usr/include/c++/4.2/bits/basic_string.h:601: error: no type named ‘size_type’ in ‘struct std::allocator<char>’
/usr/include/c++/4.2/bits/basic_string.h:606: error: no type named ‘size_type’ in ‘struct std::allocator<char>’
/usr/include/c++/4.2/bits/basic_string.tcc:622: error: no type named ‘size_type’ in ‘struct std::allocator<char>’
/usr/include/c++/4.2/bits/basic_string.h:633: error: no type named ‘size_type’ in ‘struct std::allocator<char>’
/usr/include/c++/4.2/bits/basic_string.h:641: error: no type named ‘size_type’ in ‘struct std::allocator<char>’
/usr/include/c++/4.2/bits/basic_string.tcc:484: error: no type named ‘size_type’ in ‘struct std::allocator<char>’
/usr/include/c++/4.2/bits/basic_string.h:690: error: no type named ‘size_type’ in ‘struct std::allocator<char>’
/usr/include/c++/4.2/bits/basic_string.h:707: error: no type named ‘size_type’ in ‘struct std::allocator<char>’
/usr/include/c++/4.2/bits/basic_string.h:728: error: no type named ‘size_type’ in ‘struct std::allocator<char>’
/usr/include/c++/4.2/bits/basic_string.h:747: error: no type named ‘size_type’ in ‘struct std::allocator<char>’
/usr/include/c++/4.2/bits/basic_string.tcc:347: error: no type named ‘size_type’ in ‘struct std::allocator<char>’
/usr/include/c++/4.2/bits/basic_string.tcc:303: error: no type named ‘size_type’ in ‘struct std::allocator<char>’
/usr/include/c++/4.2/bits/basic_string.tcc:286: error: no type named ‘size_type’ in ‘struct std::allocator<char>’
/usr/include/c++/4.2/bits/basic_string.h:889: error: no type named ‘size_type’ in ‘struct std::allocator<char>’
/usr/include/c++/4.2/bits/basic_string.tcc:264: error: no type named ‘size_type’ in ‘struct std::allocator<char>’
/usr/include/c++/4.2/bits/basic_string.h:933: error: no type named ‘size_type’ in ‘struct std::allocator<char>’
/usr/include/c++/4.2/bits/basic_string.h:962: error: no type named ‘size_type’ in ‘struct std::allocator<char>’
/usr/include/c++/4.2/bits/basic_string.h:993: error: no type named ‘size_type’ in ‘struct std::allocator<char>’
/usr/include/c++/4.2/bits/basic_string.h:1016: error: no type named ‘size_type’ in ‘struct std::allocator<char>’
/usr/include/c++/4.2/bits/basic_string.tcc:365: error: no type named ‘size_type’ in ‘struct std::allocator<char>’
/usr/include/c++/4.2/bits/basic_string.h:1056: error: no type named ‘size_type’ in ‘struct std::allocator<char>’
/usr/include/c++/4.2/bits/basic_string.h:1079: error: no type named ‘size_type’ in ‘struct std::allocator<char>’
/usr/include/c++/4.2/bits/basic_string.h:1120: error: no type named ‘size_type’ in ‘struct std::allocator<char>’
/usr/include/c++/4.2/bits/basic_string.h:1183: error: no type named ‘size_type’ in ‘struct std::allocator<char>’
/usr/include/c++/4.2/bits/basic_string.h:1206: error: no type named ‘size_type’ in ‘struct std::allocator<char>’
/usr/include/c++/4.2/bits/basic_string.tcc:397: error: no type named ‘size_type’ in ‘struct std::allocator<char>’
/usr/include/c++/4.2/bits/basic_string.h:1248: error: no type named ‘size_type’ in ‘struct std::allocator<char>’
/usr/include/c++/4.2/bits/basic_string.h:1271: error: no type named ‘size_type’ in ‘struct std::allocator<char>’
/usr/include/c++/4.2/bits/basic_string.h:1307: error: no type named ‘size_type’ in ‘struct std::allocator<char>’
/usr/include/c++/4.2/bits/basic_string.h:1349: error: no type named ‘size_type’ in ‘struct std::allocator<char>’
/usr/include/c++/4.2/bits/basic_string.tcc:651: error: no type named ‘size_type’ in ‘struct std::allocator<char>’
/usr/include/c++/4.2/bits/basic_string.tcc:664: error: no type named ‘size_type’ in ‘struct std::allocator<char>’
/usr/include/c++/4.2/bits/basic_string.tcc:166: error: no type named ‘size_type’ in ‘struct std::allocator<char>’
/usr/include/c++/4.2/bits/basic_string.h:1567: error: no type named ‘size_type’ in ‘struct std::allocator<char>’
/usr/include/c++/4.2/bits/basic_string.h:1581: error: no type named ‘size_type’ in ‘struct std::allocator<char>’
/usr/include/c++/4.2/bits/basic_string.h:1611: error: no type named ‘size_type’ in ‘struct std::allocator<char>’
/usr/include/c++/4.2/bits/basic_string.h:1639: error: no type named ‘size_type’ in ‘struct std::allocator<char>’
/usr/include/c++/4.2/bits/basic_string.h:1669: error: no type named ‘size_type’ in ‘struct std::allocator<char>’
/usr/include/c++/4.2/bits/basic_string.h:1697: error: no type named ‘size_type’ in ‘struct std::allocator<char>’
/usr/include/c++/4.2/bits/basic_string.h:1716: error: no type named ‘size_type’ in ‘struct std::allocator<char>’
/usr/include/c++/4.2/bits/basic_string.h:1730: error: no type named ‘size_type’ in ‘struct std::allocator<char>’
/usr/include/c++/4.2/bits/basic_string.h:1758: error: no type named ‘size_type’ in ‘struct std::allocator<char>’
/usr/include/c++/4.2/bits/basic_string.h:1777: error: no type named ‘size_type’ in ‘struct std::allocator<char>’
/usr/include/c++/4.2/bits/basic_string.h:1791: error: no type named ‘size_type’ in ‘struct std::allocator<char>’
/usr/include/c++/4.2/bits/basic_string.h:1820: error: no type named ‘size_type’ in ‘struct std::allocator<char>’
/usr/include/c++/4.2/bits/basic_string.h:1850: error: no type named ‘size_type’ in ‘struct std::allocator<char>’
/usr/include/c++/4.2/bits/basic_string.h:1879: error: no type named ‘size_type’ in ‘struct std::allocator<char>’
/usr/include/c++/4.2/bits/basic_string.h:1911: error: no type named ‘size_type’ in ‘struct std::allocator<char>’
/usr/include/c++/4.2/bits/basic_string.tcc:898: error: no type named ‘size_type’ in ‘struct std::allocator<char>’
/usr/include/c++/4.2/bits/basic_string.tcc:914: error: no type named ‘size_type’ in ‘struct std::allocator<char>’
/usr/include/c++/4.2/bits/basic_string.tcc:946: error: no type named ‘size_type’ in ‘struct std::allocator<char>’
/usr/include/c++/4.2/bits/basic_string.tcc:963: error: no type named ‘size_type’ in ‘struct std::allocator<char>’
/usr/include/c++/4.2/bits/basic_string.h: In instantiation of ‘std::basic_string<char, std::char_traits<char>, std::allocator<char> >::_Rep_base’:
/usr/include/c++/4.2/bits/basic_string.h:155:   instantiated from ‘std::basic_string<char, std::char_traits<char>, std::allocator<char> >::_Rep’
/usr/include/c++/4.2/bits/basic_string.tcc:979:   instantiated from here
/usr/include/c++/4.2/bits/basic_string.h:149: error: no type named ‘size_type’ in ‘struct std::allocator<char>’
/usr/include/c++/4.2/bits/basic_string.h:150: error: no type named ‘size_type’ in ‘struct std::allocator<char>’
/usr/include/c++/4.2/bits/basic_string.h: In instantiation of ‘std::basic_string<char, std::char_traits<char>, std::allocator<char> >::_Rep’:
/usr/include/c++/4.2/bits/basic_string.tcc:979:   instantiated from here
/usr/include/c++/4.2/bits/basic_string.h:206: error: no type named ‘size_type’ in ‘struct std::allocator<char>’
/usr/include/c++/4.2/bits/basic_string.tcc:529: error: no type named ‘size_type’ in ‘struct std::allocator<char>’
/usr/include/c++/4.2/bits/basic_string.tcc:606: error: no type named ‘size_type’ in ‘struct std::allocator<char>’
/usr/include/c++/4.2/bits/basic_string.h: In instantiation of ‘std::basic_string<wchar_t, std::char_traits<wchar_t>, std::allocator<wchar_t> >’:
/usr/include/c++/4.2/bits/basic_string.tcc:994:   instantiated from here
/usr/include/c++/4.2/bits/basic_string.h:120: error: no type named ‘size_type’ in ‘struct std::allocator<wchar_t>’
/usr/include/c++/4.2/bits/basic_string.h:121: error: no type named ‘difference_type’ in ‘struct std::allocator<wchar_t>’
/usr/include/c++/4.2/bits/basic_string.h: In instantiation of ‘std::basic_string<wchar_t, std::char_traits<wchar_t>, std::allocator<wchar_t> >’:
/usr/include/c++/4.2/bits/basic_string.tcc:994:   instantiated from here
/usr/include/c++/4.2/bits/basic_string.h:308: error: no type named ‘size_type’ in ‘struct std::allocator<wchar_t>’
/usr/include/c++/4.2/bits/basic_string.h:316: error: no type named ‘size_type’ in ‘struct std::allocator<wchar_t>’
/usr/include/c++/4.2/bits/basic_string.h:324: error: no type named ‘size_type’ in ‘struct std::allocator<wchar_t>’
/usr/include/c++/4.2/bits/basic_string.h:341: error: no type named ‘size_type’ in ‘struct std::allocator<wchar_t>’
/usr/include/c++/4.2/bits/basic_string.h:350: error: no type named ‘size_type’ in ‘struct std::allocator<wchar_t>’
/usr/include/c++/4.2/bits/basic_string.h:359: error: no type named ‘size_type’ in ‘struct std::allocator<wchar_t>’
/usr/include/c++/4.2/bits/basic_string.tcc:451: error: no type named ‘size_type’ in ‘struct std::allocator<wchar_t>’
/usr/include/c++/4.2/bits/basic_string.tcc:197: error: no type named ‘size_type’ in ‘struct std::allocator<wchar_t>’
/usr/include/c++/4.2/bits/basic_string.tcc:208: error: no type named ‘size_type’ in ‘struct std::allocator<wchar_t>’
/usr/include/c++/4.2/bits/basic_string.tcc:219: error: no type named ‘size_type’ in ‘struct std::allocator<wchar_t>’
/usr/include/c++/4.2/bits/basic_string.tcc:233: error: no type named ‘size_type’ in ‘struct std::allocator<wchar_t>’
/usr/include/c++/4.2/bits/basic_string.h:595: error: no type named ‘size_type’ in ‘struct std::allocator<wchar_t>’
/usr/include/c++/4.2/bits/basic_string.h:601: error: no type named ‘size_type’ in ‘struct std::allocator<wchar_t>’
/usr/include/c++/4.2/bits/basic_string.h:606: error: no type named ‘size_type’ in ‘struct std::allocator<wchar_t>’
/usr/include/c++/4.2/bits/basic_string.tcc:622: error: no type named ‘size_type’ in ‘struct std::allocator<wchar_t>’
/usr/include/c++/4.2/bits/basic_string.h:633: error: no type named ‘size_type’ in ‘struct std::allocator<wchar_t>’
/usr/include/c++/4.2/bits/basic_string.h:641: error: no type named ‘size_type’ in ‘struct std::allocator<wchar_t>’
/usr/include/c++/4.2/bits/basic_string.tcc:484: error: no type named ‘size_type’ in ‘struct std::allocator<wchar_t>’
/usr/include/c++/4.2/bits/basic_string.h:690: error: no type named ‘size_type’ in ‘struct std::allocator<wchar_t>’
/usr/include/c++/4.2/bits/basic_string.h:707: error: no type named ‘size_type’ in ‘struct std::allocator<wchar_t>’
/usr/include/c++/4.2/bits/basic_string.h:728: error: no type named ‘size_type’ in ‘struct std::allocator<wchar_t>’
/usr/include/c++/4.2/bits/basic_string.h:747: error: no type named ‘size_type’ in ‘struct std::allocator<wchar_t>’
/usr/include/c++/4.2/bits/basic_string.tcc:347: error: no type named ‘size_type’ in ‘struct std::allocator<wchar_t>’
/usr/include/c++/4.2/bits/basic_string.tcc:303: error: no type named ‘size_type’ in ‘struct std::allocator<wchar_t>’
/usr/include/c++/4.2/bits/basic_string.tcc:286: error: no type named ‘size_type’ in ‘struct std::allocator<wchar_t>’
/usr/include/c++/4.2/bits/basic_string.h:889: error: no type named ‘size_type’ in ‘struct std::allocator<wchar_t>’
/usr/include/c++/4.2/bits/basic_string.tcc:264: error: no type named ‘size_type’ in ‘struct std::allocator<wchar_t>’
/usr/include/c++/4.2/bits/basic_string.h:933: error: no type named ‘size_type’ in ‘struct std::allocator<wchar_t>’
/usr/include/c++/4.2/bits/basic_string.h:962: error: no type named ‘size_type’ in ‘struct std::allocator<wchar_t>’
/usr/include/c++/4.2/bits/basic_string.h:993: error: no type named ‘size_type’ in ‘struct std::allocator<wchar_t>’
/usr/include/c++/4.2/bits/basic_string.h:1016: error: no type named ‘size_type’ in ‘struct std::allocator<wchar_t>’
/usr/include/c++/4.2/bits/basic_string.tcc:365: error: no type named ‘size_type’ in ‘struct std::allocator<wchar_t>’
/usr/include/c++/4.2/bits/basic_string.h:1056: error: no type named ‘size_type’ in ‘struct std::allocator<wchar_t>’
/usr/include/c++/4.2/bits/basic_string.h:1079: error: no type named ‘size_type’ in ‘struct std::allocator<wchar_t>’
/usr/include/c++/4.2/bits/basic_string.h:1120: error: no type named ‘size_type’ in ‘struct std::allocator<wchar_t>’
/usr/include/c++/4.2/bits/basic_string.h:1183: error: no type named ‘size_type’ in ‘struct std::allocator<wchar_t>’
/usr/include/c++/4.2/bits/basic_string.h:1206: error: no type named ‘size_type’ in ‘struct std::allocator<wchar_t>’
/usr/include/c++/4.2/bits/basic_string.tcc:397: error: no type named ‘size_type’ in ‘struct std::allocator<wchar_t>’
/usr/include/c++/4.2/bits/basic_string.h:1248: error: no type named ‘size_type’ in ‘struct std::allocator<wchar_t>’
/usr/include/c++/4.2/bits/basic_string.h:1271: error: no type named ‘size_type’ in ‘struct std::allocator<wchar_t>’
/usr/include/c++/4.2/bits/basic_string.h:1307: error: no type named ‘size_type’ in ‘struct std::allocator<wchar_t>’
/usr/include/c++/4.2/bits/basic_string.h:1349: error: no type named ‘size_type’ in ‘struct std::allocator<wchar_t>’
/usr/include/c++/4.2/bits/basic_string.tcc:651: error: no type named ‘size_type’ in ‘struct std::allocator<wchar_t>’
/usr/include/c++/4.2/bits/basic_string.tcc:664: error: no type named ‘size_type’ in ‘struct std::allocator<wchar_t>’
/usr/include/c++/4.2/bits/basic_string.tcc:166: error: no type named ‘size_type’ in ‘struct std::allocator<wchar_t>’
/usr/include/c++/4.2/bits/basic_string.h:1567: error: no type named ‘size_type’ in ‘struct std::allocator<wchar_t>’
/usr/include/c++/4.2/bits/basic_string.h:1581: error: no type named ‘size_type’ in ‘struct std::allocator<wchar_t>’
/usr/include/c++/4.2/bits/basic_string.h:1611: error: no type named ‘size_type’ in ‘struct std::allocator<wchar_t>’
/usr/include/c++/4.2/bits/basic_string.h:1639: error: no type named ‘size_type’ in ‘struct std::allocator<wchar_t>’
/usr/include/c++/4.2/bits/basic_string.h:1669: error: no type named ‘size_type’ in ‘struct std::allocator<wchar_t>’
/usr/include/c++/4.2/bits/basic_string.h:1697: error: no type named ‘size_type’ in ‘struct std::allocator<wchar_t>’
/usr/include/c++/4.2/bits/basic_string.h:1716: error: no type named ‘size_type’ in ‘struct std::allocator<wchar_t>’
/usr/include/c++/4.2/bits/basic_string.h:1730: error: no type named ‘size_type’ in ‘struct std::allocator<wchar_t>’
/usr/include/c++/4.2/bits/basic_string.h:1758: error: no type named ‘size_type’ in ‘struct std::allocator<wchar_t>’
/usr/include/c++/4.2/bits/basic_string.h:1777: error: no type named ‘size_type’ in ‘struct std::allocator<wchar_t>’
/usr/include/c++/4.2/bits/basic_string.h:1791: error: no type named ‘size_type’ in ‘struct std::allocator<wchar_t>’
/usr/include/c++/4.2/bits/basic_string.h:1820: error: no type named ‘size_type’ in ‘struct std::allocator<wchar_t>’
/usr/include/c++/4.2/bits/basic_string.h:1850: error: no type named ‘size_type’ in ‘struct std::allocator<wchar_t>’
/usr/include/c++/4.2/bits/basic_string.h:1879: error: no type named ‘size_type’ in ‘struct std::allocator<wchar_t>’
/usr/include/c++/4.2/bits/basic_string.h:1911: error: no type named ‘size_type’ in ‘struct std::allocator<wchar_t>’
/usr/include/c++/4.2/bits/basic_string.tcc:898: error: no type named ‘size_type’ in ‘struct std::allocator<wchar_t>’
/usr/include/c++/4.2/bits/basic_string.tcc:914: error: no type named ‘size_type’ in ‘struct std::allocator<wchar_t>’
/usr/include/c++/4.2/bits/basic_string.tcc:946: error: no type named ‘size_type’ in ‘struct std::allocator<wchar_t>’
/usr/include/c++/4.2/bits/basic_string.tcc:963: error: no type named ‘size_type’ in ‘struct std::allocator<wchar_t>’
/usr/include/c++/4.2/bits/basic_string.h: In instantiation of ‘std::basic_string<wchar_t, std::char_traits<wchar_t>, std::allocator<wchar_t> >::_Rep_base’:
/usr/include/c++/4.2/bits/basic_string.h:155:   instantiated from ‘std::basic_string<wchar_t, std::char_traits<wchar_t>, std::allocator<wchar_t> >::_Rep’
/usr/include/c++/4.2/bits/basic_string.tcc:994:   instantiated from here
/usr/include/c++/4.2/bits/basic_string.h:149: error: no type named ‘size_type’ in ‘struct std::allocator<wchar_t>’
/usr/include/c++/4.2/bits/basic_string.h:150: error: no type named ‘size_type’ in ‘struct std::allocator<wchar_t>’
/usr/include/c++/4.2/bits/basic_string.h: In instantiation of ‘std::basic_string<wchar_t, std::char_traits<wchar_t>, std::allocator<wchar_t> >::_Rep’:
/usr/include/c++/4.2/bits/basic_string.tcc:994:   instantiated from here
/usr/include/c++/4.2/bits/basic_string.h:206: error: no type named ‘size_type’ in ‘struct std::allocator<wchar_t>’
/usr/include/c++/4.2/bits/basic_string.tcc:529: error: no type named ‘size_type’ in ‘struct std::allocator<wchar_t>’
/usr/include/c++/4.2/bits/basic_string.tcc:606: error: no type named ‘size_type’ in ‘struct std::allocator<wchar_t>’
In file included from /usr/include/c++/4.2/bits/ios_base.h:47,
                 from /usr/include/c++/4.2/ios:48,
                 from /usr/include/c++/4.2/ostream:45,
                 from /usr/include/c++/4.2/iostream:45,
                 from ./src/graphics.cpp:8:
/usr/include/c++/4.2/bits/locale_classes.h:374: error: expected `)' before ‘__refs’
/usr/include/c++/4.2/bits/locale_classes.h:450: error: ‘size_t’ does not name a type
/usr/include/c++/4.2/bits/locale_classes.h:466: error: ‘size_t’ does not name a type
/usr/include/c++/4.2/bits/locale_classes.h:494: error: ‘size_t’ does not name a type
/usr/include/c++/4.2/bits/locale_classes.h:521: error: ‘size_t’ has not been declared
/usr/include/c++/4.2/bits/locale_classes.h:522: error: ‘size_t’ has not been declared
/usr/include/c++/4.2/bits/locale_classes.h:523: error: field ‘size_t’ has incomplete type
/usr/include/c++/4.2/bits/locale_classes.h:523: error: expected ‘;’ before ‘throw’
/usr/include/c++/4.2/bits/locale_classes.h:561: error: ‘size_t’ has not been declared
/usr/include/c++/4.2/bits/locale_classes.h: In member function ‘bool std::locale::_Impl::_M_check_same_name()’:
/usr/include/c++/4.2/bits/locale_classes.h:538: error: ‘size_t’ was not declared in this scope
/usr/include/c++/4.2/bits/locale_classes.h:538: error: expected `;' before ‘__i’
/usr/include/c++/4.2/bits/locale_classes.h:538: error: ‘__i’ was not declared in this scope
In file included from /usr/include/c++/4.2/ios:48,
                 from /usr/include/c++/4.2/ostream:45,
                 from /usr/include/c++/4.2/iostream:45,
                 from ./src/graphics.cpp:8:
/usr/include/c++/4.2/bits/ios_base.h: At global scope:
/usr/include/c++/4.2/bits/ios_base.h:409: error: ‘streamoff’ in namespace ‘std’ does not name a type
/usr/include/c++/4.2/bits/ios_base.h:457: error: ‘streamsize’ does not name a type
/usr/include/c++/4.2/bits/ios_base.h:458: error: ‘streamsize’ does not name a type
/usr/include/c++/4.2/bits/ios_base.h:617: error: ‘streamsize’ does not name a type
/usr/include/c++/4.2/bits/ios_base.h:625: error: ‘streamsize’ does not name a type
/usr/include/c++/4.2/bits/ios_base.h:639: error: ‘streamsize’ does not name a type
/usr/include/c++/4.2/bits/ios_base.h:647: error: ‘streamsize’ does not name a type
In file included from /usr/include/c++/4.2/ios:49,
                 from /usr/include/c++/4.2/ostream:45,
                 from /usr/include/c++/4.2/iostream:45,
                 from ./src/graphics.cpp:8:
/usr/include/c++/4.2/streambuf:60: error: expected constructor, destructor, or type conversion before ‘__copy_streambufs_eof’
/usr/include/c++/4.2/streambuf:155: error: ‘streamsize’ does not name a type
/usr/include/c++/4.2/streambuf:254: error: ‘streamsize’ has not been declared
/usr/include/c++/4.2/streambuf:280: error: ‘streamsize’ does not name a type
/usr/include/c++/4.2/streambuf:353: error: ‘streamsize’ does not name a type
/usr/include/c++/4.2/streambuf:445: error: ‘streamsize’ does not name a type
/usr/include/c++/4.2/streambuf:587: error: ‘streamsize’ has not been declared
/usr/include/c++/4.2/streambuf:644: error: ‘streamsize’ does not name a type
/usr/include/c++/4.2/streambuf:660: error: ‘streamsize’ does not name a type
/usr/include/c++/4.2/streambuf:737: error: ‘streamsize’ does not name a type
/usr/include/c++/4.2/streambuf:808: error: expected constructor, destructor, or type conversion before ‘__copy_streambufs_eof’
/usr/include/c++/4.2/streambuf:813: error: expected constructor, destructor, or type conversion before ‘__copy_streambufs_eof’
In file included from /usr/include/c++/4.2/streambuf:820,
                 from /usr/include/c++/4.2/ios:49,
                 from /usr/include/c++/4.2/ostream:45,
                 from /usr/include/c++/4.2/iostream:45,
                 from ./src/graphics.cpp:8:
/usr/include/c++/4.2/bits/streambuf.tcc:49: error: expected constructor, destructor, or type conversion before ‘basic_streambuf’
/usr/include/c++/4.2/bits/streambuf.tcc:83: error: expected constructor, destructor, or type conversion before ‘basic_streambuf’
/usr/include/c++/4.2/bits/streambuf.tcc:120: error: expected constructor, destructor, or type conversion before ‘__copy_streambufs_eof’
/usr/include/c++/4.2/bits/streambuf.tcc:143: error: expected initializer before ‘__copy_streambufs’
/usr/include/c++/4.2/streambuf: In instantiation of ‘std::basic_streambuf<char, std::char_traits<char> >’:
/usr/include/c++/4.2/bits/streambuf.tcc:154:   instantiated from here
/usr/include/c++/4.2/streambuf:137: error: no type named ‘off_type’ in ‘struct std::char_traits<char>’
/usr/include/c++/4.2/streambuf:259: error: no type named ‘off_type’ in ‘struct std::char_traits<char>’
/usr/include/c++/4.2/streambuf:599: error: no type named ‘off_type’ in ‘struct std::char_traits<char>’
/usr/include/c++/4.2/bits/streambuf.tcc:156: error: explicit instantiation of non-template ‘int std::streamsize’
/usr/include/c++/4.2/bits/streambuf.tcc:157: error: expected `;' before ‘__copy_streambufs’
/usr/include/c++/4.2/bits/streambuf.tcc:160: error: explicit instantiation of non-template ‘int std::streamsize’
/usr/include/c++/4.2/bits/streambuf.tcc:161: error: expected `;' before ‘__copy_streambufs_eof’
/usr/include/c++/4.2/streambuf: In instantiation of ‘std::basic_streambuf<wchar_t, std::char_traits<wchar_t> >’:
/usr/include/c++/4.2/bits/streambuf.tcc:165:   instantiated from here
/usr/include/c++/4.2/streambuf:137: error: no type named ‘off_type’ in ‘struct std::char_traits<wchar_t>’
/usr/include/c++/4.2/streambuf:259: error: no type named ‘off_type’ in ‘struct std::char_traits<wchar_t>’
/usr/include/c++/4.2/streambuf:599: error: no type named ‘off_type’ in ‘struct std::char_traits<wchar_t>’
/usr/include/c++/4.2/bits/streambuf.tcc:167: error: explicit instantiation of non-template ‘int std::streamsize’
/usr/include/c++/4.2/bits/streambuf.tcc:168: error: expected `;' before ‘__copy_streambufs’
/usr/include/c++/4.2/bits/streambuf.tcc:171: error: explicit instantiation of non-template ‘int std::streamsize’
/usr/include/c++/4.2/bits/streambuf.tcc:172: error: expected `;' before ‘__copy_streambufs_eof’
In file included from /usr/include/c++/4.2/bits/basic_ios.h:41,
                 from /usr/include/c++/4.2/ios:50,
                 from /usr/include/c++/4.2/ostream:45,
                 from /usr/include/c++/4.2/iostream:45,
                 from ./src/graphics.cpp:8:
/usr/include/c++/4.2/bits/streambuf_iterator.h:51: error: wrong number of template arguments (5, should be 3)
/usr/include/c++/4.2/bits/stl_iterator_base_types.h:106: error: provided for ‘template<class _Category, class _Tp, class _Distance> struct std::iterator’
/usr/include/c++/4.2/bits/streambuf_iterator.h:208: error: wrong number of template arguments (5, should be 3)
/usr/include/c++/4.2/bits/stl_iterator_base_types.h:106: error: provided for ‘template<class _Category, class _Tp, class _Distance> struct std::iterator’
/usr/include/c++/4.2/bits/streambuf_iterator.h:270: error: ‘streamsize’ has not been declared
/usr/include/c++/4.2/bits/streambuf_iterator.h: In function ‘typename __gnu_cxx::__enable_if<std::__is_char<_Tp>::__value, std::ostreambuf_iterator<_CharT, std::char_traits<_CharT> > >::__type std::__copy_aux(_CharT*, _CharT*, std::ostreambuf_iterator<_CharT, std::char_traits<_CharT> >)’:
/usr/include/c++/4.2/bits/streambuf_iterator.h:304: error: ‘streamsize’ does not name a type
/usr/include/c++/4.2/bits/streambuf_iterator.h:305: error: ‘__num’ was not declared in this scope
/usr/include/c++/4.2/bits/streambuf_iterator.h: In function ‘typename __gnu_cxx::__enable_if<std::__is_char<_Tp>::__value, std::ostreambuf_iterator<_CharT, std::char_traits<_CharT> > >::__type std::__copy_aux(const _CharT*, const _CharT*, std::ostreambuf_iterator<_CharT, std::char_traits<_CharT> >)’:
/usr/include/c++/4.2/bits/streambuf_iterator.h:316: error: ‘streamsize’ does not name a type
/usr/include/c++/4.2/bits/streambuf_iterator.h:317: error: ‘__num’ was not declared in this scope
/usr/include/c++/4.2/bits/streambuf_iterator.h: In function ‘typename __gnu_cxx::__enable_if<std::__is_char<_Tp>::__value, _CharT*>::__type std::__copy_aux(std::istreambuf_iterator<_CharT, std::char_traits<_CharT> >, std::istreambuf_iterator<_CharT, std::char_traits<_CharT> >, _CharT*)’:
/usr/include/c++/4.2/bits/streambuf_iterator.h:339: error: ‘streamsize’ does not name a type
/usr/include/c++/4.2/bits/streambuf_iterator.h:340: error: ‘__n’ was not declared in this scope
/usr/include/c++/4.2/bits/streambuf_iterator.h: In function ‘typename __gnu_cxx::__enable_if<std::__is_char<_Tp>::__value, std::istreambuf_iterator<_CharT, std::char_traits<_CharT> > >::__type std::find(std::istreambuf_iterator<_CharT, std::char_traits<_CharT> >, std::istreambuf_iterator<_CharT, std::char_traits<_CharT> >, const _CharT&)’:
/usr/include/c++/4.2/bits/streambuf_iterator.h:376: error: ‘streamsize’ was not declared in this scope
/usr/include/c++/4.2/bits/streambuf_iterator.h:376: error: expected `;' before ‘__n’
/usr/include/c++/4.2/bits/streambuf_iterator.h:377: error: ‘__n’ was not declared in this scope
In file included from /usr/include/c++/4.2/bits/basic_ios.h:44,
                 from /usr/include/c++/4.2/ios:50,
                 from /usr/include/c++/4.2/ostream:45,
                 from /usr/include/c++/4.2/iostream:45,
                 from ./src/graphics.cpp:8:
/usr/include/c++/4.2/bits/locale_facets.h: At global scope:
/usr/include/c++/4.2/bits/locale_facets.h:93: error: expected ‘,’ or ‘...’ before ‘__newlen’
/usr/include/c++/4.2/bits/locale_facets.h:105: error: ‘size_t’ has not been declared
/usr/include/c++/4.2/bits/locale_facets.h:354: error: expected `)' before ‘__refs’
/usr/include/c++/4.2/bits/locale_facets.h:618: error: expected `)' before ‘__refs’
/usr/include/c++/4.2/bits/locale_facets.h:700: error: ‘size_t’ does not name a type
/usr/include/c++/4.2/bits/locale_facets.h:713: error: ‘size_t’ has not been declared
/usr/include/c++/4.2/bits/locale_facets.h:727: error: ‘size_t’ has not been declared
/usr/include/c++/4.2/bits/locale_facets.h: In member function ‘void std::ctype<char>::_M_widen_init() const’:
/usr/include/c++/4.2/bits/locale_facets.h:1162: error: ‘size_t’ was not declared in this scope
/usr/include/c++/4.2/bits/locale_facets.h:1162: error: expected `;' before ‘__i’
/usr/include/c++/4.2/bits/locale_facets.h:1162: error: ‘__i’ was not declared in this scope
/usr/include/c++/4.2/bits/locale_facets.h: In member function ‘void std::ctype<char>::_M_narrow_init() const’:
/usr/include/c++/4.2/bits/locale_facets.h:1178: error: ‘size_t’ was not declared in this scope
/usr/include/c++/4.2/bits/locale_facets.h:1178: error: expected `;' before ‘__i’
/usr/include/c++/4.2/bits/locale_facets.h:1178: error: ‘__i’ was not declared in this scope
/usr/include/c++/4.2/bits/locale_facets.h: At global scope:
/usr/include/c++/4.2/bits/locale_facets.h:1247: error: expected `)' before ‘__refs’
/usr/include/c++/4.2/bits/locale_facets.h:1258: error: ‘size_t’ has not been declared
/usr/include/c++/4.2/bits/locale_facets.h:1516: error: ‘size_t’ has not been declared
/usr/include/c++/4.2/bits/locale_facets.h:1525: error: ‘size_t’ has not been declared
/usr/include/c++/4.2/bits/locale_facets.h:1528: error: ‘size_t’ has not been declared
In file included from /usr/include/c++/4.2/bits/locale_facets.h:1536,
                 from /usr/include/c++/4.2/bits/basic_ios.h:44,
                 from /usr/include/c++/4.2/ios:50,
                 from /usr/include/c++/4.2/ostream:45,
                 from /usr/include/c++/4.2/iostream:45,
                 from ./src/graphics.cpp:8:
/usr/include/c++/4.2/bits/codecvt.h:219: error: ‘size_t’ has not been declared
/usr/include/c++/4.2/bits/codecvt.h:228: error: expected `)' before ‘__refs’
/usr/include/c++/4.2/bits/codecvt.h:264: error: ‘size_t’ has not been declared
/usr/include/c++/4.2/bits/codecvt.h:290: error: expected `)' before ‘__refs’
/usr/include/c++/4.2/bits/codecvt.h:294: error: ‘size_t’ has not been declared
/usr/include/c++/4.2/bits/codecvt.h:324: error: ‘size_t’ has not been declared
/usr/include/c++/4.2/bits/codecvt.h:351: error: expected `)' before ‘__refs’
/usr/include/c++/4.2/bits/codecvt.h:354: error: ‘size_t’ has not been declared
/usr/include/c++/4.2/bits/codecvt.h:384: error: ‘size_t’ has not been declared
/usr/include/c++/4.2/bits/codecvt.h:409: error: expected `)' before ‘__refs’
/usr/include/c++/4.2/bits/codecvt.h:412: error: ‘size_t’ has not been declared
/usr/include/c++/4.2/bits/codecvt.h:444: error: ‘size_t’ has not been declared
/usr/include/c++/4.2/bits/codecvt.h:457: error: ‘size_t’ has not been declared
In file included from /usr/include/c++/4.2/bits/basic_ios.h:44,
                 from /usr/include/c++/4.2/ios:50,
                 from /usr/include/c++/4.2/ostream:45,
                 from /usr/include/c++/4.2/iostream:45,
                 from ./src/graphics.cpp:8:
/usr/include/c++/4.2/bits/locale_facets.h:1594: error: ‘size_t’ does not name a type
/usr/include/c++/4.2/bits/locale_facets.h:1597: error: ‘size_t’ does not name a type
/usr/include/c++/4.2/bits/locale_facets.h:1599: error: ‘size_t’ does not name a type
/usr/include/c++/4.2/bits/locale_facets.h:1617: error: expected `)' before ‘__refs’
/usr/include/c++/4.2/bits/locale_facets.h:1686: error: expected `)' before ‘__refs’
/usr/include/c++/4.2/bits/locale_facets.h:1699: error: ‘size_t’ has not been declared
/usr/include/c++/4.2/bits/locale_facets.h:1713: error: ‘size_t’ has not been declared
/usr/include/c++/4.2/bits/locale_facets.h:1901: error: ‘size_t’ has not been declared
/usr/include/c++/4.2/bits/locale_facets.h:1953: error: expected `)' before ‘__refs’
/usr/include/c++/4.2/bits/locale_facets.h:2135: error: ‘size_t’ has not been declared
/usr/include/c++/4.2/bits/locale_facets.h:2158: error: ‘size_t’ has not been declared
/usr/include/c++/4.2/bits/locale_facets.h:2284: error: expected `)' before ‘__refs’
/usr/include/c++/4.2/bits/locale_facets.h:2443: error: ‘size_t’ has not been declared
/usr/include/c++/4.2/bits/locale_facets.h:2453: error: ‘size_t’ has not been declared
/usr/include/c++/4.2/bits/locale_facets.h:2458: error: ‘streamsize’ has not been declared
/usr/include/c++/4.2/bits/locale_facets.h:2564: error: expected `)' before ‘__refs’
/usr/include/c++/4.2/bits/locale_facets.h:2578: error: ‘size_t’ has not been declared
/usr/include/c++/4.2/bits/locale_facets.h:2635: error: ‘size_t’ does not name a type
/usr/include/c++/4.2/bits/locale_facets.h:2699: error: expected constructor, destructor, or type conversion before ‘collate’
/usr/include/c++/4.2/bits/locale_facets.h:2708: error: expected constructor, destructor, or type conversion before ‘collate’
/usr/include/c++/4.2/bits/locale_facets.h:2723: error: ‘size_t’ has not been declared
/usr/include/c++/4.2/bits/locale_facets.h:2815: error: expected `)' before ‘__refs’
/usr/include/c++/4.2/bits/locale_facets.h:2888: error: expected `)' before ‘__refs’
/usr/include/c++/4.2/bits/locale_facets.h:2891: error: ‘size_t’ has not been declared
/usr/include/c++/4.2/bits/locale_facets.h:2904: error: ‘size_t’ has not been declared
/usr/include/c++/4.2/bits/locale_facets.h:2909: error: ‘size_t’ has not been declared
/usr/include/c++/4.2/bits/locale_facets.h:3024: error: ‘size_t’ has not been declared
/usr/include/c++/4.2/bits/locale_facets.h:3033: error: ‘size_t’ has not been declared
In file included from /usr/include/c++/4.2/bits/locale_facets.h:3040,
                 from /usr/include/c++/4.2/bits/basic_ios.h:44,
                 from /usr/include/c++/4.2/ios:50,
                 from /usr/include/c++/4.2/ostream:45,
                 from /usr/include/c++/4.2/iostream:45,
                 from ./src/graphics.cpp:8:
/usr/include/c++/4.2/i486-linux-gnu/bits/time_members.h:45: error: expected constructor, destructor, or type conversion before ‘(’ token
/usr/include/c++/4.2/i486-linux-gnu/bits/time_members.h:51: error: ‘size_t’ has not been declared
/usr/include/c++/4.2/i486-linux-gnu/bits/time_members.h:58: error: ‘size_t’ has not been declared
/usr/include/c++/4.2/i486-linux-gnu/bits/time_members.h: In constructor ‘std::__timepunct<_CharT>::__timepunct(__locale_struct*, const char*, int)’:
/usr/include/c++/4.2/i486-linux-gnu/bits/time_members.h:62: error: ‘size_t’ does not name a type
/usr/include/c++/4.2/i486-linux-gnu/bits/time_members.h:63: error: ‘__len’ was not declared in this scope
In file included from /usr/include/c++/4.2/bits/basic_ios.h:44,
                 from /usr/include/c++/4.2/ios:50,
                 from /usr/include/c++/4.2/ostream:45,
                 from /usr/include/c++/4.2/iostream:45,
                 from ./src/graphics.cpp:8:
/usr/include/c++/4.2/bits/locale_facets.h: At global scope:
/usr/include/c++/4.2/bits/locale_facets.h:3079: error: expected `)' before ‘__refs’
/usr/include/c++/4.2/bits/locale_facets.h:3348: error: ‘size_t’ has not been declared
/usr/include/c++/4.2/bits/locale_facets.h:3355: error: ‘size_t’ has not been declared
/usr/include/c++/4.2/bits/locale_facets.h:3378: error: ‘size_t’ has not been declared
/usr/include/c++/4.2/bits/locale_facets.h:3419: error: expected `)' before ‘__refs’
/usr/include/c++/4.2/bits/locale_facets.h:3502: error: ‘size_t’ has not been declared
/usr/include/c++/4.2/bits/locale_facets.h:3551: error: ‘size_t’ does not name a type
/usr/include/c++/4.2/bits/locale_facets.h:3556: error: ‘size_t’ does not name a type
/usr/include/c++/4.2/bits/locale_facets.h:3558: error: ‘size_t’ does not name a type
/usr/include/c++/4.2/bits/locale_facets.h:3560: error: ‘size_t’ does not name a type
/usr/include/c++/4.2/bits/locale_facets.h:3572: error: expected `)' before ‘__refs’
/usr/include/c++/4.2/bits/locale_facets.h:3644: error: expected `)' before ‘__refs’
/usr/include/c++/4.2/bits/locale_facets.h:3656: error: ‘size_t’ has not been declared
/usr/include/c++/4.2/bits/locale_facets.h:3671: error: ‘size_t’ has not been declared
/usr/include/c++/4.2/bits/locale_facets.h:4011: error: ‘size_t’ has not been declared
/usr/include/c++/4.2/bits/locale_facets.h:4067: error: expected `)' before ‘__refs’
/usr/include/c++/4.2/bits/locale_facets.h:4215: error: expected `)' before ‘__refs’
/usr/include/c++/4.2/bits/locale_facets.h:4392: error: expected `)' before ‘__refs’
/usr/include/c++/4.2/bits/locale_facets.h:4406: error: ‘size_t’ has not been declared
/usr/include/c++/4.2/bits/locale_facets.h:4588: error: ‘size_t’ has not been declared
In file included from /usr/include/c++/4.2/bits/locale_facets.h:4599,
                 from /usr/include/c++/4.2/bits/basic_ios.h:44,
                 from /usr/include/c++/4.2/ios:50,
                 from /usr/include/c++/4.2/ostream:45,
                 from /usr/include/c++/4.2/iostream:45,
                 from ./src/graphics.cpp:8:
/usr/include/c++/4.2/i486-linux-gnu/bits/messages_members.h:45: error: expected constructor, destructor, or type conversion before ‘(’ token
/usr/include/c++/4.2/i486-linux-gnu/bits/messages_members.h:52: error: ‘size_t’ has not been declared
/usr/include/c++/4.2/i486-linux-gnu/bits/messages_members.h: In constructor ‘std::messages<_CharT>::messages(__locale_struct*, const char*, int)’:
/usr/include/c++/4.2/i486-linux-gnu/bits/messages_members.h:55: error: ‘size_t’ does not name a type
/usr/include/c++/4.2/i486-linux-gnu/bits/messages_members.h:56: error: ‘__len’ was not declared in this scope
/usr/include/c++/4.2/i486-linux-gnu/bits/messages_members.h: At global scope:
/usr/include/c++/4.2/i486-linux-gnu/bits/messages_members.h:100: error: ‘size_t’ has not been declared
/usr/include/c++/4.2/i486-linux-gnu/bits/messages_members.h: In constructor ‘std::messages_byname<_CharT>::messages_byname(const char*, int)’:
/usr/include/c++/4.2/i486-linux-gnu/bits/messages_members.h:105: error: ‘strlen’ is not a member of ‘std’
In file included from /usr/include/c++/4.2/bits/basic_ios.h:465,
                 from /usr/include/c++/4.2/ios:50,
                 from /usr/include/c++/4.2/ostream:45,
                 from /usr/include/c++/4.2/iostream:45,
                 from ./src/graphics.cpp:8:
/usr/include/c++/4.2/bits/basic_ios.h: At global scope:
/usr/include/c++/4.2/bits/basic_ios.h: In instantiation of ‘std::basic_ios<char, std::char_traits<char> >’:
/usr/include/c++/4.2/bits/basic_ios.tcc:193:   instantiated from here
/usr/include/c++/4.2/bits/basic_ios.h:68: error: no type named ‘off_type’ in ‘struct std::char_traits<char>’
/usr/include/c++/4.2/bits/basic_ios.h: In instantiation of ‘std::basic_ios<wchar_t, std::char_traits<wchar_t> >’:
/usr/include/c++/4.2/bits/basic_ios.tcc:196:   instantiated from here
/usr/include/c++/4.2/bits/basic_ios.h:68: error: no type named ‘off_type’ in ‘struct std::char_traits<wchar_t>’
In file included from /usr/include/c++/4.2/iostream:45,
                 from ./src/graphics.cpp:8:
/usr/include/c++/4.2/ostream:291: error: ‘streamsize’ has not been declared
/usr/include/c++/4.2/ostream:315: error: ‘streamsize’ has not been declared
/usr/include/c++/4.2/ostream: In member function ‘void std::basic_ostream<_CharT, _Traits>::_M_write(const _CharT*, int)’:
/usr/include/c++/4.2/ostream:293: error: ‘streamsize’ does not name a type
/usr/include/c++/4.2/ostream:294: error: ‘__put’ was not declared in this scope
/usr/include/c++/4.2/ostream: In function ‘std::basic_ostream<_CharT, _Traits>& std::operator<<(std::basic_ostream<_CharT, _Traits>&, const _CharT*)’:
/usr/include/c++/4.2/ostream:501: error: expected type-specifier before ‘streamsize’
/usr/include/c++/4.2/ostream:501: error: expected `>' before ‘streamsize’
/usr/include/c++/4.2/ostream:501: error: expected `(' before ‘streamsize’
/usr/include/c++/4.2/ostream:501: error: ‘streamsize’ was not declared in this scope
/usr/include/c++/4.2/ostream: In function ‘std::basic_ostream<char, _Traits>& std::operator<<(std::basic_ostream<char, _Traits>&, const char*)’:
/usr/include/c++/4.2/ostream:518: error: expected type-specifier before ‘streamsize’
/usr/include/c++/4.2/ostream:518: error: expected `>' before ‘streamsize’
/usr/include/c++/4.2/ostream:518: error: expected `(' before ‘streamsize’
/usr/include/c++/4.2/ostream:518: error: ‘streamsize’ was not declared in this scope
In file included from /usr/include/c++/4.2/locale:46,
                 from /usr/include/c++/4.2/bits/ostream.tcc:46,
                 from /usr/include/c++/4.2/ostream:572,
                 from /usr/include/c++/4.2/iostream:45,
                 from ./src/graphics.cpp:8:
/usr/include/c++/4.2/bits/locale_facets.tcc: In function ‘bool std::has_facet(const std::locale&)’:
/usr/include/c++/4.2/bits/locale_facets.tcc:92: error: ‘size_t’ does not name a type
/usr/include/c++/4.2/bits/locale_facets.tcc:94: error: ‘__i’ was not declared in this scope
/usr/include/c++/4.2/bits/locale_facets.tcc:94: error: ‘class std::locale::_Impl’ has no member named ‘_M_facets_size’
/usr/include/c++/4.2/bits/locale_facets.tcc: In function ‘const _Facet& std::use_facet(const std::locale&)’:
/usr/include/c++/4.2/bits/locale_facets.tcc:114: error: ‘size_t’ does not name a type
/usr/include/c++/4.2/bits/locale_facets.tcc:116: error: ‘__i’ was not declared in this scope
/usr/include/c++/4.2/bits/locale_facets.tcc:116: error: ‘class std::locale::_Impl’ has no member named ‘_M_facets_size’
/usr/include/c++/4.2/bits/locale_facets.tcc:118: error: ‘__i’ was not declared in this scope
/usr/include/c++/4.2/bits/locale_facets.tcc: In member function ‘const std::__numpunct_cache<_CharT>* std::__use_cache<std::__numpunct_cache<_CharT> >::operator()(const std::locale&) const’:
/usr/include/c++/4.2/bits/locale_facets.tcc:138: error: ‘size_t’ does not name a type
/usr/include/c++/4.2/bits/locale_facets.tcc:140: error: ‘__i’ was not declared in this scope
/usr/include/c++/4.2/bits/locale_facets.tcc:155: error: ‘__i’ was not declared in this scope
/usr/include/c++/4.2/bits/locale_facets.tcc: In member function ‘const std::__moneypunct_cache<_CharT, _Intl>* std::__use_cache<std::__moneypunct_cache<_CharT, _Intl> >::operator()(const std::locale&) const’:
/usr/include/c++/4.2/bits/locale_facets.tcc:165: error: ‘size_t’ does not name a type
/usr/include/c++/4.2/bits/locale_facets.tcc:167: error: ‘__i’ was not declared in this scope
/usr/include/c++/4.2/bits/locale_facets.tcc:183: error: ‘__i’ was not declared in this scope
/usr/include/c++/4.2/bits/locale_facets.tcc: In member function ‘void std::__numpunct_cache<_CharT>::_M_cache(const std::locale&)’:
/usr/include/c++/4.2/bits/locale_facets.tcc:195: error: ‘_M_grouping_size’ was not declared in this scope
/usr/include/c++/4.2/bits/locale_facets.tcc:202: error: ‘_M_truename_size’ was not declared in this scope
/usr/include/c++/4.2/bits/locale_facets.tcc:207: error: ‘_M_falsename_size’ was not declared in this scope
/usr/include/c++/4.2/bits/locale_facets.tcc: In member function ‘void std::__moneypunct_cache<_CharT, _Intl>::_M_cache(const std::locale&)’:
/usr/include/c++/4.2/bits/locale_facets.tcc:231: error: ‘_M_grouping_size’ was not declared in this scope
/usr/include/c++/4.2/bits/locale_facets.tcc:242: error: ‘_M_curr_symbol_size’ was not declared in this scope
/usr/include/c++/4.2/bits/locale_facets.tcc:247: error: ‘_M_positive_sign_size’ was not declared in this scope
/usr/include/c++/4.2/bits/locale_facets.tcc:252: error: ‘_M_negative_sign_size’ was not declared in this scope
/usr/include/c++/4.2/bits/locale_facets.tcc: At global scope:
/usr/include/c++/4.2/bits/locale_facets.tcc:275: error: ‘size_t’ has not been declared
/usr/include/c++/4.2/bits/locale_facets.tcc: In member function ‘_InIter std::num_get<_CharT, _InIter>::_M_extract_float(_InIter, _InIter, std::ios_base&, std::_Ios_Iostate&, std::string&) const’:
/usr/include/c++/4.2/bits/locale_facets.tcc:345: error: ‘struct std::string’ has no member named ‘reserve’
/usr/include/c++/4.2/bits/locale_facets.tcc:430: error: ‘struct std::string’ has no member named ‘size’
/usr/include/c++/4.2/bits/locale_facets.tcc:453: error: ‘struct std::string’ has no member named ‘size’
/usr/include/c++/4.2/bits/locale_facets.tcc:489: error: ‘struct std::string’ has no member named ‘size’
/usr/include/c++/4.2/bits/locale_facets.tcc: In member function ‘_InIter std::num_get<_CharT, _InIter>::_M_extract_int(_InIter, _InIter, std::ios_base&, std::_Ios_Iostate&, _ValueT&) const’:
/usr/include/c++/4.2/bits/locale_facets.tcc:603: error: ‘size_t’ does not name a type
/usr/include/c++/4.2/bits/locale_facets.tcc:609: error: ‘struct std::string’ has no member named ‘reserve’
/usr/include/c++/4.2/bits/locale_facets.tcc:622: error: ‘__len’ was not declared in this scope
/usr/include/c++/4.2/bits/locale_facets.tcc:666: error: ‘__len’ was not declared in this scope
/usr/include/c++/4.2/bits/locale_facets.tcc:692: error: ‘struct std::string’ has no member named ‘size’
/usr/include/c++/4.2/bits/locale_facets.tcc:704: error: ‘struct std::string’ has no member named ‘size’
/usr/include/c++/4.2/bits/locale_facets.tcc: In member function ‘virtual _InIter std::num_get<_CharT, _InIter>::do_get(_InIter, _InIter, std::ios_base&, std::_Ios_Iostate&, bool&) const’:
/usr/include/c++/4.2/bits/locale_facets.tcc:744: error: ‘size_t’ was not declared in this scope
/usr/include/c++/4.2/bits/locale_facets.tcc:744: error: expected `;' before ‘__n’
/usr/include/c++/4.2/bits/locale_facets.tcc:746: error: ‘__n’ was not declared in this scope
/usr/include/c++/4.2/bits/locale_facets.tcc: In member function ‘virtual _InIter std::num_get<_CharT, _InIter>::do_get(_InIter, _InIter, std::ios_base&, std::_Ios_Iostate&, float&) const’:
/usr/include/c++/4.2/bits/locale_facets.tcc:832: error: ‘struct std::string’ has no member named ‘reserve’
/usr/include/c++/4.2/bits/locale_facets.tcc: In member function ‘virtual _InIter std::num_get<_CharT, _InIter>::do_get(_InIter, _InIter, std::ios_base&, std::_Ios_Iostate&, double&) const’:
/usr/include/c++/4.2/bits/locale_facets.tcc:845: error: ‘struct std::string’ has no member named ‘reserve’
/usr/include/c++/4.2/bits/locale_facets.tcc: In member function ‘virtual _InIter std::num_get<_CharT, _InIter>::do_get(_InIter, _InIter, std::ios_base&, std::_Ios_Iostate&, long double&) const’:
/usr/include/c++/4.2/bits/locale_facets.tcc:873: error: ‘struct std::string’ has no member named ‘reserve’
/usr/include/c++/4.2/bits/locale_facets.tcc: At global scope:
/usr/include/c++/4.2/bits/locale_facets.tcc:906: error: ‘streamsize’ has not been declared
/usr/include/c++/4.2/bits/locale_facets.tcc:965: error: ‘size_t’ has not been declared
/usr/include/c++/4.2/bits/locale_facets.tcc: In member function ‘_OutIter std::num_put<_CharT, _OutIter>::_M_insert_int(_OutIter, std::ios_base&, _CharT, _ValueT) const’:
/usr/include/c++/4.2/bits/locale_facets.tcc:1045: error: ‘streamsize’ does not name a type
/usr/include/c++/4.2/bits/locale_facets.tcc:1046: error: ‘__w’ was not declared in this scope
/usr/include/c++/4.2/bits/locale_facets.tcc:1046: error: expected type-specifier before ‘streamsize’
/usr/include/c++/4.2/bits/locale_facets.tcc:1046: error: expected `>' before ‘streamsize’
/usr/include/c++/4.2/bits/locale_facets.tcc:1046: error: expected `(' before ‘streamsize’
/usr/include/c++/4.2/bits/locale_facets.tcc:1046: error: ‘streamsize’ was not declared in this scope
/usr/include/c++/4.2/bits/locale_facets.tcc:1047: error: expected `)' before ‘{’ token
/usr/include/c++/4.2/bits/locale_facets.tcc: At global scope:
/usr/include/c++/4.2/bits/locale_facets.tcc:1063: error: ‘size_t’ has not been declared
/usr/include/c++/4.2/bits/locale_facets.tcc: In member function ‘_OutIter std::num_put<_CharT, _OutIter>::_M_insert_float(_OutIter, std::ios_base&, _CharT, char, _ValueT) const’:
/usr/include/c++/4.2/bits/locale_facets.tcc:1108: error: ‘streamsize’ does not name a type
/usr/include/c++/4.2/bits/locale_facets.tcc:1124: error: ‘__prec’ was not declared in this scope
/usr/include/c++/4.2/bits/locale_facets.tcc:1181: error: ‘streamsize’ was not declared in this scope
/usr/include/c++/4.2/bits/locale_facets.tcc:1181: error: expected `;' before ‘__off’
/usr/include/c++/4.2/bits/locale_facets.tcc:1184: error: ‘__off’ was not declared in this scope
/usr/include/c++/4.2/bits/locale_facets.tcc:1190: error: ‘__off’ was not declared in this scope
/usr/include/c++/4.2/bits/locale_facets.tcc:1198: error: ‘streamsize’ does not name a type
/usr/include/c++/4.2/bits/locale_facets.tcc:1199: error: ‘__w’ was not declared in this scope
/usr/include/c++/4.2/bits/locale_facets.tcc:1199: error: expected type-specifier before ‘streamsize’
/usr/include/c++/4.2/bits/locale_facets.tcc:1199: error: expected `>' before ‘streamsize’
/usr/include/c++/4.2/bits/locale_facets.tcc:1199: error: expected `(' before ‘streamsize’
/usr/include/c++/4.2/bits/locale_facets.tcc:1199: error: ‘streamsize’ was not declared in this scope
/usr/include/c++/4.2/bits/locale_facets.tcc:1200: error: expected `)' before ‘{’ token
/usr/include/c++/4.2/bits/locale_facets.tcc: In member function ‘virtual _OutIter std::num_put<_CharT, _OutIter>::do_put(_OutIter, std::ios_base&, _CharT, bool) const’:
/usr/include/c++/4.2/bits/locale_facets.tcc:1236: error: ‘streamsize’ does not name a type
/usr/include/c++/4.2/bits/locale_facets.tcc:1237: error: ‘__w’ was not declared in this scope
/usr/include/c++/4.2/bits/locale_facets.tcc:1237: error: expected type-specifier before ‘streamsize’
/usr/include/c++/4.2/bits/locale_facets.tcc:1237: error: expected `>' before ‘streamsize’
/usr/include/c++/4.2/bits/locale_facets.tcc:1237: error: expected `(' before ‘streamsize’
/usr/include/c++/4.2/bits/locale_facets.tcc:1237: error: ‘streamsize’ was not declared in this scope
/usr/include/c++/4.2/bits/locale_facets.tcc:1238: error: expected `)' before ‘{’ token
/usr/include/c++/4.2/bits/locale_facets.tcc: In member function ‘_InIter std::money_get<_CharT, _InIter>::_M_extract(_InIter, _InIter, std::ios_base&, std::_Ios_Iostate&, std::string&) const’:
/usr/include/c++/4.2/bits/locale_facets.tcc:1347: error: ‘struct std::string’ has no member named ‘reserve’
/usr/include/c++/4.2/bits/locale_facets.tcc:1359: error: ‘struct std::string’ has no member named ‘reserve’
/usr/include/c++/4.2/bits/locale_facets.tcc:1492: error: ‘struct std::string’ has no member named ‘size’
/usr/include/c++/4.2/bits/locale_facets.tcc:1494: error: ‘struct std::string’ has no member named ‘find_first_not_of’
/usr/include/c++/4.2/bits/locale_facets.tcc:1495: error: ‘npos’ is not a member of ‘std::string’
/usr/include/c++/4.2/bits/locale_facets.tcc:1497: error: ‘struct std::string’ has no member named ‘size’
/usr/include/c++/4.2/bits/locale_facets.tcc:1501: error: no match for ‘operator[]’ in ‘__res[0]’
/usr/include/c++/4.2/bits/locale_facets.tcc:1505: error: ‘struct std::string’ has no member named ‘size’
/usr/include/c++/4.2/bits/locale_facets.tcc: In member function ‘virtual _InIter std::money_get<_CharT, _InIter>::do_get(_InIter, _InIter, bool, std::ios_base&, std::_Ios_Iostate&, std::basic_string<_CharT, std::char_traits<_CharT>, std::allocator<_CharT> >&) const’:
/usr/include/c++/4.2/bits/locale_facets.tcc:1568: error: invalid combination of multiple type-specifiers
/usr/include/c++/4.2/bits/locale_facets.tcc:1568: error: invalid type in declaration before ‘;’ token
/usr/include/c++/4.2/bits/locale_facets.tcc:1576: error: ‘struct std::string’ has no member named ‘size’
/usr/include/c++/4.2/bits/locale_facets.tcc: In member function ‘_OutIter std::money_put<_CharT, _OutIter>::_M_insert(_OutIter, std::ios_base&, _CharT, const std::basic_string<_CharT, std::char_traits<_CharT>, std::allocator<_CharT> >&) const’:
/usr/include/c++/4.2/bits/locale_facets.tcc:1681: error: ‘class std::ios_base’ has no member named ‘width’
/usr/include/c++/4.2/bits/locale_facets.tcc:1741: error: ‘class std::ios_base’ has no member named ‘width’
/usr/include/c++/4.2/bits/locale_facets.tcc: In member function ‘_InIter std::time_get<_CharT, _InIter>::_M_extract_via_format(_InIter, _InIter, std::ios_base&, std::_Ios_Iostate&, tm*, const _CharT*) const’:
/usr/include/c++/4.2/bits/locale_facets.tcc:1821: error: ‘size_t’ does not name a type
/usr/include/c++/4.2/bits/locale_facets.tcc:1824: error: ‘size_t’ was not declared in this scope
/usr/include/c++/4.2/bits/locale_facets.tcc:1824: error: expected `;' before ‘__i’
/usr/include/c++/4.2/bits/locale_facets.tcc:1824: error: ‘__i’ was not declared in this scope
/usr/include/c++/4.2/bits/locale_facets.tcc:1824: error: ‘__len’ was not declared in this scope
/usr/include/c++/4.2/bits/locale_facets.tcc: At global scope:
/usr/include/c++/4.2/bits/locale_facets.tcc:2028: error: ‘size_t’ has not been declared
/usr/include/c++/4.2/bits/locale_facets.tcc: In member function ‘_InIter std::time_get<_CharT, _InIter>::_M_extract_num(_InIter, _InIter, int&, int, int, int, std::ios_base&, std::_Ios_Iostate&) const’:
/usr/include/c++/4.2/bits/locale_facets.tcc:2038: error: ‘size_t’ was not declared in this scope
/usr/include/c++/4.2/bits/locale_facets.tcc:2038: error: expected `;' before ‘__i’
/usr/include/c++/4.2/bits/locale_facets.tcc:2040: error: ‘__i’ was not declared in this scope
/usr/include/c++/4.2/bits/locale_facets.tcc:2054: error: ‘__i’ was not declared in this scope
/usr/include/c++/4.2/bits/locale_facets.tcc: At global scope:
/usr/include/c++/4.2/bits/locale_facets.tcc:2068: error: ‘size_t’ has not been declared
/usr/include/c++/4.2/bits/locale_facets.tcc: In member function ‘_InIter std::time_get<_CharT, _InIter>::_M_extract_name(_InIter, _InIter, int&, const _CharT**, int, std::ios_base&, std::_Ios_Iostate&) const’:
/usr/include/c++/4.2/bits/locale_facets.tcc:2077: error: ‘size_t’ was not declared in this scope
/usr/include/c++/4.2/bits/locale_facets.tcc:2077: error: expected `;' before ‘__nmatches’
/usr/include/c++/4.2/bits/locale_facets.tcc:2078: error: expected `;' before ‘__pos’
/usr/include/c++/4.2/bits/locale_facets.tcc:2089: error: expected `;' before ‘__i1’
/usr/include/c++/4.2/bits/locale_facets.tcc:2089: error: ‘__i1’ was not declared in this scope
/usr/include/c++/4.2/bits/locale_facets.tcc:2092: error: ‘__nmatches’ was not declared in this scope
/usr/include/c++/4.2/bits/locale_facets.tcc:2095: error: ‘__nmatches’ was not declared in this scope
/usr/include/c++/4.2/bits/locale_facets.tcc:2098: error: expected `;' before ‘__minlen’
/usr/include/c++/4.2/bits/locale_facets.tcc:2099: error: expected `;' before ‘__i2’
/usr/include/c++/4.2/bits/locale_facets.tcc:2099: error: ‘__i2’ was not declared in this scope
/usr/include/c++/4.2/bits/locale_facets.tcc:2100: error: ‘__minlen’ was not declared in this scope
/usr/include/c++/4.2/bits/locale_facets.tcc:2102: error: ‘__pos’ was not declared in this scope
/usr/include/c++/4.2/bits/locale_facets.tcc:2103: error: ‘__minlen’ was not declared in this scope
/usr/include/c++/4.2/bits/locale_facets.tcc:2104: error: expected `;' before ‘__i3’
/usr/include/c++/4.2/bits/locale_facets.tcc:2104: error: ‘__i3’ was not declared in this scope
/usr/include/c++/4.2/bits/locale_facets.tcc:2116: error: ‘__nmatches’ was not declared in this scope
/usr/include/c++/4.2/bits/locale_facets.tcc:2119: error: ‘__pos’ was not declared in this scope
/usr/include/c++/4.2/bits/locale_facets.tcc:2121: error: ‘size_t’ does not name a type
/usr/include/c++/4.2/bits/locale_facets.tcc:2122: error: ‘__len’ was not declared in this scope
/usr/include/c++/4.2/bits/locale_facets.tcc:2125: error: ‘__len’ was not declared in this scope
/usr/include/c++/4.2/bits/locale_facets.tcc: In member function ‘virtual _InIter std::time_get<_CharT, _InIter>::do_get_weekday(_InIter, _InIter, std::ios_base&, std::_Ios_Iostate&, tm*) const’:
/usr/include/c++/4.2/bits/locale_facets.tcc:2197: error: ‘size_t’ was not declared in this scope
/usr/include/c++/4.2/bits/locale_facets.tcc:2197: error: expected `;' before ‘__pos’
/usr/include/c++/4.2/bits/locale_facets.tcc:2200: error: ‘__pos’ was not declared in this scope
/usr/include/c++/4.2/bits/locale_facets.tcc:2203: error: ‘size_t’ does not name a type
/usr/include/c++/4.2/bits/locale_facets.tcc:2204: error: ‘__len’ was not declared in this scope
/usr/include/c++/4.2/bits/locale_facets.tcc:2207: error: ‘__len’ was not declared in this scope
/usr/include/c++/4.2/bits/locale_facets.tcc: In member function ‘virtual _InIter std::time_get<_CharT, _InIter>::do_get_monthname(_InIter, _InIter, std::ios_base&, std::_Ios_Iostate&, tm*) const’:
/usr/include/c++/4.2/bits/locale_facets.tcc:2246: error: ‘size_t’ was not declared in this scope
/usr/include/c++/4.2/bits/locale_facets.tcc:2246: error: expected `;' before ‘__pos’
/usr/include/c++/4.2/bits/locale_facets.tcc:2249: error: ‘__pos’ was not declared in this scope
/usr/include/c++/4.2/bits/locale_facets.tcc:2252: error: ‘size_t’ does not name a type
/usr/include/c++/4.2/bits/locale_facets.tcc:2253: error: ‘__len’ was not declared in this scope
/usr/include/c++/4.2/bits/locale_facets.tcc:2256: error: ‘__len’ was not declared in this scope
/usr/include/c++/4.2/bits/locale_facets.tcc: In member function ‘virtual _InIter std::time_get<_CharT, _InIter>::do_get_year(_InIter, _InIter, std::ios_base&, std::_Ios_Iostate&, tm*) const’:
/usr/include/c++/4.2/bits/locale_facets.tcc:2279: error: ‘size_t’ was not declared in this scope
/usr/include/c++/4.2/bits/locale_facets.tcc:2279: error: expected `;' before ‘__i’
/usr/include/c++/4.2/bits/locale_facets.tcc:2281: error: ‘__i’ was not declared in this scope
/usr/include/c++/4.2/bits/locale_facets.tcc:2289: error: ‘__i’ was not declared in this scope
/usr/include/c++/4.2/bits/locale_facets.tcc: In member function ‘virtual _OutIter std::time_put<_CharT, _OutIter>::do_put(_OutIter, std::ios_base&, _CharT, const tm*, char, char) const’:
/usr/include/c++/4.2/bits/locale_facets.tcc:2346: error: ‘size_t’ does not name a type
/usr/include/c++/4.2/bits/locale_facets.tcc:2348: error: ‘__maxlen’ was not declared in this scope
/usr/include/c++/4.2/bits/locale_facets.tcc: At global scope:
/usr/include/c++/4.2/bits/locale_facets.tcc:2384: error: expected constructor, destructor, or type conversion before ‘collate’
/usr/include/c++/4.2/bits/locale_facets.tcc: In member function ‘virtual typename std::collate<_CharT>::string_type std::collate<_CharT>::do_transform(const _CharT*, const _CharT*) const’:
/usr/include/c++/4.2/bits/locale_facets.tcc:2439: error: ‘size_t’ was not declared in this scope
/usr/include/c++/4.2/bits/locale_facets.tcc:2439: error: expected `;' before ‘__len’
/usr/include/c++/4.2/bits/locale_facets.tcc:2441: error: ‘__len’ was not declared in this scope
/usr/include/c++/4.2/bits/locale_facets.tcc:2451: error: expected `;' before ‘__res’
/usr/include/c++/4.2/bits/locale_facets.tcc:2454: error: ‘__res’ was not declared in this scope
/usr/include/c++/4.2/bits/locale_facets.tcc:2462: error: ‘__res’ was not declared in this scope
/usr/include/c++/4.2/bits/locale_facets.tcc: At global scope:
/usr/include/c++/4.2/bits/locale_facets.tcc:2509: error: expected ‘,’ or ‘...’ before ‘__newlen’
/usr/include/c++/4.2/bits/locale_facets.tcc: In static member function ‘static void std::__pad<_CharT, _Traits>::_S_pad(std::ios_base&, _CharT, _CharT*, const _CharT*, int)’:
/usr/include/c++/4.2/bits/locale_facets.tcc:2512: error: ‘size_t’ does not name a type
/usr/include/c++/4.2/bits/locale_facets.tcc:2518: error: ‘__oldlen’ was not declared in this scope
/usr/include/c++/4.2/bits/locale_facets.tcc:2519: error: ‘__plen’ was not declared in this scope
/usr/include/c++/4.2/bits/locale_facets.tcc:2523: error: ‘size_t’ was not declared in this scope
/usr/include/c++/4.2/bits/locale_facets.tcc:2523: error: expected `;' before ‘__mod’
/usr/include/c++/4.2/bits/locale_facets.tcc:2524: error: ‘__num’ was not declared in this scope
/usr/include/c++/4.2/bits/locale_facets.tcc:2535: error: ‘__oldlen’ was not declared in this scope
/usr/include/c++/4.2/bits/locale_facets.tcc:2542: error: ‘__mod’ was not declared in this scope
/usr/include/c++/4.2/bits/locale_facets.tcc:2548: error: ‘__mod’ was not declared in this scope
/usr/include/c++/4.2/bits/locale_facets.tcc:2553: error: ‘__plen’ was not declared in this scope
/usr/include/c++/4.2/bits/locale_facets.tcc:2554: error: ‘__mod’ was not declared in this scope
/usr/include/c++/4.2/bits/locale_facets.tcc:2555: error: ‘__oldlen’ was not declared in this scope
/usr/include/c++/4.2/bits/locale_facets.tcc: At global scope:
/usr/include/c++/4.2/bits/locale_facets.tcc:2559: error: ‘size_t’ has not been declared
/usr/include/c++/4.2/bits/locale_facets.tcc: In function ‘bool std::__verify_grouping(const char*, int, const std::string&)’:
/usr/include/c++/4.2/bits/locale_facets.tcc:2562: error: ‘size_t’ does not name a type
/usr/include/c++/4.2/bits/locale_facets.tcc:2563: error: ‘size_t’ does not name a type
/usr/include/c++/4.2/bits/locale_facets.tcc:2564: error: ‘size_t’ was not declared in this scope
/usr/include/c++/4.2/bits/locale_facets.tcc:2564: error: expected `;' before ‘__i’
/usr/include/c++/4.2/bits/locale_facets.tcc:2570: error: expected `;' before ‘__j’
/usr/include/c++/4.2/bits/locale_facets.tcc:2570: error: ‘__j’ was not declared in this scope
/usr/include/c++/4.2/bits/locale_facets.tcc:2570: error: ‘__min’ was not declared in this scope
/usr/include/c++/4.2/bits/locale_facets.tcc:2570: error: ‘__i’ was not declared in this scope
/usr/include/c++/4.2/bits/locale_facets.tcc:2572: error: ‘__i’ was not declared in this scope
/usr/include/c++/4.2/bits/locale_facets.tcc:2573: error: ‘__min’ was not declared in this scope
/usr/include/c++/4.2/bits/locale_facets.tcc:2577: error: ‘__min’ was not declared in this scope
/usr/include/c++/4.2/bits/locale_facets.tcc:2578: error: no match for ‘operator[]’ in ‘__grouping_tmp[0]’
/usr/include/c++/4.2/bits/locale_facets.tcc: At global scope:
/usr/include/c++/4.2/bits/locale_facets.tcc:2585: error: ‘size_t’ has not been declared
/usr/include/c++/4.2/bits/locale_facets.tcc: In function ‘_CharT* std::__add_grouping(_CharT*, _CharT, const char*, int, const _CharT*, const _CharT*)’:
/usr/include/c++/4.2/bits/locale_facets.tcc:2588: error: ‘size_t’ was not declared in this scope
/usr/include/c++/4.2/bits/locale_facets.tcc:2588: error: expected `;' before ‘__idx’
/usr/include/c++/4.2/bits/locale_facets.tcc:2589: error: expected `;' before ‘__ctr’
/usr/include/c++/4.2/bits/locale_facets.tcc:2591: error: ‘__idx’ was not declared in this scope
/usr/include/c++/4.2/bits/locale_facets.tcc:2595: error: ‘__ctr’ was not declared in this scope
/usr/include/c++/4.2/bits/locale_facets.tcc:2601: error: ‘__ctr’ was not declared in this scope
/usr/include/c++/4.2/bits/locale_facets.tcc:2604: error: ‘__idx’ was not declared in this scope
/usr/include/c++/4.2/bits/locale_facets.tcc:2608: error: ‘__idx’ was not declared in this scope
In file included from /usr/include/c++/4.2/ostream:572,
                 from /usr/include/c++/4.2/iostream:45,
                 from ./src/graphics.cpp:8:
/usr/include/c++/4.2/bits/ostream.tcc: At global scope:
/usr/include/c++/4.2/bits/ostream.tcc:173: error: ‘streamsize’ has not been declared
/usr/include/c++/4.2/bits/ostream.tcc: In function ‘std::basic_ostream<_CharT, _Traits>& std::operator<<(std::basic_ostream<_CharT, _Traits>&, const char*)’:
/usr/include/c++/4.2/bits/ostream.tcc:294: error: ‘size_t’ does not name a type
/usr/include/c++/4.2/bits/ostream.tcc:298: error: ‘__clen’ was not declared in this scope
/usr/include/c++/4.2/bits/ostream.tcc:299: error: ‘size_t’ was not declared in this scope
/usr/include/c++/4.2/bits/ostream.tcc:299: error: expected `;' before ‘__i’
/usr/include/c++/4.2/bits/ostream.tcc:299: error: ‘__i’ was not declared in this scope
/usr/include/c++/4.2/bits/ostream.tcc:311: error: ‘__clen’ was not declared in this scope
/usr/include/c++/4.2/ostream: At global scope:
/usr/include/c++/4.2/ostream: In instantiation of ‘std::basic_ostream<char, std::char_traits<char> >’:
/usr/include/c++/4.2/bits/ostream.tcc:327:   instantiated from here
/usr/include/c++/4.2/ostream:66: error: no type named ‘off_type’ in ‘struct std::char_traits<char>’
/usr/include/c++/4.2/bits/ostream.tcc:260: error: no type named ‘off_type’ in ‘struct std::char_traits<char>’
/usr/include/c++/4.2/ostream: In instantiation of ‘std::basic_ostream<wchar_t, std::char_traits<wchar_t> >’:
/usr/include/c++/4.2/bits/ostream.tcc:350:   instantiated from here
/usr/include/c++/4.2/ostream:66: error: no type named ‘off_type’ in ‘struct std::char_traits<wchar_t>’
/usr/include/c++/4.2/bits/ostream.tcc:260: error: no type named ‘off_type’ in ‘struct std::char_traits<wchar_t>’
In file included from /usr/include/c++/4.2/iostream:46,
                 from ./src/graphics.cpp:8:
/usr/include/c++/4.2/istream:92: error: ‘streamsize’ does not name a type
/usr/include/c++/4.2/istream:259: error: ‘streamsize’ does not name a type
/usr/include/c++/4.2/istream:333: error: ‘streamsize’ has not been declared
/usr/include/c++/4.2/istream:344: error: ‘streamsize’ has not been declared
/usr/include/c++/4.2/istream:406: error: ‘streamsize’ has not been declared
/usr/include/c++/4.2/istream:417: error: ‘streamsize’ has not been declared
/usr/include/c++/4.2/istream:444: error: expected ‘;’ before ‘(’ token
/usr/include/c++/4.2/istream:447: error: expected ‘;’ before ‘(’ token
/usr/include/c++/4.2/istream:476: error: ‘streamsize’ has not been declared
/usr/include/c++/4.2/istream:494: error: ‘streamsize’ does not name a type
/usr/include/c++/4.2/istream: In constructor ‘std::basic_istream<_CharT, _Traits>::basic_istream(std::basic_streambuf<_CharT, _Traits>*)’:
/usr/include/c++/4.2/istream:104: error: class ‘std::basic_istream<_CharT, _Traits>’ does not have any field named ‘_M_gcount’
/usr/include/c++/4.2/istream:104: error: there are no arguments to ‘streamsize’ that depend on a template parameter, so a declaration of ‘streamsize’ must be available
/usr/include/c++/4.2/istream:104: error: (if you use ‘-fpermissive’, G++ will accept your code, but allowing the use of an undeclared name is deprecated)
/usr/include/c++/4.2/istream: In destructor ‘virtual std::basic_istream<_CharT, _Traits>::~basic_istream()’:
/usr/include/c++/4.2/istream:114: error: ‘_M_gcount’ was not declared in this scope
/usr/include/c++/4.2/istream:114: error: there are no arguments to ‘streamsize’ that depend on a template parameter, so a declaration of ‘streamsize’ must be available
/usr/include/c++/4.2/istream: In constructor ‘std::basic_istream<_CharT, _Traits>::basic_istream()’:
/usr/include/c++/4.2/istream:594: error: class ‘std::basic_istream<_CharT, _Traits>’ does not have any field named ‘_M_gcount’
/usr/include/c++/4.2/istream:594: error: there are no arguments to ‘streamsize’ that depend on a template parameter, so a declaration of ‘streamsize’ must be available
/usr/include/c++/4.2/istream: At global scope:
/usr/include/c++/4.2/istream: In instantiation of ‘std::basic_istream<char, std::char_traits<char> >’:
/usr/include/c++/4.2/istream:604:   instantiated from here
/usr/include/c++/4.2/istream:65: error: no type named ‘off_type’ in ‘struct std::char_traits<char>’
/usr/include/c++/4.2/istream:589: error: no type named ‘off_type’ in ‘struct std::char_traits<char>’
/usr/include/c++/4.2/istream:605: error: ‘streamsize’ has not been declared
/usr/include/c++/4.2/istream:610: error: ‘std::basic_istream<char, std::char_traits<char> >& std::basic_istream<char, std::char_traits<char> >::ignore’ is not a static member of ‘struct std::basic_istream<char, std::char_traits<char> >’
/usr/include/c++/4.2/istream:610: error: ‘streamsize’ was not declared in this scope
/usr/include/c++/4.2/istream:615: error: ‘std::basic_istream<char, std::char_traits<char> >& std::basic_istream<char, std::char_traits<char> >::ignore’ is not a static member of ‘struct std::basic_istream<char, std::char_traits<char> >’
/usr/include/c++/4.2/istream:615: error: ‘streamsize’ was not declared in this scope
/usr/include/c++/4.2/istream:615: error: expected primary-expression before ‘__delim’
/usr/include/c++/4.2/istream:615: error: initializer expression list treated as compound expression
/usr/include/c++/4.2/istream: In instantiation of ‘std::basic_istream<wchar_t, std::char_traits<wchar_t> >’:
/usr/include/c++/4.2/istream:620:   instantiated from here
/usr/include/c++/4.2/istream:65: error: no type named ‘off_type’ in ‘struct std::char_traits<wchar_t>’
/usr/include/c++/4.2/istream:589: error: no type named ‘off_type’ in ‘struct std::char_traits<wchar_t>’
/usr/include/c++/4.2/istream:621: error: ‘streamsize’ has not been declared
/usr/include/c++/4.2/istream:626: error: ‘std::basic_istream<wchar_t, std::char_traits<wchar_t> >& std::basic_istream<wchar_t, std::char_traits<wchar_t> >::ignore’ is not a static member of ‘struct std::basic_istream<wchar_t, std::char_traits<wchar_t> >’
/usr/include/c++/4.2/istream:626: error: ‘streamsize’ was not declared in this scope
/usr/include/c++/4.2/istream:631: error: ‘std::basic_istream<wchar_t, std::char_traits<wchar_t> >& std::basic_istream<wchar_t, std::char_traits<wchar_t> >::ignore’ is not a static member of ‘struct std::basic_istream<wchar_t, std::char_traits<wchar_t> >’
/usr/include/c++/4.2/istream:631: error: ‘streamsize’ was not declared in this scope
/usr/include/c++/4.2/istream:631: error: expected primary-expression before ‘__delim’
/usr/include/c++/4.2/istream:631: error: initializer expression list treated as compound expression
In file included from /usr/include/c++/4.2/istream:845,
                 from /usr/include/c++/4.2/iostream:46,
                 from ./src/graphics.cpp:8:
/usr/include/c++/4.2/bits/istream.tcc: In member function ‘typename std::basic_istream<_CharT, _Traits>::int_type std::basic_istream<_CharT, _Traits>::get()’:
/usr/include/c++/4.2/bits/istream.tcc:186: error: ‘_M_gcount’ was not declared in this scope
/usr/include/c++/4.2/bits/istream.tcc: In member function ‘std::basic_istream<_CharT, _Traits>& std::basic_istream<_CharT, _Traits>::get(_CharT&)’:
/usr/include/c++/4.2/bits/istream.tcc:215: error: ‘_M_gcount’ was not declared in this scope
/usr/include/c++/4.2/bits/istream.tcc: At global scope:
/usr/include/c++/4.2/bits/istream.tcc:245: error: ‘streamsize’ has not been declared
/usr/include/c++/4.2/bits/istream.tcc: In member function ‘std::basic_istream<_CharT, _Traits>& std::basic_istream<_CharT, _Traits>::get(_CharT*, int, _CharT)’:
/usr/include/c++/4.2/bits/istream.tcc:247: error: ‘_M_gcount’ was not declared in this scope
/usr/include/c++/4.2/bits/istream.tcc: In member function ‘std::basic_istream<_CharT, _Traits>& std::basic_istream<_CharT, _Traits>::get(std::basic_streambuf<_CharT, _Traits>&, _CharT)’:
/usr/include/c++/4.2/bits/istream.tcc:289: error: ‘_M_gcount’ was not declared in this scope
/usr/include/c++/4.2/bits/istream.tcc: At global scope:
/usr/include/c++/4.2/bits/istream.tcc:326: error: ‘streamsize’ has not been declared
/usr/include/c++/4.2/bits/istream.tcc: In member function ‘std::basic_istream<_CharT, _Traits>& std::basic_istream<_CharT, _Traits>::getline(_CharT*, int, _CharT)’:
/usr/include/c++/4.2/bits/istream.tcc:328: error: ‘_M_gcount’ was not declared in this scope
/usr/include/c++/4.2/bits/istream.tcc: In member function ‘std::basic_istream<_CharT, _Traits>& std::basic_istream<_CharT, _Traits>::ignore()’:
/usr/include/c++/4.2/bits/istream.tcc:383: error: ‘_M_gcount’ was not declared in this scope
/usr/include/c++/4.2/bits/istream.tcc: At global scope:
/usr/include/c++/4.2/bits/istream.tcc:409: error: ‘std::basic_istream<_CharT, _Traits>& std::basic_istream<_CharT, _Traits>::ignore’ is not a static member of ‘class std::basic_istream<_CharT, _Traits>’
/usr/include/c++/4.2/bits/istream.tcc:409: error: template definition of non-template ‘std::basic_istream<_CharT, _Traits>& std::basic_istream<_CharT, _Traits>::ignore’
/usr/include/c++/4.2/bits/istream.tcc:409: error: ‘streamsize’ was not declared in this scope
/usr/include/c++/4.2/bits/istream.tcc:410: error: expected `;' before ‘{’ token
/usr/include/c++/4.2/bits/istream.tcc:465: error: ‘std::basic_istream<_CharT, _Traits>& std::basic_istream<_CharT, _Traits>::ignore’ is not a static member of ‘class std::basic_istream<_CharT, _Traits>’
/usr/include/c++/4.2/bits/istream.tcc:465: error: template definition of non-template ‘std::basic_istream<_CharT, _Traits>& std::basic_istream<_CharT, _Traits>::ignore’
/usr/include/c++/4.2/bits/istream.tcc:465: error: ‘streamsize’ was not declared in this scope
/usr/include/c++/4.2/bits/istream.tcc:465: error: expected primary-expression before ‘__delim’
/usr/include/c++/4.2/bits/istream.tcc:466: error: expected `;' before ‘{’ token
/usr/include/c++/4.2/bits/istream.tcc: In member function ‘typename std::basic_istream<_CharT, _Traits>::int_type std::basic_istream<_CharT, _Traits>::peek()’:
/usr/include/c++/4.2/bits/istream.tcc:526: error: ‘_M_gcount’ was not declared in this scope
/usr/include/c++/4.2/bits/istream.tcc: At global scope:
/usr/include/c++/4.2/bits/istream.tcc:548: error: ‘streamsize’ has not been declared
/usr/include/c++/4.2/bits/istream.tcc: In member function ‘std::basic_istream<_CharT, _Traits>& std::basic_istream<_CharT, _Traits>::read(_CharT*, int)’:
/usr/include/c++/4.2/bits/istream.tcc:550: error: ‘_M_gcount’ was not declared in this scope
/usr/include/c++/4.2/bits/istream.tcc: At global scope:
/usr/include/c++/4.2/bits/istream.tcc:571: error: expected constructor, destructor, or type conversion before ‘basic_istream’
/usr/include/c++/4.2/bits/istream.tcc: In member function ‘std::basic_istream<_CharT, _Traits>& std::basic_istream<_CharT, _Traits>::putback(_CharT)’:
/usr/include/c++/4.2/bits/istream.tcc:603: error: ‘_M_gcount’ was not declared in this scope
/usr/include/c++/4.2/bits/istream.tcc: In member function ‘std::basic_istream<_CharT, _Traits>& std::basic_istream<_CharT, _Traits>::unget()’:
/usr/include/c++/4.2/bits/istream.tcc:631: error: ‘_M_gcount’ was not declared in this scope
/usr/include/c++/4.2/bits/istream.tcc: In function ‘std::basic_istream<_CharT, _Traits>& std::operator>>(std::basic_istream<_CharT, _Traits>&, _CharT2*)’:
/usr/include/c++/4.2/bits/istream.tcc:796: error: ‘streamsize’ was not declared in this scope
/usr/include/c++/4.2/bits/istream.tcc:796: error: expected `;' before ‘__extracted’
/usr/include/c++/4.2/bits/istream.tcc:804: error: expected `;' before ‘__num’
/usr/include/c++/4.2/bits/istream.tcc:805: error: ‘__num’ was not declared in this scope
/usr/include/c++/4.2/bits/istream.tcc:806: error: ‘streamsize’ cannot appear in a constant-expression
/usr/include/c++/4.2/bits/istream.tcc:806: error: template argument 1 is invalid
/usr/include/c++/4.2/bits/istream.tcc:814: error: ‘__extracted’ was not declared in this scope
/usr/include/c++/4.2/bits/istream.tcc:814: error: ‘__num’ was not declared in this scope
/usr/include/c++/4.2/bits/istream.tcc:834: error: ‘__extracted’ was not declared in this scope
/usr/include/c++/4.2/bits/istream.tcc: In function ‘std::basic_istream<_CharT, _Traits>& std::operator>>(std::basic_istream<_CharT, _Traits>&, std::basic_string<_CharT, _Traits, _Alloc>&)’:
/usr/include/c++/4.2/bits/istream.tcc:889: error: ‘streamsize’ does not name a type
/usr/include/c++/4.2/bits/istream.tcc:890: error: ‘__w’ was not declared in this scope
/usr/include/c++/4.2/istream: At global scope:
/usr/include/c++/4.2/istream: In instantiation of ‘std::basic_iostream<char, std::char_traits<char> >’:
/usr/include/c++/4.2/bits/istream.tcc:1019:   instantiated from here
/usr/include/c++/4.2/istream:787: error: no type named ‘off_type’ in ‘struct std::char_traits<char>’
/usr/include/c++/4.2/istream: In instantiation of ‘std::basic_iostream<wchar_t, std::char_traits<wchar_t> >’:
/usr/include/c++/4.2/bits/istream.tcc:1041:   instantiated from here
/usr/include/c++/4.2/istream:787: error: no type named ‘off_type’ in ‘struct std::char_traits<wchar_t>’
In file included from ./src/graphics.cpp:9:
/usr/include/c++/4.2/sstream:171: error: ‘streamsize’ does not name a type
/usr/include/c++/4.2/sstream:204: error: ‘streamsize’ has not been declared
In file included from /usr/include/c++/4.2/sstream:588,
                 from ./src/graphics.cpp:9:
/usr/include/c++/4.2/sstream: In instantiation of ‘std::basic_stringbuf<char, std::char_traits<char>, std::allocator<char> >’:
/usr/include/c++/4.2/bits/sstream.tcc:264:   instantiated from here
/usr/include/c++/4.2/sstream:73: error: no type named ‘off_type’ in ‘struct std::char_traits<char>’
/usr/include/c++/4.2/bits/sstream.tcc:155: error: no type named ‘off_type’ in ‘struct std::char_traits<char>’
/usr/include/c++/4.2/sstream: In instantiation of ‘std::basic_istringstream<char, std::char_traits<char>, std::allocator<char> >’:
/usr/include/c++/4.2/bits/sstream.tcc:265:   instantiated from here
/usr/include/c++/4.2/sstream:272: error: no type named ‘off_type’ in ‘struct std::char_traits<char>’
/usr/include/c++/4.2/sstream: In instantiation of ‘std::basic_ostringstream<char, std::char_traits<char>, std::allocator<char> >’:
/usr/include/c++/4.2/bits/sstream.tcc:266:   instantiated from here
/usr/include/c++/4.2/sstream:385: error: no type named ‘off_type’ in ‘struct std::char_traits<char>’
/usr/include/c++/4.2/sstream: In instantiation of ‘std::basic_stringstream<char, std::char_traits<char>, std::allocator<char> >’:
/usr/include/c++/4.2/bits/sstream.tcc:267:   instantiated from here
/usr/include/c++/4.2/sstream:498: error: no type named ‘off_type’ in ‘struct std::char_traits<char>’
/usr/include/c++/4.2/sstream: In instantiation of ‘std::basic_stringbuf<wchar_t, std::char_traits<wchar_t>, std::allocator<wchar_t> >’:
/usr/include/c++/4.2/bits/sstream.tcc:270:   instantiated from here
/usr/include/c++/4.2/sstream:73: error: no type named ‘off_type’ in ‘struct std::char_traits<wchar_t>’
/usr/include/c++/4.2/bits/sstream.tcc:155: error: no type named ‘off_type’ in ‘struct std::char_traits<wchar_t>’
/usr/include/c++/4.2/sstream: In instantiation of ‘std::basic_istringstream<wchar_t, std::char_traits<wchar_t>, std::allocator<wchar_t> >’:
/usr/include/c++/4.2/bits/sstream.tcc:271:   instantiated from here
/usr/include/c++/4.2/sstream:272: error: no type named ‘off_type’ in ‘struct std::char_traits<wchar_t>’
/usr/include/c++/4.2/sstream: In instantiation of ‘std::basic_ostringstream<wchar_t, std::char_traits<wchar_t>, std::allocator<wchar_t> >’:
/usr/include/c++/4.2/bits/sstream.tcc:272:   instantiated from here
/usr/include/c++/4.2/sstream:385: error: no type named ‘off_type’ in ‘struct std::char_traits<wchar_t>’
/usr/include/c++/4.2/sstream: In instantiation of ‘std::basic_stringstream<wchar_t, std::char_traits<wchar_t>, std::allocator<wchar_t> >’:
/usr/include/c++/4.2/bits/sstream.tcc:273:   instantiated from here
/usr/include/c++/4.2/sstream:498: error: no type named ‘off_type’ in ‘struct std::char_traits<wchar_t>’
In file included from /usr/include/c++/4.2/set:65,
                 from ./src/core.h:7,
                 from ./src/graphics.h:5,
                 from ./src/graphics.cpp:12:
/usr/include/c++/4.2/bits/stl_tree.h:159: error: ‘ptrdiff_t’ does not name a type
/usr/include/c++/4.2/bits/stl_tree.h:231: error: ‘ptrdiff_t’ does not name a type
/usr/include/c++/4.2/bits/stl_tree.h:348: error: ‘size_t’ does not name a type
/usr/include/c++/4.2/bits/stl_tree.h:349: error: ‘ptrdiff_t’ does not name a type
/usr/include/c++/4.2/bits/stl_tree.h:411: error: ‘size_type’ does not name a type
/usr/include/c++/4.2/bits/stl_tree.h:432: error: ‘size_type’ does not name a type
/usr/include/c++/4.2/bits/stl_tree.h:647: error: ‘size_type’ does not name a type
/usr/include/c++/4.2/bits/stl_tree.h:651: error: ‘size_type’ does not name a type
/usr/include/c++/4.2/bits/stl_tree.h:696: error: ‘size_type’ does not name a type
/usr/include/c++/4.2/bits/stl_tree.h:725: error: ‘size_type’ does not name a type
/usr/include/c++/4.2/bits/stl_tree.h: In constructor ‘std::_Rb_tree<_Key, _Val, _KeyOfValue, _Compare, _Alloc>::_Rb_tree_impl<_Key_compare, _Is_pod_comparator>::_Rb_tree_impl(const typename _Alloc::rebind<std::_Rb_tree_node<_Val> >::other&, const _Key_compare&)’:
/usr/include/c++/4.2/bits/stl_tree.h:416: error: class ‘std::_Rb_tree<_Key, _Val, _KeyOfValue, _Compare, _Alloc>::_Rb_tree_impl<_Key_compare, _Is_pod_comparator>’ does not have any field named ‘_M_node_count’
/usr/include/c++/4.2/bits/stl_tree.h: In constructor ‘std::_Rb_tree<_Key, _Val, _KeyOfValue, _Compare, _Alloc>::_Rb_tree_impl<_Key_compare, true>::_Rb_tree_impl(const typename _Alloc::rebind<std::_Rb_tree_node<_Val> >::other&, const _Key_compare&)’:
/usr/include/c++/4.2/bits/stl_tree.h:437: error: class ‘std::_Rb_tree<_Key, _Val, _KeyOfValue, _Compare, _Alloc>::_Rb_tree_impl<_Key_compare, true>’ does not have any field named ‘_M_node_count’
/usr/include/c++/4.2/bits/stl_tree.h: In member function ‘typename std::_Rb_tree<_Key, _Val, _KeyOfValue, _Compare, _Alloc>::iterator std::_Rb_tree<_Key, _Val, _KeyOfValue, _Compare, _Alloc>::_M_insert_unique(std::_Rb_tree_iterator<_Val>, const _Val&)’:
/usr/include/c++/4.2/bits/stl_tree.h:1003: error: there are no arguments to ‘size’ that depend on a template parameter, so a declaration of ‘size’ must be available
/usr/include/c++/4.2/bits/stl_tree.h: In member function ‘typename std::_Rb_tree<_Key, _Val, _KeyOfValue, _Compare, _Alloc>::const_iterator std::_Rb_tree<_Key, _Val, _KeyOfValue, _Compare, _Alloc>::_M_insert_unique(std::_Rb_tree_const_iterator<_Val>, const _Val&)’:
/usr/include/c++/4.2/bits/stl_tree.h:1060: error: there are no arguments to ‘size’ that depend on a template parameter, so a declaration of ‘size’ must be available
/usr/include/c++/4.2/bits/stl_tree.h: In member function ‘typename std::_Rb_tree<_Key, _Val, _KeyOfValue, _Compare, _Alloc>::iterator std::_Rb_tree<_Key, _Val, _KeyOfValue, _Compare, _Alloc>::_M_insert_equal(std::_Rb_tree_iterator<_Val>, const _Val&)’:
/usr/include/c++/4.2/bits/stl_tree.h:1117: error: there are no arguments to ‘size’ that depend on a template parameter, so a declaration of ‘size’ must be available
/usr/include/c++/4.2/bits/stl_tree.h: In member function ‘typename std::_Rb_tree<_Key, _Val, _KeyOfValue, _Compare, _Alloc>::const_iterator std::_Rb_tree<_Key, _Val, _KeyOfValue, _Compare, _Alloc>::_M_insert_equal(std::_Rb_tree_const_iterator<_Val>, const _Val&)’:
/usr/include/c++/4.2/bits/stl_tree.h:1171: error: there are no arguments to ‘size’ that depend on a template parameter, so a declaration of ‘size’ must be available
/usr/include/c++/4.2/bits/stl_tree.h: At global scope:
/usr/include/c++/4.2/bits/stl_tree.h:1270: error: prototype for ‘typename std::_Rb_tree<_Key, _Val, _KeyOfValue, _Compare, _Alloc>::size_type std::_Rb_tree<_Key, _Val, _KeyOfValue, _Compare, _Alloc>::erase(const _Key&)’ does not match any in class ‘std::_Rb_tree<_Key, _Val, _KeyOfValue, _Compare, _Alloc>’
/usr/include/c++/4.2/bits/stl_tree.h:706: error: candidates are: void std::_Rb_tree<_Key, _Val, _KeyOfValue, _Compare, _Alloc>::erase(const _Key*, const _Key*)
/usr/include/c++/4.2/bits/stl_tree.h:703: error:                 void std::_Rb_tree<_Key, _Val, _KeyOfValue, _Compare, _Alloc>::erase(std::_Rb_tree_const_iterator<_Val>, std::_Rb_tree_const_iterator<_Val>)
/usr/include/c++/4.2/bits/stl_tree.h:700: error:                 void std::_Rb_tree<_Key, _Val, _KeyOfValue, _Compare, _Alloc>::erase(std::_Rb_tree_iterator<_Val>, std::_Rb_tree_iterator<_Val>)
/usr/include/c++/4.2/bits/stl_tree.h:1256: error:                 void std::_Rb_tree<_Key, _Val, _KeyOfValue, _Compare, _Alloc>::erase(std::_Rb_tree_const_iterator<_Val>)
/usr/include/c++/4.2/bits/stl_tree.h:1242: error:                 void std::_Rb_tree<_Key, _Val, _KeyOfValue, _Compare, _Alloc>::erase(std::_Rb_tree_iterator<_Val>)
/usr/include/c++/4.2/bits/stl_tree.h:1270: error: template definition of non-template ‘typename std::_Rb_tree<_Key, _Val, _KeyOfValue, _Compare, _Alloc>::size_type std::_Rb_tree<_Key, _Val, _KeyOfValue, _Compare, _Alloc>::erase(const _Key&)’
/usr/include/c++/4.2/bits/stl_tree.h: In member function ‘typename std::_Rb_tree<_Key, _Val, _KeyOfValue, _Compare, _Alloc>::size_type std::_Rb_tree<_Key, _Val, _KeyOfValue, _Compare, _Alloc>::erase(const _Key&)’:
/usr/include/c++/4.2/bits/stl_tree.h:1273: error: ‘size_type’ does not name a type
/usr/include/c++/4.2/bits/stl_tree.h:1275: error: ‘__old_size’ was not declared in this scope
/usr/include/c++/4.2/bits/stl_tree.h:1275: error: there are no arguments to ‘size’ that depend on a template parameter, so a declaration of ‘size’ must be available
/usr/include/c++/4.2/bits/stl_tree.h: At global scope:
/usr/include/c++/4.2/bits/stl_tree.h:1413: error: no ‘typename std::_Rb_tree<_Key, _Val, _KeyOfValue, _Compare, _Alloc>::size_type std::_Rb_tree<_Key, _Val, _KeyOfValue, _Compare, _Alloc>::count(const _Key&) const’ member function declared in class ‘std::_Rb_tree<_Key, _Val, _KeyOfValue, _Compare, _Alloc>’
/usr/include/c++/4.2/bits/stl_tree.h:1413: error: template definition of non-template ‘typename std::_Rb_tree<_Key, _Val, _KeyOfValue, _Compare, _Alloc>::size_type std::_Rb_tree<_Key, _Val, _KeyOfValue, _Compare, _Alloc>::count(const _Key&) const’
/usr/include/c++/4.2/bits/stl_tree.h: In member function ‘typename std::_Rb_tree<_Key, _Val, _KeyOfValue, _Compare, _Alloc>::size_type std::_Rb_tree<_Key, _Val, _KeyOfValue, _Compare, _Alloc>::count(const _Key&) const’:
/usr/include/c++/4.2/bits/stl_tree.h:1416: error: ‘size_type’ does not name a type
/usr/include/c++/4.2/bits/stl_tree.h:1417: error: ‘__n’ was not declared in this scope
In file included from /usr/include/c++/4.2/vector:70,
                 from ./src/core.h:9,
                 from ./src/graphics.h:5,
                 from ./src/graphics.cpp:12:
/usr/include/c++/4.2/bits/stl_vector.h: At global scope:
/usr/include/c++/4.2/bits/stl_vector.h:111: error: expected `)' before ‘__n’
/usr/include/c++/4.2/bits/stl_vector.h:127: error: expected ‘;’ before ‘(’ token
/usr/include/c++/4.2/bits/stl_vector.h:130: error: expected `;' before ‘void’
/usr/include/c++/4.2/bits/stl_vector.h:131: error: ‘size_t’ has not been declared
/usr/include/c++/4.2/bits/stl_vector.h:181: error: ‘size_t’ does not name a type
/usr/include/c++/4.2/bits/stl_vector.h:182: error: ‘ptrdiff_t’ does not name a type
/usr/include/c++/4.2/bits/stl_vector.h:210: error: expected `)' before ‘__n’
/usr/include/c++/4.2/bits/stl_vector.h:293: error: ‘size_type’ has not been declared
/usr/include/c++/4.2/bits/stl_vector.h:395: error: ‘size_type’ does not name a type
/usr/include/c++/4.2/bits/stl_vector.h:400: error: ‘size_type’ does not name a type
/usr/include/c++/4.2/bits/stl_vector.h:416: error: ‘size_type’ has not been declared
/usr/include/c++/4.2/bits/stl_vector.h:428: error: ‘size_type’ does not name a type
/usr/include/c++/4.2/bits/stl_vector.h:459: error: ‘size_type’ has not been declared
/usr/include/c++/4.2/bits/stl_vector.h:474: error: ‘size_type’ has not been declared
/usr/include/c++/4.2/bits/stl_vector.h:489: error: ‘size_type’ has not been declared
/usr/include/c++/4.2/bits/stl_vector.h:495: error: ‘size_type’ has not been declared
/usr/include/c++/4.2/bits/stl_vector.h:514: error: ‘size_type’ has not been declared
/usr/include/c++/4.2/bits/stl_vector.h:532: error: ‘size_type’ has not been declared
/usr/include/c++/4.2/bits/stl_vector.h:652: error: ‘size_type’ has not been declared
/usr/include/c++/4.2/bits/stl_vector.h:760: error: ‘size_type’ was not declared in this scope
/usr/include/c++/4.2/bits/stl_vector.h:761: error: expected primary-expression before ‘__first’
/usr/include/c++/4.2/bits/stl_vector.h:761: error: expected primary-expression before ‘__last’
/usr/include/c++/4.2/bits/stl_vector.h:761: error: ISO C++ forbids initialization of member ‘_M_allocate_and_copy’
/usr/include/c++/4.2/bits/stl_vector.h:761: error: making ‘_M_allocate_and_copy’ static
/usr/include/c++/4.2/bits/stl_vector.h:761: error: template declaration of ‘typename std::_Vector_base<_Tp, _Alloc>::_Tp_alloc_type::pointer std::_M_allocate_and_copy’
/usr/include/c++/4.2/bits/stl_vector.h:867: error: ‘size_type’ has not been declared
/usr/include/c++/4.2/bits/stl_vector.h:908: error: ‘size_type’ has not been declared
/usr/include/c++/4.2/bits/stl_vector.h: In member function ‘void std::vector<_Tp, _Alloc>::resize(int, _Tp)’:
/usr/include/c++/4.2/bits/stl_vector.h:418: error: there are no arguments to ‘size’ that depend on a template parameter, so a declaration of ‘size’ must be available
/usr/include/c++/4.2/bits/stl_vector.h:421: error: there are no arguments to ‘size’ that depend on a template parameter, so a declaration of ‘size’ must be available
/usr/include/c++/4.2/bits/stl_vector.h: In member function ‘void std::vector<_Tp, _Alloc>::_M_range_initialize(_ForwardIterator, _ForwardIterator, std::forward_iterator_tag)’:
/usr/include/c++/4.2/bits/stl_vector.h:819: error: ‘size_type’ does not name a type
/usr/include/c++/4.2/bits/stl_vector.h:820: error: ‘__n’ was not declared in this scope
/usr/include/c++/4.2/bits/stl_vector.h: In member function ‘void std::vector<_Tp, _Alloc>::_M_assign_dispatch(_Integer, _Integer, std::__true_type)’:
/usr/include/c++/4.2/bits/stl_vector.h:837: error: expected type-specifier before ‘size_type’
/usr/include/c++/4.2/bits/stl_vector.h:837: error: expected `>' before ‘size_type’
/usr/include/c++/4.2/bits/stl_vector.h:837: error: expected `(' before ‘size_type’
/usr/include/c++/4.2/bits/stl_vector.h:837: error: ‘size_type’ was not declared in this scope
/usr/include/c++/4.2/bits/stl_vector.h: In member function ‘void std::vector<_Tp, _Alloc>::_M_insert_dispatch(__gnu_cxx::__normal_iterator<typename std::_Vector_base<_Tp, _Alloc>::_Tp_alloc_type::pointer, std::vector<_Tp, _Alloc> >, _Integer, _Integer, std::__true_type)’:
/usr/include/c++/4.2/bits/stl_vector.h:878: error: expected type-specifier before ‘size_type’
/usr/include/c++/4.2/bits/stl_vector.h:878: error: expected `>' before ‘size_type’
/usr/include/c++/4.2/bits/stl_vector.h:878: error: expected `(' before ‘size_type’
/usr/include/c++/4.2/bits/stl_vector.h:878: error: ‘size_type’ was not declared in this scope
In file included from /usr/include/c++/4.2/vector:71,
                 from ./src/core.h:9,
                 from ./src/graphics.h:5,
                 from ./src/graphics.cpp:12:
/usr/include/c++/4.2/bits/stl_bvector.h: At global scope:
/usr/include/c++/4.2/bits/stl_bvector.h:111: error: template argument 3 is invalid
/usr/include/c++/4.2/bits/stl_bvector.h:140: error: ‘ptrdiff_t’ has not been declared
/usr/include/c++/4.2/bits/stl_bvector.h: In member function ‘void std::_Bit_iterator_base::_M_incr(int)’:
/usr/include/c++/4.2/bits/stl_bvector.h:142: error: ‘difference_type’ was not declared in this scope
/usr/include/c++/4.2/bits/stl_bvector.h:142: error: expected `;' before ‘__n’
/usr/include/c++/4.2/bits/stl_bvector.h:143: error: ‘__n’ was not declared in this scope
/usr/include/c++/4.2/bits/stl_bvector.h: At global scope:
/usr/include/c++/4.2/bits/stl_bvector.h:182: error: expected initializer before ‘operator’
/usr/include/c++/4.2/bits/stl_bvector.h:234: error: declaration of ‘operator+=’ as non-function
/usr/include/c++/4.2/bits/stl_bvector.h:234: error: expected ‘;’ before ‘(’ token
/usr/include/c++/4.2/bits/stl_bvector.h:240: error: expected `;' before ‘iterator’
/usr/include/c++/4.2/bits/stl_bvector.h:241: error: declaration of ‘operator-=’ as non-function
/usr/include/c++/4.2/bits/stl_bvector.h:241: error: expected ‘;’ before ‘(’ token
/usr/include/c++/4.2/bits/stl_bvector.h:247: error: expected `;' before ‘iterator’
/usr/include/c++/4.2/bits/stl_bvector.h:248: error: ‘difference_type’ has not been declared
/usr/include/c++/4.2/bits/stl_bvector.h:255: error: ‘difference_type’ has not been declared
/usr/include/c++/4.2/bits/stl_bvector.h:262: error: ‘difference_type’ has not been declared
/usr/include/c++/4.2/bits/stl_bvector.h: In member function ‘std::_Bit_iterator std::_Bit_iterator::operator+(int) const’:
/usr/include/c++/4.2/bits/stl_bvector.h:251: error: no match for ‘operator+=’ in ‘__tmp += __i’
/usr/include/c++/4.2/bits/stl_bvector.h: In member function ‘std::_Bit_iterator std::_Bit_iterator::operator-(int) const’:
/usr/include/c++/4.2/bits/stl_bvector.h:258: error: no match for ‘operator-=’ in ‘__tmp -= __i’
/usr/include/c++/4.2/bits/stl_bvector.h: At global scope:
/usr/include/c++/4.2/bits/stl_bvector.h:267: error: declaration of ‘operator+’ as non-function
/usr/include/c++/4.2/bits/stl_bvector.h:267: error: ‘ptrdiff_t’ was not declared in this scope
/usr/include/c++/4.2/bits/stl_bvector.h:267: error: expected primary-expression before ‘const’
/usr/include/c++/4.2/bits/stl_bvector.h:320: error: declaration of ‘operator+=’ as non-function
/usr/include/c++/4.2/bits/stl_bvector.h:320: error: expected ‘;’ before ‘(’ token
/usr/include/c++/4.2/bits/stl_bvector.h:326: error: expected `;' before ‘const_iterator’
/usr/include/c++/4.2/bits/stl_bvector.h:327: error: declaration of ‘operator-=’ as non-function
/usr/include/c++/4.2/bits/stl_bvector.h:327: error: expected ‘;’ before ‘(’ token
/usr/include/c++/4.2/bits/stl_bvector.h:333: error: expected `;' before ‘const_iterator’
/usr/include/c++/4.2/bits/stl_bvector.h:334: error: ‘difference_type’ has not been declared
/usr/include/c++/4.2/bits/stl_bvector.h:341: error: ‘difference_type’ has not been declared
/usr/include/c++/4.2/bits/stl_bvector.h:348: error: ‘difference_type’ has not been declared
/usr/include/c++/4.2/bits/stl_bvector.h: In member function ‘std::_Bit_const_iterator std::_Bit_const_iterator::operator+(int) const’:
/usr/include/c++/4.2/bits/stl_bvector.h:337: error: no match for ‘operator+=’ in ‘__tmp += __i’
/usr/include/c++/4.2/bits/stl_bvector.h: In member function ‘std::_Bit_const_iterator std::_Bit_const_iterator::operator-(int) const’:
/usr/include/c++/4.2/bits/stl_bvector.h:344: error: no match for ‘operator-=’ in ‘__tmp -= __i’
/usr/include/c++/4.2/bits/stl_bvector.h: At global scope:
/usr/include/c++/4.2/bits/stl_bvector.h:353: error: declaration of ‘operator+’ as non-function
/usr/include/c++/4.2/bits/stl_bvector.h:353: error: ‘ptrdiff_t’ was not declared in this scope
/usr/include/c++/4.2/bits/stl_bvector.h:353: error: expected primary-expression before ‘const’
/usr/include/c++/4.2/bits/stl_bvector.h:417: error: expected ‘;’ before ‘(’ token
/usr/include/c++/4.2/bits/stl_bvector.h:421: error: expected `;' before ‘void’
/usr/include/c++/4.2/bits/stl_bvector.h:462: error: ‘size_t’ does not name a type
/usr/include/c++/4.2/bits/stl_bvector.h:463: error: ‘ptrdiff_t’ does not name a type
/usr/include/c++/4.2/bits/stl_bvector.h:488: error: expected `)' before ‘__n’
/usr/include/c++/4.2/bits/stl_bvector.h:535: error: ‘size_type’ has not been declared
/usr/include/c++/4.2/bits/stl_bvector.h:578: error: ‘size_type’ does not name a type
/usr/include/c++/4.2/bits/stl_bvector.h:582: error: ‘size_type’ does not name a type
/usr/include/c++/4.2/bits/stl_bvector.h:590: error: ‘size_type’ does not name a type
/usr/include/c++/4.2/bits/stl_bvector.h:600: error: ‘size_type’ has not been declared
/usr/include/c++/4.2/bits/stl_bvector.h:607: error: ‘size_type’ has not been declared
/usr/include/c++/4.2/bits/stl_bvector.h:615: error: ‘size_type’ has not been declared
/usr/include/c++/4.2/bits/stl_bvector.h:623: error: ‘size_type’ has not been declared
/usr/include/c++/4.2/bits/stl_bvector.h:627: error: ‘size_type’ has not been declared
/usr/include/c++/4.2/bits/stl_bvector.h:631: error: ‘size_type’ has not been declared
/usr/include/c++/4.2/bits/stl_bvector.h:725: error: ‘size_type’ has not been declared
/usr/include/c++/4.2/bits/stl_bvector.h:749: error: ‘size_type’ has not been declared
/usr/include/c++/4.2/bits/stl_bvector.h:782: error: ‘size_type’ has not been declared
/usr/include/c++/4.2/bits/stl_bvector.h:840: error: ‘size_t’ has not been declared
/usr/include/c++/4.2/bits/stl_bvector.h:903: error: ‘size_type’ has not been declared
/usr/include/c++/4.2/bits/stl_bvector.h: In member function ‘std::vector<bool, _Alloc>& std::vector<bool, _Alloc>::operator=(const std::vector<bool, _Alloc>&)’:
/usr/include/c++/4.2/bits/stl_bvector.h:520: error: there are no arguments to ‘capacity’ that depend on a template parameter, so a declaration of ‘capacity’ must be available
/usr/include/c++/4.2/bits/stl_iterator_base_types.h: At global scope:
/usr/include/c++/4.2/bits/stl_iterator_base_types.h: In instantiation of ‘std::iterator_traits<std::_Bit_iterator>’:
/usr/include/c++/4.2/bits/stl_iterator.h:107:   instantiated from ‘std::reverse_iterator<std::_Bit_iterator>’
/usr/include/c++/4.2/bits/stl_bvector.h:564:   instantiated from here
/usr/include/c++/4.2/bits/stl_iterator_base_types.h:129: error: no type named ‘iterator_category’ in ‘struct std::_Bit_iterator’
/usr/include/c++/4.2/bits/stl_iterator_base_types.h:130: error: no type named ‘value_type’ in ‘struct std::_Bit_iterator’
/usr/include/c++/4.2/bits/stl_iterator_base_types.h:131: error: no type named ‘difference_type’ in ‘struct std::_Bit_iterator’
/usr/include/c++/4.2/bits/stl_iterator_base_types.h: In instantiation of ‘std::iterator_traits<std::_Bit_const_iterator>’:
/usr/include/c++/4.2/bits/stl_iterator.h:107:   instantiated from ‘std::reverse_iterator<std::_Bit_const_iterator>’
/usr/include/c++/4.2/bits/stl_bvector.h:568:   instantiated from here
/usr/include/c++/4.2/bits/stl_iterator_base_types.h:129: error: no type named ‘iterator_category’ in ‘struct std::_Bit_const_iterator’
/usr/include/c++/4.2/bits/stl_iterator_base_types.h:130: error: no type named ‘value_type’ in ‘struct std::_Bit_const_iterator’
/usr/include/c++/4.2/bits/stl_iterator_base_types.h:131: error: no type named ‘difference_type’ in ‘struct std::_Bit_const_iterator’
/usr/include/c++/4.2/bits/stl_bvector.h: In member function ‘std::_Bit_iterator std::vector<bool, _Alloc>::insert(std::_Bit_iterator, const bool&)’:
/usr/include/c++/4.2/bits/stl_bvector.h:706: error: ‘difference_type’ does not name a type
/usr/include/c++/4.2/bits/stl_bvector.h:712: error: ‘__n’ was not declared in this scope
/usr/include/c++/4.2/bits/stl_bvector.h: In member function ‘void std::vector<bool, _Alloc>::resize(int, bool)’:
/usr/include/c++/4.2/bits/stl_bvector.h:751: error: there are no arguments to ‘size’ that depend on a template parameter, so a declaration of ‘size’ must be available
/usr/include/c++/4.2/bits/stl_bvector.h:752: error: there are no arguments to ‘difference_type’ that depend on a template parameter, so a declaration of ‘difference_type’ must be available
/usr/include/c++/4.2/bits/stl_bvector.h:754: error: there are no arguments to ‘size’ that depend on a template parameter, so a declaration of ‘size’ must be available
/usr/include/c++/4.2/bits/stl_bvector.h: In member function ‘void std::vector<bool, _Alloc>::_M_initialize(int)’:
/usr/include/c++/4.2/bits/stl_bvector.h:789: error: there are no arguments to ‘difference_type’ that depend on a template parameter, so a declaration of ‘difference_type’ must be available
/usr/include/c++/4.2/bits/stl_bvector.h: In member function ‘void std::vector<bool, _Alloc>::_M_initialize_range(_ForwardIterator, _ForwardIterator, std::forward_iterator_tag)’:
/usr/include/c++/4.2/bits/stl_bvector.h:823: error: ‘size_type’ does not name a type
/usr/include/c++/4.2/bits/stl_bvector.h:824: error: ‘__n’ was not declared in this scope
/usr/include/c++/4.2/bits/stl_bvector.h: In member function ‘void std::vector<bool, _Alloc>::_M_assign_dispatch(_Integer, _Integer, std::__true_type)’:
/usr/include/c++/4.2/bits/stl_bvector.h:831: error: ‘size_t’ was not declared in this scope
/usr/include/c++/4.2/bits/stl_bvector.h: In member function ‘void std::vector<bool, _Alloc>::_M_fill_assign(int, bool)’:
/usr/include/c++/4.2/bits/stl_bvector.h:842: error: there are no arguments to ‘size’ that depend on a template parameter, so a declaration of ‘size’ must be available
/usr/include/c++/4.2/bits/stl_bvector.h:846: error: there are no arguments to ‘size’ that depend on a template parameter, so a declaration of ‘size’ must be available
/usr/include/c++/4.2/bits/stl_bvector.h: In member function ‘void std::vector<bool, _Alloc>::_M_assign_aux(_ForwardIterator, _ForwardIterator, std::forward_iterator_tag)’:
/usr/include/c++/4.2/bits/stl_bvector.h:875: error: ‘size_type’ does not name a type
/usr/include/c++/4.2/bits/stl_bvector.h:876: error: ‘__len’ was not declared in this scope
/usr/include/c++/4.2/bits/stl_bvector.h:876: error: there are no arguments to ‘size’ that depend on a template parameter, so a declaration of ‘size’ must be available
/usr/include/c++/4.2/bits/stl_bvector.h:881: error: there are no arguments to ‘size’ that depend on a template parameter, so a declaration of ‘size’ must be available
/usr/include/c++/4.2/bits/stl_bvector.h: In member function ‘void std::vector<bool, _Alloc>::_M_fill_insert(std::_Bit_iterator, int, bool)’:
/usr/include/c++/4.2/bits/stl_bvector.h:907: error: there are no arguments to ‘capacity’ that depend on a template parameter, so a declaration of ‘capacity’ must be available
/usr/include/c++/4.2/bits/stl_bvector.h:907: error: there are no arguments to ‘size’ that depend on a template parameter, so a declaration of ‘size’ must be available
/usr/include/c++/4.2/bits/stl_bvector.h:910: error: there are no arguments to ‘difference_type’ that depend on a template parameter, so a declaration of ‘difference_type’ must be available
/usr/include/c++/4.2/bits/stl_bvector.h:911: error: there are no arguments to ‘difference_type’ that depend on a template parameter, so a declaration of ‘difference_type’ must be available
/usr/include/c++/4.2/bits/stl_bvector.h:912: error: there are no arguments to ‘difference_type’ that depend on a template parameter, so a declaration of ‘difference_type’ must be available
/usr/include/c++/4.2/bits/stl_bvector.h:916: error: ‘size_type’ does not name a type
/usr/include/c++/4.2/bits/stl_bvector.h:917: error: ‘__len’ was not declared in this scope
/usr/include/c++/4.2/bits/stl_bvector.h:920: error: there are no arguments to ‘difference_type’ that depend on a template parameter, so a declaration of ‘difference_type’ must be available
/usr/include/c++/4.2/bits/stl_bvector.h:922: error: there are no arguments to ‘difference_type’ that depend on a template parameter, so a declaration of ‘difference_type’ must be available
/usr/include/c++/4.2/bits/stl_bvector.h: In member function ‘void std::vector<bool, _Alloc>::_M_insert_range(std::_Bit_iterator, _ForwardIterator, _ForwardIterator, std::forward_iterator_tag)’:
/usr/include/c++/4.2/bits/stl_bvector.h:950: error: ‘size_type’ was not declared in this scope
/usr/include/c++/4.2/bits/stl_bvector.h:950: error: expected `;' before ‘__n’
/usr/include/c++/4.2/bits/stl_bvector.h:951: error: there are no arguments to ‘capacity’ that depend on a template parameter, so a declaration of ‘capacity’ must be available
/usr/include/c++/4.2/bits/stl_bvector.h:951: error: there are no arguments to ‘size’ that depend on a template parameter, so a declaration of ‘size’ must be available
/usr/include/c++/4.2/bits/stl_bvector.h:951: error: ‘__n’ was not declared in this scope
/usr/include/c++/4.2/bits/stl_bvector.h:955: error: there are no arguments to ‘difference_type’ that depend on a template parameter, so a declaration of ‘difference_type’ must be available
/usr/include/c++/4.2/bits/stl_bvector.h:957: error: there are no arguments to ‘difference_type’ that depend on a template parameter, so a declaration of ‘difference_type’ must be available
/usr/include/c++/4.2/bits/stl_bvector.h:961: error: ‘size_type’ does not name a type
/usr/include/c++/4.2/bits/stl_bvector.h:962: error: ‘__len’ was not declared in this scope
/usr/include/c++/4.2/bits/stl_bvector.h: In member function ‘void std::vector<bool, _Alloc>::_M_insert_aux(std::_Bit_iterator, bool)’:
/usr/include/c++/4.2/bits/stl_bvector.h:989: error: ‘size_type’ does not name a type
/usr/include/c++/4.2/bits/stl_bvector.h:991: error: ‘__len’ was not declared in this scope
In file included from /usr/include/c++/4.2/vector:74,
                 from ./src/core.h:9,
                 from ./src/graphics.h:5,
                 from ./src/graphics.cpp:12:
/usr/include/c++/4.2/bits/vector.tcc: At global scope:
/usr/include/c++/4.2/bits/vector.tcc:69: error: variable or field ‘reserve’ declared void
/usr/include/c++/4.2/bits/vector.tcc:69: error: ‘size_type’ was not declared in this scope
/usr/include/c++/4.2/bits/vector.tcc: In member function ‘typename std::vector<_Tp, _Alloc>::iterator std::vector<_Tp, _Alloc>::insert(__gnu_cxx::__normal_iterator<typename std::_Vector_base<_Tp, _Alloc>::_Tp_alloc_type::pointer, std::vector<_Tp, _Alloc> >, const _Tp&)’:
/usr/include/c++/4.2/bits/vector.tcc:94: error: ‘size_type’ does not name a type
/usr/include/c++/4.2/bits/vector.tcc:103: error: ‘__n’ was not declared in this scope
/usr/include/c++/4.2/bits/vector.tcc: In member function ‘std::vector<_Tp, _Alloc>& std::vector<_Tp, _Alloc>::operator=(const std::vector<_Tp, _Alloc>&)’:
/usr/include/c++/4.2/bits/vector.tcc:136: error: ‘size_type’ does not name a type
/usr/include/c++/4.2/bits/vector.tcc:137: error: ‘__xlen’ was not declared in this scope
/usr/include/c++/4.2/bits/vector.tcc:137: error: there are no arguments to ‘capacity’ that depend on a template parameter, so a declaration of ‘capacity’ must be available
/usr/include/c++/4.2/bits/vector.tcc:149: error: there are no arguments to ‘size’ that depend on a template parameter, so a declaration of ‘size’ must be available
/usr/include/c++/4.2/bits/vector.tcc:156: error: there are no arguments to ‘size’ that depend on a template parameter, so a declaration of ‘size’ must be available
/usr/include/c++/4.2/bits/vector.tcc:158: error: there are no arguments to ‘size’ that depend on a template parameter, so a declaration of ‘size’ must be available
/usr/include/c++/4.2/bits/vector.tcc:163: error: ‘__xlen’ was not declared in this scope
/usr/include/c++/4.2/bits/vector.tcc: At global scope:
/usr/include/c++/4.2/bits/vector.tcc:171: error: variable or field ‘_M_fill_assign’ declared void
/usr/include/c++/4.2/bits/vector.tcc:171: error: ‘size_t’ was not declared in this scope
/usr/include/c++/4.2/bits/vector.tcc:171: error: expected primary-expression before ‘const’
/usr/include/c++/4.2/bits/vector.tcc: In member function ‘void std::vector<_Tp, _Alloc>::_M_assign_aux(_ForwardIterator, _ForwardIterator, std::forward_iterator_tag)’:
/usr/include/c++/4.2/bits/vector.tcc:214: error: ‘size_type’ does not name a type
/usr/include/c++/4.2/bits/vector.tcc:216: error: ‘__len’ was not declared in this scope
/usr/include/c++/4.2/bits/vector.tcc:216: error: there are no arguments to ‘capacity’ that depend on a template parameter, so a declaration of ‘capacity’ must be available
/usr/include/c++/4.2/bits/vector.tcc:228: error: there are no arguments to ‘size’ that depend on a template parameter, so a declaration of ‘size’ must be available
/usr/include/c++/4.2/bits/vector.tcc:233: error: there are no arguments to ‘size’ that depend on a template parameter, so a declaration of ‘size’ must be available
/usr/include/c++/4.2/bits/vector.tcc: In member function ‘void std::vector<_Tp, _Alloc>::_M_insert_aux(__gnu_cxx::__normal_iterator<typename std::_Vector_base<_Tp, _Alloc>::_Tp_alloc_type::pointer, std::vector<_Tp, _Alloc> >, const _Tp&)’:
/usr/include/c++/4.2/bits/vector.tcc:260: error: ‘size_type’ does not name a type
/usr/include/c++/4.2/bits/vector.tcc:261: error: ‘__old_size’ was not declared in this scope
/usr/include/c++/4.2/bits/vector.tcc:267: error: ‘size_type’ was not declared in this scope
/usr/include/c++/4.2/bits/vector.tcc:267: error: expected `;' before ‘__len’
/usr/include/c++/4.2/bits/vector.tcc:268: error: ‘__len’ was not declared in this scope
/usr/include/c++/4.2/bits/vector.tcc:268: error: ‘__old_size’ was not declared in this scope
/usr/include/c++/4.2/bits/vector.tcc:271: error: ‘__len’ was not declared in this scope
/usr/include/c++/4.2/bits/vector.tcc: At global scope:
/usr/include/c++/4.2/bits/vector.tcc:307: error: ‘size_type’ has not been declared
/usr/include/c++/4.2/bits/vector.tcc: In member function ‘void std::vector<_Tp, _Alloc>::_M_fill_insert(__gnu_cxx::__normal_iterator<typename std::_Vector_base<_Tp, _Alloc>::_Tp_alloc_type::pointer, std::vector<_Tp, _Alloc> >, int, const _Tp&)’:
/usr/include/c++/4.2/bits/vector.tcc:315: error: ‘size_type’ does not name a type
/usr/include/c++/4.2/bits/vector.tcc:317: error: ‘__elems_after’ was not declared in this scope
/usr/include/c++/4.2/bits/vector.tcc:345: error: ‘size_type’ does not name a type
/usr/include/c++/4.2/bits/vector.tcc:346: error: ‘__old_size’ was not declared in this scope
/usr/include/c++/4.2/bits/vector.tcc:350: error: ‘size_type’ was not declared in this scope
/usr/include/c++/4.2/bits/vector.tcc:350: error: expected `;' before ‘__len’
/usr/include/c++/4.2/bits/vector.tcc:351: error: ‘__len’ was not declared in this scope
/usr/include/c++/4.2/bits/vector.tcc:351: error: ‘__old_size’ was not declared in this scope
/usr/include/c++/4.2/bits/vector.tcc:354: error: ‘__len’ was not declared in this scope
/usr/include/c++/4.2/bits/vector.tcc: In member function ‘void std::vector<_Tp, _Alloc>::_M_range_insert(__gnu_cxx::__normal_iterator<typename std::_Vector_base<_Tp, _Alloc>::_Tp_alloc_type::pointer, std::vector<_Tp, _Alloc> >, _ForwardIterator, _ForwardIterator, std::forward_iterator_tag)’:
/usr/include/c++/4.2/bits/vector.tcc:413: error: ‘size_type’ does not name a type
/usr/include/c++/4.2/bits/vector.tcc:415: error: ‘__n’ was not declared in this scope
/usr/include/c++/4.2/bits/vector.tcc:417: error: ‘size_type’ does not name a type
/usr/include/c++/4.2/bits/vector.tcc:419: error: ‘__elems_after’ was not declared in this scope
/usr/include/c++/4.2/bits/vector.tcc:448: error: ‘size_type’ does not name a type
/usr/include/c++/4.2/bits/vector.tcc:449: error: ‘__old_size’ was not declared in this scope
/usr/include/c++/4.2/bits/vector.tcc:453: error: ‘size_type’ was not declared in this scope
/usr/include/c++/4.2/bits/vector.tcc:453: error: expected `;' before ‘__len’
/usr/include/c++/4.2/bits/vector.tcc:454: error: ‘__len’ was not declared in this scope
/usr/include/c++/4.2/bits/vector.tcc:454: error: ‘__old_size’ was not declared in this scope
/usr/include/c++/4.2/bits/vector.tcc:457: error: ‘__len’ was not declared in this scope
In file included from /usr/include/c++/4.2/fstream:49,
                 from ./src/core.h:11,
                 from ./src/graphics.h:5,
                 from ./src/graphics.cpp:12:
/usr/include/c++/4.2/i486-linux-gnu/bits/basic_file.h: At global scope:
/usr/include/c++/4.2/i486-linux-gnu/bits/basic_file.h:90: error: ‘streamsize’ does not name a type
/usr/include/c++/4.2/i486-linux-gnu/bits/basic_file.h:93: error: ‘streamsize’ does not name a type
/usr/include/c++/4.2/i486-linux-gnu/bits/basic_file.h:97: error: ‘streamsize’ does not name a type
/usr/include/c++/4.2/i486-linux-gnu/bits/basic_file.h:100: error: ‘streamoff’ does not name a type
/usr/include/c++/4.2/i486-linux-gnu/bits/basic_file.h:106: error: ‘streamsize’ does not name a type
In file included from ./src/core.h:11,
                 from ./src/graphics.h:5,
                 from ./src/graphics.cpp:12:
/usr/include/c++/4.2/fstream:128: error: ‘size_t’ does not name a type
/usr/include/c++/4.2/fstream:176: error: ‘streamsize’ does not name a type
/usr/include/c++/4.2/fstream:310: error: ‘streamsize’ does not name a type
/usr/include/c++/4.2/fstream:337: error: ‘streamsize’ has not been declared
/usr/include/c++/4.2/fstream:352: error: ‘streamsize’ has not been declared
/usr/include/c++/4.2/fstream:372: error: ‘streamsize’ does not name a type
/usr/include/c++/4.2/fstream:375: error: ‘streamsize’ does not name a type
/usr/include/c++/4.2/fstream:397: error: ‘streamsize’ has not been declared
/usr/include/c++/4.2/fstream: In member function ‘void std::basic_filebuf<_CharT, _Traits>::_M_set_buffer(int)’:
/usr/include/c++/4.2/fstream:407: error: ‘_M_buf_size’ was not declared in this scope
In file included from /usr/include/c++/4.2/fstream:805,
                 from ./src/core.h:11,
                 from ./src/graphics.h:5,
                 from ./src/graphics.cpp:12:
/usr/include/c++/4.2/bits/fstream.tcc: In member function ‘void std::basic_filebuf<_CharT, _Traits>::_M_allocate_internal_buffer()’:
/usr/include/c++/4.2/bits/fstream.tcc:56: error: ‘_M_buf_size’ was not declared in this scope
/usr/include/c++/4.2/bits/fstream.tcc: In member function ‘void std::basic_filebuf<_CharT, _Traits>::_M_destroy_internal_buffer()’:
/usr/include/c++/4.2/bits/fstream.tcc:74: error: ‘_M_ext_buf_size’ was not declared in this scope
/usr/include/c++/4.2/bits/fstream.tcc: In constructor ‘std::basic_filebuf<_CharT, _Traits>::basic_filebuf()’:
/usr/include/c++/4.2/bits/fstream.tcc:83: error: class ‘std::basic_filebuf<_CharT, _Traits>’ does not have any field named ‘_M_buf_size’
/usr/include/c++/4.2/bits/fstream.tcc:86: error: class ‘std::basic_filebuf<_CharT, _Traits>’ does not have any field named ‘_M_ext_buf_size’
/usr/include/c++/4.2/bits/fstream.tcc: At global scope:
/usr/include/c++/4.2/bits/fstream.tcc:164: error: expected constructor, destructor, or type conversion before ‘basic_filebuf’
/usr/include/c++/4.2/bits/fstream.tcc: In member function ‘virtual typename std::basic_filebuf<_CharT, _Traits>::int_type std::basic_filebuf<_CharT, _Traits>::underflow()’:
/usr/include/c++/4.2/bits/fstream.tcc:206: error: ‘size_t’ does not name a type
/usr/include/c++/4.2/bits/fstream.tcc:211: error: ‘streamsize’ was not declared in this scope
/usr/include/c++/4.2/bits/fstream.tcc:211: error: expected `;' before ‘__ilen’
/usr/include/c++/4.2/bits/fstream.tcc:215: error: ‘__ilen’ was not declared in this scope
/usr/include/c++/4.2/bits/fstream.tcc:215: error: ‘class std::__basic_file<char>’ has no member named ‘xsgetn’
/usr/include/c++/4.2/bits/fstream.tcc:216: error: ‘__buflen’ was not declared in this scope
/usr/include/c++/4.2/bits/fstream.tcc:225: error: expected `;' before ‘__blen’
/usr/include/c++/4.2/bits/fstream.tcc:226: error: expected `;' before ‘__rlen’
/usr/include/c++/4.2/bits/fstream.tcc:228: error: ‘__blen’ was not declared in this scope
/usr/include/c++/4.2/bits/fstream.tcc:228: error: ‘__rlen’ was not declared in this scope
/usr/include/c++/4.2/bits/fstream.tcc:228: error: ‘__buflen’ was not declared in this scope
/usr/include/c++/4.2/bits/fstream.tcc:231: error: ‘__blen’ was not declared in this scope
/usr/include/c++/4.2/bits/fstream.tcc:231: error: ‘__buflen’ was not declared in this scope
/usr/include/c++/4.2/bits/fstream.tcc:232: error: ‘__rlen’ was not declared in this scope
/usr/include/c++/4.2/bits/fstream.tcc:234: error: ‘streamsize’ does not name a type
/usr/include/c++/4.2/bits/fstream.tcc:235: error: ‘__rlen’ was not declared in this scope
/usr/include/c++/4.2/bits/fstream.tcc:244: error: ‘_M_ext_buf_size’ was not declared in this scope
/usr/include/c++/4.2/bits/fstream.tcc:244: error: ‘__blen’ was not declared in this scope
/usr/include/c++/4.2/bits/fstream.tcc:258: error: invalid operands of types ‘char*’ and ‘double ()(double, double)throw ()’ to binary ‘operator+’
/usr/include/c++/4.2/bits/fstream.tcc:268: error: ‘_M_ext_buf_size’ was not declared in this scope
/usr/include/c++/4.2/bits/fstream.tcc:274: error: expected `;' before ‘__elen’
/usr/include/c++/4.2/bits/fstream.tcc:275: error: ‘__elen’ was not declared in this scope
/usr/include/c++/4.2/bits/fstream.tcc:279: error: ‘__elen’ was not declared in this scope
/usr/include/c++/4.2/bits/fstream.tcc:285: error: ‘__buflen’ was not declared in this scope
/usr/include/c++/4.2/bits/fstream.tcc:288: error: ‘size_t’ was not declared in this scope
/usr/include/c++/4.2/bits/fstream.tcc:288: error: expected `;' before ‘__avail’
/usr/include/c++/4.2/bits/fstream.tcc:289: error: ‘__ilen’ was not declared in this scope
/usr/include/c++/4.2/bits/fstream.tcc:289: error: ‘__avail’ was not declared in this scope
/usr/include/c++/4.2/bits/fstream.tcc:295: error: ‘__ilen’ was not declared in this scope
/usr/include/c++/4.2/bits/fstream.tcc:305: error: ‘__ilen’ was not declared in this scope
/usr/include/c++/4.2/bits/fstream.tcc:308: error: ‘__ilen’ was not declared in this scope
/usr/include/c++/4.2/bits/fstream.tcc: In member function ‘virtual typename std::basic_filebuf<_CharT, _Traits>::int_type std::basic_filebuf<_CharT, _Traits>::overflow(typename _Traits::int_type)’:
/usr/include/c++/4.2/bits/fstream.tcc:417: error: ‘_M_buf_size’ was not declared in this scope
/usr/include/c++/4.2/bits/fstream.tcc: At global scope:
/usr/include/c++/4.2/bits/fstream.tcc:448: error: ‘streamsize’ has not been declared
/usr/include/c++/4.2/bits/fstream.tcc: In member function ‘bool std::basic_filebuf<_CharT, _Traits>::_M_convert_to_external(_CharT*, int)’:
/usr/include/c++/4.2/bits/fstream.tcc:451: error: ‘streamsize’ was not declared in this scope
/usr/include/c++/4.2/bits/fstream.tcc:451: error: expected `;' before ‘__elen’
/usr/include/c++/4.2/bits/fstream.tcc:452: error: expected `;' before ‘__plen’
/usr/include/c++/4.2/bits/fstream.tcc:455: error: ‘__elen’ was not declared in this scope
/usr/include/c++/4.2/bits/fstream.tcc:455: error: ‘class std::__basic_file<char>’ has no member named ‘xsputn’
/usr/include/c++/4.2/bits/fstream.tcc:456: error: ‘__plen’ was not declared in this scope
/usr/include/c++/4.2/bits/fstream.tcc:462: error: expected `;' before ‘__blen’
/usr/include/c++/4.2/bits/fstream.tcc:463: error: ‘__blen’ was not declared in this scope
/usr/include/c++/4.2/bits/fstream.tcc:483: error: ‘__elen’ was not declared in this scope
/usr/include/c++/4.2/bits/fstream.tcc:483: error: ‘class std::__basic_file<char>’ has no member named ‘xsputn’
/usr/include/c++/4.2/bits/fstream.tcc:484: error: ‘__plen’ was not declared in this scope
/usr/include/c++/4.2/bits/fstream.tcc:490: error: expected `;' before ‘__rlen’
/usr/include/c++/4.2/bits/fstream.tcc:492: error: ‘__rlen’ was not declared in this scope
/usr/include/c++/4.2/bits/fstream.tcc:497: error: ‘class std::__basic_file<char>’ has no member named ‘xsputn’
/usr/include/c++/4.2/bits/fstream.tcc:505: error: ‘__elen’ was not declared in this scope
/usr/include/c++/4.2/bits/fstream.tcc:505: error: ‘__plen’ was not declared in this scope
/usr/include/c++/4.2/bits/fstream.tcc: At global scope:
/usr/include/c++/4.2/bits/fstream.tcc:510: error: expected constructor, destructor, or type conversion before ‘basic_filebuf’
/usr/include/c++/4.2/bits/fstream.tcc:593: error: expected constructor, destructor, or type conversion before ‘basic_filebuf’
/usr/include/c++/4.2/bits/fstream.tcc:641: error: ‘streamsize’ has not been declared
/usr/include/c++/4.2/bits/fstream.tcc: In member function ‘virtual typename std::basic_filebuf<_CharT, _Traits>::__streambuf_type* std::basic_filebuf<_CharT, _Traits>::setbuf(_CharT*, int)’:
/usr/include/c++/4.2/bits/fstream.tcc:645: error: ‘_M_buf_size’ was not declared in this scope
/usr/include/c++/4.2/bits/fstream.tcc:657: error: ‘_M_buf_size’ was not declared in this scope
/usr/include/c++/4.2/bits/fstream.tcc: In member function ‘typename std::basic_filebuf<_CharT, _Traits>::pos_type std::basic_filebuf<_CharT, _Traits>::_M_seek(typename _Traits::off_type, std::_Ios_Seekdir, typename _Traits::state_type)’:
/usr/include/c++/4.2/bits/fstream.tcc:742: error: ‘class std::__basic_file<char>’ has no member named ‘seekoff’
/usr/include/c++/4.2/bits/fstream.tcc: In member function ‘bool std::basic_filebuf<_CharT, _Traits>::_M_terminate_output()’:
/usr/include/c++/4.2/bits/fstream.tcc:777: error: ‘size_t’ does not name a type
/usr/include/c++/4.2/bits/fstream.tcc:778: error: ‘__blen’ was not declared in this scope
/usr/include/c++/4.2/bits/fstream.tcc:780: error: ‘streamsize’ was not declared in this scope
/usr/include/c++/4.2/bits/fstream.tcc:780: error: expected `;' before ‘__ilen’
/usr/include/c++/4.2/bits/fstream.tcc:785: error: ‘__buf’ was not declared in this scope
/usr/include/c++/4.2/bits/fstream.tcc:792: error: ‘__ilen’ was not declared in this scope
/usr/include/c++/4.2/bits/fstream.tcc:795: error: ‘streamsize’ does not name a type
/usr/include/c++/4.2/bits/fstream.tcc:796: error: ‘__elen’ was not declared in this scope
/usr/include/c++/4.2/bits/fstream.tcc:801: error: ‘__ilen’ was not declared in this scope
/usr/include/c++/4.2/bits/fstream.tcc: In member function ‘virtual void std::basic_filebuf<_CharT, _Traits>::imbue(const std::locale&)’:
/usr/include/c++/4.2/bits/fstream.tcc:868: error: ‘streamsize’ does not name a type
/usr/include/c++/4.2/bits/fstream.tcc:873: error: invalid operands of types ‘char*’ and ‘double ()(double, double)throw ()’ to binary ‘operator+’
/usr/include/c++/4.2/fstream: At global scope:
/usr/include/c++/4.2/fstream: In instantiation of ‘std::basic_filebuf<char, std::char_traits<char> >’:
/usr/include/c++/4.2/bits/fstream.tcc:893:   instantiated from here
/usr/include/c++/4.2/fstream:77: error: no type named ‘off_type’ in ‘struct std::char_traits<char>’
/usr/include/c++/4.2/bits/fstream.tcc:668: error: no type named ‘off_type’ in ‘struct std::char_traits<char>’
/usr/include/c++/4.2/bits/fstream.tcc:736: error: no type named ‘off_type’ in ‘struct std::char_traits<char>’
/usr/include/c++/4.2/fstream: In instantiation of ‘std::basic_ifstream<char, std::char_traits<char> >’:
/usr/include/c++/4.2/bits/fstream.tcc:894:   instantiated from here
/usr/include/c++/4.2/fstream:432: error: no type named ‘off_type’ in ‘struct std::char_traits<char>’
/usr/include/c++/4.2/fstream: In instantiation of ‘std::basic_ofstream<char, std::char_traits<char> >’:
/usr/include/c++/4.2/bits/fstream.tcc:895:   instantiated from here
/usr/include/c++/4.2/fstream:560: error: no type named ‘off_type’ in ‘struct std::char_traits<char>’
/usr/include/c++/4.2/fstream: In instantiation of ‘std::basic_fstream<char, std::char_traits<char> >’:
/usr/include/c++/4.2/bits/fstream.tcc:896:   instantiated from here
/usr/include/c++/4.2/fstream:691: error: no type named ‘off_type’ in ‘struct std::char_traits<char>’
/usr/include/c++/4.2/fstream: In instantiation of ‘std::basic_filebuf<wchar_t, std::char_traits<wchar_t> >’:
/usr/include/c++/4.2/bits/fstream.tcc:899:   instantiated from here
/usr/include/c++/4.2/fstream:77: error: no type named ‘off_type’ in ‘struct std::char_traits<wchar_t>’
/usr/include/c++/4.2/bits/fstream.tcc:668: error: no type named ‘off_type’ in ‘struct std::char_traits<wchar_t>’
/usr/include/c++/4.2/bits/fstream.tcc:736: error: no type named ‘off_type’ in ‘struct std::char_traits<wchar_t>’
/usr/include/c++/4.2/fstream: In instantiation of ‘std::basic_ifstream<wchar_t, std::char_traits<wchar_t> >’:
/usr/include/c++/4.2/bits/fstream.tcc:900:   instantiated from here
/usr/include/c++/4.2/fstream:432: error: no type named ‘off_type’ in ‘struct std::char_traits<wchar_t>’
/usr/include/c++/4.2/fstream: In instantiation of ‘std::basic_ofstream<wchar_t, std::char_traits<wchar_t> >’:
/usr/include/c++/4.2/bits/fstream.tcc:901:   instantiated from here
/usr/include/c++/4.2/fstream:560: error: no type named ‘off_type’ in ‘struct std::char_traits<wchar_t>’
/usr/include/c++/4.2/fstream: In instantiation of ‘std::basic_fstream<wchar_t, std::char_traits<wchar_t> >’:
/usr/include/c++/4.2/bits/fstream.tcc:902:   instantiated from here
/usr/include/c++/4.2/fstream:691: error: no type named ‘off_type’ in ‘struct std::char_traits<wchar_t>’
In file included from ./src/graphics.h:5,
                 from ./src/graphics.cpp:12:
/usr/include/c++/4.2/bits/stl_vector.h: In instantiation of ‘std::vector<gp2d::GP2DCollision*, std::allocator<gp2d::GP2DCollision*> >’:
./src/core.h:384:   instantiated from here
/usr/include/c++/4.2/bits/stl_vector.h:186: error: no members matching ‘std::_Vector_base<gp2d::GP2DCollision*, std::allocator<gp2d::GP2DCollision*> >::_M_allocate’ in ‘struct std::_Vector_base<gp2d::GP2DCollision*, std::allocator<gp2d::GP2DCollision*> >’
/usr/include/c++/4.2/bits/stl_iterator.h: In instantiation of ‘__gnu_cxx::__normal_iterator<gp2d::GP2DCollision**, std::vector<gp2d::GP2DCollision*, std::allocator<gp2d::GP2DCollision*> > >’:
./src/core.h:387:   instantiated from here
/usr/include/c++/4.2/bits/stl_iterator.h:646: error: no type named ‘difference_type’ in ‘struct std::iterator_traits<gp2d::GP2DCollision**>’
/usr/include/c++/4.2/bits/stl_iterator.h:697: error: no type named ‘difference_type’ in ‘struct std::iterator_traits<gp2d::GP2DCollision**>’
/usr/include/c++/4.2/bits/stl_iterator.h:701: error: no type named ‘difference_type’ in ‘struct std::iterator_traits<gp2d::GP2DCollision**>’
/usr/include/c++/4.2/bits/stl_iterator.h:705: error: no type named ‘difference_type’ in ‘struct std::iterator_traits<gp2d::GP2DCollision**>’
/usr/include/c++/4.2/bits/stl_iterator.h:709: error: no type named ‘difference_type’ in ‘struct std::iterator_traits<gp2d::GP2DCollision**>’
/usr/include/c++/4.2/bits/stl_iterator.h:713: error: no type named ‘difference_type’ in ‘struct std::iterator_traits<gp2d::GP2DCollision**>’
/usr/include/c++/4.2/bits/stl_set.h: In instantiation of ‘std::set<std::basic_string<char, std::char_traits<char>, std::allocator<char> >, std::less<std::basic_string<char, std::char_traits<char>, std::allocator<char> > >, std::allocator<std::basic_string<char, std::char_traits<char>, std::allocator<char> > > >’:
./src/core.h:482:   instantiated from here
/usr/include/c++/4.2/bits/stl_set.h:134: error: no type named ‘size_type’ in ‘class std::_Rb_tree<std::basic_string<char, std::char_traits<char>, std::allocator<char> >, std::basic_string<char, std::char_traits<char>, std::allocator<char> >, std::_Identity<std::basic_string<char, std::char_traits<char>, std::allocator<char> > >, std::less<std::basic_string<char, std::char_traits<char>, std::allocator<char> > >, std::allocator<std::basic_string<char, std::char_traits<char>, std::allocator<char> > > >’
/usr/include/c++/4.2/bits/stl_set.h:135: error: no type named ‘difference_type’ in ‘class std::_Rb_tree<std::basic_string<char, std::char_traits<char>, std::allocator<char> >, std::basic_string<char, std::char_traits<char>, std::allocator<char> >, std::_Identity<std::basic_string<char, std::char_traits<char>, std::allocator<char> > >, std::less<std::basic_string<char, std::char_traits<char>, std::allocator<char> > >, std::allocator<std::basic_string<char, std::char_traits<char>, std::allocator<char> > > >’
/usr/include/c++/4.2/bits/stl_set.h:266: error: no type named ‘size_type’ in ‘class std::_Rb_tree<std::basic_string<char, std::char_traits<char>, std::allocator<char> >, std::basic_string<char, std::char_traits<char>, std::allocator<char> >, std::_Identity<std::basic_string<char, std::char_traits<char>, std::allocator<char> > >, std::less<std::basic_string<char, std::char_traits<char>, std::allocator<char> > >, std::allocator<std::basic_string<char, std::char_traits<char>, std::allocator<char> > > >’
/usr/include/c++/4.2/bits/stl_set.h:271: error: no type named ‘size_type’ in ‘class std::_Rb_tree<std::basic_string<char, std::char_traits<char>, std::allocator<char> >, std::basic_string<char, std::char_traits<char>, std::allocator<char> >, std::_Identity<std::basic_string<char, std::char_traits<char>, std::allocator<char> > >, std::less<std::basic_string<char, std::char_traits<char>, std::allocator<char> > >, std::allocator<std::basic_string<char, std::char_traits<char>, std::allocator<char> > > >’
/usr/include/c++/4.2/bits/stl_set.h:372: error: no type named ‘size_type’ in ‘class std::_Rb_tree<std::basic_string<char, std::char_traits<char>, std::allocator<char> >, std::basic_string<char, std::char_traits<char>, std::allocator<char> >, std::_Identity<std::basic_string<char, std::char_traits<char>, std::allocator<char> > >, std::less<std::basic_string<char, std::char_traits<char>, std::allocator<char> > >, std::allocator<std::basic_string<char, std::char_traits<char>, std::allocator<char> > > >’
/usr/include/c++/4.2/bits/stl_set.h:411: error: no type named ‘size_type’ in ‘class std::_Rb_tree<std::basic_string<char, std::char_traits<char>, std::allocator<char> >, std::basic_string<char, std::char_traits<char>, std::allocator<char> >, std::_Identity<std::basic_string<char, std::char_traits<char>, std::allocator<char> > >, std::less<std::basic_string<char, std::char_traits<char>, std::allocator<char> > >, std::allocator<std::basic_string<char, std::char_traits<char>, std::allocator<char> > > >’
In file included from ./src/graphics.cpp:12:
./src/graphics.h:231: error: ‘Uint32’ does not name a type
/usr/include/c++/4.2/bits/stl_vector.h: In instantiation of ‘std::vector<gp2d::GP2DCamera, std::allocator<gp2d::GP2DCamera> >’:
./src/graphics.h:247:   instantiated from here
/usr/include/c++/4.2/bits/stl_vector.h:186: error: no members matching ‘std::_Vector_base<gp2d::GP2DCamera, std::allocator<gp2d::GP2DCamera> >::_M_allocate’ in ‘struct std::_Vector_base<gp2d::GP2DCamera, std::allocator<gp2d::GP2DCamera> >’
./src/graphics.cpp: In member function ‘void gp2d::GP2DWindow::setGraphicsDefaults()’:
./src/graphics.cpp:109: error: ‘GL_SMOOTH’ was not declared in this scope
./src/graphics.cpp:109: error: ‘glShadeModel’ was not declared in this scope
./src/graphics.cpp:110: error: ‘glClearColor’ was not declared in this scope
./src/graphics.cpp:112: error: ‘GL_LINE_SMOOTH’ was not declared in this scope
./src/graphics.cpp:112: error: ‘glEnable’ was not declared in this scope
./src/graphics.cpp:113: error: ‘GL_POINT_SMOOTH’ was not declared in this scope
./src/graphics.cpp:114: error: ‘GL_POLYGON_SMOOTH’ was not declared in this scope
./src/graphics.cpp:115: error: ‘GL_TEXTURE_2D’ was not declared in this scope
./src/graphics.cpp:116: error: ‘GL_BLEND’ was not declared in this scope
./src/graphics.cpp: In member function ‘void gp2d::GP2DWindow::clearScreen()’:
./src/graphics.cpp:147: error: ‘m_backgroundColor’ was not declared in this scope
./src/graphics.cpp:147: error: ‘SDL_MapRGB’ was not declared in this scope
./src/graphics.cpp:151: error: ‘GL_COLOR_BUFFER_BIT’ was not declared in this scope
./src/graphics.cpp:151: error: ‘glClear’ was not declared in this scope
./src/graphics.cpp: In member function ‘void gp2d::GP2DWindow::sync()’:
./src/graphics.cpp:163: error: ‘glFlush’ was not declared in this scope
./src/graphics.cpp: In member function ‘void gp2d::GP2DWindow::createWindow(int, int, int)’:
./src/graphics.cpp:194: error: ‘const struct SDL_VideoInfo’ has no member named ‘hw_available’
./src/graphics.cpp:201: error: ‘const struct SDL_VideoInfo’ has no member named ‘blit_hw’
./src/graphics.cpp:223: error: ‘SDL_CreateRGBSurface’ cannot be used as a function
./src/graphics.cpp: In member function ‘void gp2d::GP2DWindow::createNewCamera()’:
./src/graphics.cpp:259: error: ‘class std::vector<gp2d::GP2DCamera, std::allocator<gp2d::GP2DCamera> >’ has no member named ‘size’
./src/graphics.cpp: In member function ‘void gp2d::GP2DCamera::initializeCamera(int)’:
./src/graphics.cpp:334: error: ‘GLfloat’ was not declared in this scope
./src/graphics.cpp:334: error: expected `;' before ‘aspectRatio’
./src/graphics.cpp:336: error: ‘GLsizei’ was not declared in this scope
./src/graphics.cpp:336: error: expected `)' before ‘height’
./src/graphics.cpp:336: error: ‘glViewport’ was not declared in this scope
./src/graphics.cpp:339: error: ‘GL_PROJECTION’ was not declared in this scope
./src/graphics.cpp:339: error: ‘glMatrixMode’ was not declared in this scope
./src/graphics.cpp:340: error: ‘glLoadIdentity’ was not declared in this scope
./src/graphics.cpp:344: error: ‘aspectRatio’ was not declared in this scope
./src/graphics.cpp:345: error: ‘glOrtho’ was not declared in this scope
./src/graphics.cpp:347: error: ‘aspectRatio’ was not declared in this scope
./src/graphics.cpp:349: error: ‘glOrtho’ was not declared in this scope
./src/graphics.cpp:354: error: ‘glTranslatef’ was not declared in this scope
./src/graphics.cpp:357: error: ‘GL_MODELVIEW’ was not declared in this scope
./src/graphics.cpp: In constructor ‘gp2d::GP2DTexture::GP2DTexture(std::string)’:
./src/graphics.cpp:424: error: ‘glGenTextures’ was not declared in this scope
./src/graphics.cpp:425: error: ‘GL_TEXTURE_2D’ was not declared in this scope
./src/graphics.cpp:425: error: ‘glBindTexture’ was not declared in this scope
./src/graphics.cpp:426: error: ‘GL_UNSIGNED_BYTE’ was not declared in this scope
./src/graphics.cpp:426: error: ‘glTexImage2D’ was not declared in this scope
./src/graphics.cpp:427: error: ‘GL_TEXTURE_MIN_FILTER’ was not declared in this scope
./src/graphics.cpp:427: error: ‘GL_LINEAR’ was not declared in this scope
./src/graphics.cpp:427: error: ‘glTexParameteri’ was not declared in this scope
./src/graphics.cpp:428: error: ‘GL_TEXTURE_MAG_FILTER’ was not declared in this scope
./src/graphics.cpp: In destructor ‘gp2d::GP2DTexture::~GP2DTexture()’:
./src/graphics.cpp:458: error: ‘glDeleteTextures’ was not declared in this scope
./src/graphics.cpp: In member function ‘float gp2d::GP2DObject::getNetVelocity() const’:
./src/graphics.cpp:575: error: invalid operands of types ‘const float’ and ‘float’ to binary ‘operator^’
./src/graphics.cpp: In member function ‘virtual void gp2d::GP2DSprite::draw()’:
./src/graphics.cpp:659: error: ‘struct SDL_Rect’ has no member named ‘x’
./src/graphics.cpp:659: error: expected type-specifier before ‘Sint16’
./src/graphics.cpp:659: error: expected `>' before ‘Sint16’
./src/graphics.cpp:659: error: expected `(' before ‘Sint16’
./src/graphics.cpp:659: error: ‘Sint16’ was not declared in this scope
./src/graphics.cpp:659: error: expected `)' before ‘;’ token
./src/graphics.cpp:660: error: ‘struct SDL_Rect’ has no member named ‘y’
./src/graphics.cpp:660: error: expected type-specifier before ‘Sint16’
./src/graphics.cpp:660: error: expected `>' before ‘Sint16’
./src/graphics.cpp:660: error: expected `(' before ‘Sint16’
./src/graphics.cpp:660: error: expected `)' before ‘;’ token
./src/graphics.cpp:661: error: ‘struct SDL_Rect’ has no member named ‘w’
./src/graphics.cpp:662: error: ‘struct SDL_Rect’ has no member named ‘h’
./src/graphics.cpp:667: error: ‘struct SDL_Rect’ has no member named ‘x’
./src/graphics.cpp:667: error: ‘struct SDL_Rect’ has no member named ‘x’
./src/graphics.cpp:667: error: ‘struct SDL_Rect’ has no member named ‘w’
./src/graphics.cpp:667: error: ‘struct SDL_Rect’ has no member named ‘y’
./src/graphics.cpp:668: error: ‘struct SDL_Rect’ has no member named ‘x’
./src/graphics.cpp:668: error: ‘struct SDL_Rect’ has no member named ‘x’
./src/graphics.cpp:668: error: ‘struct SDL_Rect’ has no member named ‘w’
./src/graphics.cpp:668: error: ‘struct SDL_Rect’ has no member named ‘y’
./src/graphics.cpp:668: error: ‘struct SDL_Rect’ has no member named ‘h’
./src/graphics.cpp:669: error: ‘struct SDL_Rect’ has no member named ‘x’
./src/graphics.cpp:669: error: ‘struct SDL_Rect’ has no member named ‘y’
./src/graphics.cpp:669: error: ‘struct SDL_Rect’ has no member named ‘y’
./src/graphics.cpp:669: error: ‘struct SDL_Rect’ has no member named ‘h’
./src/graphics.cpp:670: error: ‘struct SDL_Rect’ has no member named ‘x’
./src/graphics.cpp:670: error: ‘struct SDL_Rect’ has no member named ‘w’
./src/graphics.cpp:670: error: ‘struct SDL_Rect’ has no member named ‘y’
./src/graphics.cpp:670: error: ‘struct SDL_Rect’ has no member named ‘y’
./src/graphics.cpp:670: error: ‘struct SDL_Rect’ has no member named ‘h’
./src/graphics.cpp:674: error: ‘GL_BLEND’ was not declared in this scope
./src/graphics.cpp:674: error: ‘glEnable’ was not declared in this scope
./src/graphics.cpp:675: error: ‘GL_SRC_ALPHA’ was not declared in this scope
./src/graphics.cpp:675: error: ‘GL_ONE_MINUS_SRC_ALPHA’ was not declared in this scope
./src/graphics.cpp:675: error: ‘glBlendFunc’ was not declared in this scope
./src/graphics.cpp:676: error: ‘GL_TEXTURE_2D’ was not declared in this scope
./src/graphics.cpp:676: error: ‘glBindTexture’ was not declared in this scope
./src/graphics.cpp:682: error: ‘GL_MODELVIEW_MATRIX’ was not declared in this scope
./src/graphics.cpp:682: error: ‘glMatrixMode’ was not declared in this scope
./src/graphics.cpp:683: error: ‘glLoadIdentity’ was not declared in this scope
./src/graphics.cpp:684: error: ‘glTranslatef’ was not declared in this scope
./src/graphics.cpp:686: error: ‘glRotatef’ was not declared in this scope
./src/graphics.cpp:690: error: ‘GL_QUADS’ was not declared in this scope
./src/graphics.cpp:690: error: ‘glBegin’ was not declared in this scope
./src/graphics.cpp:691: error: ‘glColor4f’ was not declared in this scope
./src/graphics.cpp:702: error: ‘glTexCoord2f’ was not declared in this scope
./src/graphics.cpp:703: error: ‘glVertex3f’ was not declared in this scope
./src/graphics.cpp:714: error: ‘glEnd’ was not declared in this scope
./src/graphics.cpp:717: error: ‘glDisable’ was not declared in this scope
./src/graphics.cpp:720: error: ‘glLineWidth’ was not declared in this scope
./src/graphics.cpp:721: error: ‘GL_LINES’ was not declared in this scope
./src/graphics.cpp:723: error: ‘glColor3f’ was not declared in this scope
./src/graphics.cpp:740: error: ‘glPointSize’ was not declared in this scope
./src/graphics.cpp:741: error: ‘GL_POINTS’ was not declared in this scope
/usr/include/c++/4.2/bits/stl_iterator.h: At global scope:
/usr/include/c++/4.2/bits/stl_iterator.h: In instantiation of ‘__gnu_cxx::__normal_iterator<gp2d::GP2DCamera*, std::vector<gp2d::GP2DCamera, std::allocator<gp2d::GP2DCamera> > >’:
/usr/include/c++/4.2/bits/stl_vector.h:605:   instantiated from ‘void std::vector<_Tp, _Alloc>::push_back(const _Tp&) [with _Tp = gp2d::GP2DCamera, _Alloc = std::allocator<gp2d::GP2DCamera>]’
./src/graphics.cpp:258:   instantiated from here
/usr/include/c++/4.2/bits/stl_iterator.h:646: error: no type named ‘difference_type’ in ‘struct std::iterator_traits<gp2d::GP2DCamera*>’
/usr/include/c++/4.2/bits/stl_iterator.h:697: error: no type named ‘difference_type’ in ‘struct std::iterator_traits<gp2d::GP2DCamera*>’
/usr/include/c++/4.2/bits/stl_iterator.h:701: error: no type named ‘difference_type’ in ‘struct std::iterator_traits<gp2d::GP2DCamera*>’
/usr/include/c++/4.2/bits/stl_iterator.h:705: error: no type named ‘difference_type’ in ‘struct std::iterator_traits<gp2d::GP2DCamera*>’
/usr/include/c++/4.2/bits/stl_iterator.h:709: error: no type named ‘difference_type’ in ‘struct std::iterator_traits<gp2d::GP2DCamera*>’
/usr/include/c++/4.2/bits/stl_iterator.h:713: error: no type named ‘difference_type’ in ‘struct std::iterator_traits<gp2d::GP2DCamera*>’
/usr/include/c++/4.2/bits/basic_string.h: In function ‘std::basic_ostream<_CharT, _Traits>& std::operator<<(std::basic_ostream<_CharT, _Traits>&, const std::basic_string<_CharT, _Traits, _Alloc>&) [with _CharT = char, _Traits = std::char_traits<char>, _Alloc = std::allocator<char>]’:
./src/graphics.cpp:419:   instantiated from here
/usr/include/c++/4.2/bits/basic_string.h:2404: error: ‘const struct std::basic_string<char, std::char_traits<char>, std::allocator<char> >’ has no member named ‘size’
/usr/include/c++/4.2/ext/new_allocator.h: In member function ‘void __gnu_cxx::new_allocator<_Tp>::construct(_Tp*, const _Tp&) [with _Tp = gp2d::GP2DCamera]’:
/usr/include/c++/4.2/bits/stl_vector.h:601:   instantiated from ‘void std::vector<_Tp, _Alloc>::push_back(const _Tp&) [with _Tp = gp2d::GP2DCamera, _Alloc = std::allocator<gp2d::GP2DCamera>]’
./src/graphics.cpp:258:   instantiated from here
/usr/include/c++/4.2/ext/new_allocator.h:107: error: no matching function for call to ‘operator new(unsigned int, gp2d::GP2DCamera*&)’
<built-in>:0: note: candidates are: void* operator new(unsigned int)
/usr/include/c++/4.2/bits/vector.tcc: In member function ‘void std::vector<_Tp, _Alloc>::_M_insert_aux(__gnu_cxx::__normal_iterator<typename std::_Vector_base<_Tp, _Alloc>::_Tp_alloc_type::pointer, std::vector<_Tp, _Alloc> >, const _Tp&) [with _Tp = gp2d::GP2DCamera, _Alloc = std::allocator<gp2d::GP2DCamera>]’:
/usr/include/c++/4.2/bits/stl_vector.h:605:   instantiated from ‘void std::vector<_Tp, _Alloc>::push_back(const _Tp&) [with _Tp = gp2d::GP2DCamera, _Alloc = std::allocator<gp2d::GP2DCamera>]’
./src/graphics.cpp:258:   instantiated from here
/usr/include/c++/4.2/bits/vector.tcc:261: error: ‘class std::vector<gp2d::GP2DCamera, std::allocator<gp2d::GP2DCamera> >’ has no member named ‘max_size’
/usr/include/c++/4.2/bits/vector.tcc:269: error: ‘class std::vector<gp2d::GP2DCamera, std::allocator<gp2d::GP2DCamera> >’ has no member named ‘max_size’
/usr/include/c++/4.2/bits/vector.tcc:271: error: ‘class std::vector<gp2d::GP2DCamera, std::allocator<gp2d::GP2DCamera> >’ has no member named ‘_M_allocate’
/usr/include/c++/4.2/istream: In destructor ‘std::basic_istream<_CharT, _Traits>::~basic_istream() [with _CharT = char, _Traits = std::char_traits<char>]’:
/usr/include/c++/4.2/istream:813:   instantiated from ‘std::basic_iostream<_CharT, _Traits>::basic_iostream() [with _CharT = char, _Traits = std::char_traits<char>]’
/usr/include/c++/4.2/sstream:524:   instantiated from ‘std::basic_stringstream<_CharT, _Traits, _Alloc>::basic_stringstream(std::_Ios_Openmode) [with _CharT = char, _Traits = std::char_traits<char>, _Alloc = std::allocator<char>]’
./src/graphics.cpp:229:   instantiated from here
/usr/include/c++/4.2/istream:114: error: ‘streamsize’ was not declared in this scope
/usr/include/c++/4.2/bits/basic_string.tcc: In static member function ‘static _CharT* std::basic_string<_CharT, _Traits, _Alloc>::_S_construct(_InIterator, _InIterator, const _Alloc&, std::forward_iterator_tag) [with _FwdIterator = char*, _CharT = char, _Traits = std::char_traits<char>, _Alloc = std::allocator<char>]’:
/usr/include/c++/4.2/bits/basic_string.h:1454:   instantiated from ‘static _CharT* std::basic_string<_CharT, _Traits, _Alloc>::_S_construct_aux(_InIterator, _InIterator, const _Alloc&, std::__false_type) [with _InIterator = char*, _CharT = char, _Traits = std::char_traits<char>, _Alloc = std::allocator<char>]’
/usr/include/c++/4.2/bits/basic_string.h:1469:   instantiated from ‘static _CharT* std::basic_string<_CharT, _Traits, _Alloc>::_S_construct(_InIterator, _InIterator, const _Alloc&) [with _InIterator = char*, _CharT = char, _Traits = std::char_traits<char>, _Alloc = std::allocator<char>]’
/usr/include/c++/4.2/bits/basic_string.tcc:242:   instantiated from ‘std::basic_string<_CharT, _Traits, _Alloc>::basic_string(_InputIterator, _InputIterator, const _Alloc&) [with _InputIterator = char*, _CharT = char, _Traits = std::char_traits<char>, _Alloc = std::allocator<char>]’
/usr/include/c++/4.2/sstream:135:   instantiated from ‘std::basic_string<_CharT, _Traits, _Alloc> std::basic_stringbuf<_CharT, _Traits, _Alloc>::str() const [with _CharT = char, _Traits = std::char_traits<char>, _Alloc = std::allocator<char>]’
/usr/include/c++/4.2/sstream:572:   instantiated from ‘std::basic_string<_CharT, _Traits, _Alloc> std::basic_stringstream<_CharT, _Traits, _Alloc>::str() const [with _CharT = char, _Traits = std::char_traits<char>, _Alloc = std::allocator<char>]’
./src/graphics.cpp:232:   instantiated from here
/usr/include/c++/4.2/bits/basic_string.tcc:148: error: no type named ‘size_type’ in ‘struct std::allocator<char>’
/usr/include/c++/4.2/bits/basic_string.tcc:151: error: ‘_S_create’ is not a member of ‘std::basic_string<char, std::char_traits<char>, std::allocator<char> >::_Rep’
/usr/include/c++/4.2/bits/basic_string.tcc:148: error: no type named ‘size_type’ in ‘struct std::allocator<char>’
/usr/include/c++/4.2/bits/basic_string.tcc:148: error: no type named ‘size_type’ in ‘struct std::allocator<char>’
/usr/include/c++/4.2/bits/stl_iterator.h: At global scope:
/usr/include/c++/4.2/bits/stl_iterator.h: In instantiation of ‘__gnu_cxx::__normal_iterator<const char*, std::basic_string<char, std::char_traits<char>, std::allocator<char> > >’:
/usr/include/c++/4.2/bits/basic_string.tcc:153:   instantiated from ‘static _CharT* std::basic_string<_CharT, _Traits, _Alloc>::_S_construct(_InIterator, _InIterator, const _Alloc&, std::forward_iterator_tag) [with _FwdIterator = char*, _CharT = char, _Traits = std::char_traits<char>, _Alloc = std::allocator<char>]’
/usr/include/c++/4.2/bits/basic_string.h:1454:   instantiated from ‘static _CharT* std::basic_string<_CharT, _Traits, _Alloc>::_S_construct_aux(_InIterator, _InIterator, const _Alloc&, std::__false_type) [with _InIterator = char*, _CharT = char, _Traits = std::char_traits<char>, _Alloc = std::allocator<char>]’
/usr/include/c++/4.2/bits/basic_string.h:1469:   instantiated from ‘static _CharT* std::basic_string<_CharT, _Traits, _Alloc>::_S_construct(_InIterator, _InIterator, const _Alloc&) [with _InIterator = char*, _CharT = char, _Traits = std::char_traits<char>, _Alloc = std::allocator<char>]’
/usr/include/c++/4.2/bits/basic_string.tcc:242:   instantiated from ‘std::basic_string<_CharT, _Traits, _Alloc>::basic_string(_InputIterator, _InputIterator, const _Alloc&) [with _InputIterator = char*, _CharT = char, _Traits = std::char_traits<char>, _Alloc = std::allocator<char>]’
/usr/include/c++/4.2/sstream:135:   instantiated from ‘std::basic_string<_CharT, _Traits, _Alloc> std::basic_stringbuf<_CharT, _Traits, _Alloc>::str() const [with _CharT = char, _Traits = std::char_traits<char>, _Alloc = std::allocator<char>]’
/usr/include/c++/4.2/sstream:572:   instantiated from ‘std::basic_string<_CharT, _Traits, _Alloc> std::basic_stringstream<_CharT, _Traits, _Alloc>::str() const [with _CharT = char, _Traits = std::char_traits<char>, _Alloc = std::allocator<char>]’
./src/graphics.cpp:232:   instantiated from here
/usr/include/c++/4.2/bits/stl_iterator.h:646: error: no type named ‘difference_type’ in ‘struct std::iterator_traits<const char*>’
/usr/include/c++/4.2/bits/stl_iterator.h:697: error: no type named ‘difference_type’ in ‘struct std::iterator_traits<const char*>’
/usr/include/c++/4.2/bits/stl_iterator.h:701: error: no type named ‘difference_type’ in ‘struct std::iterator_traits<const char*>’
/usr/include/c++/4.2/bits/stl_iterator.h:705: error: no type named ‘difference_type’ in ‘struct std::iterator_traits<const char*>’
/usr/include/c++/4.2/bits/stl_iterator.h:709: error: no type named ‘difference_type’ in ‘struct std::iterator_traits<const char*>’
/usr/include/c++/4.2/bits/stl_iterator.h:713: error: no type named ‘difference_type’ in ‘struct std::iterator_traits<const char*>’
/usr/include/c++/4.2/bits/stl_iterator.h: In instantiation of ‘__gnu_cxx::__normal_iterator<char*, std::basic_string<char, std::char_traits<char>, std::allocator<char> > >’:
/usr/include/c++/4.2/bits/basic_string.tcc:153:   instantiated from ‘static _CharT* std::basic_string<_CharT, _Traits, _Alloc>::_S_construct(_InIterator, _InIterator, const _Alloc&, std::forward_iterator_tag) [with _FwdIterator = char*, _CharT = char, _Traits = std::char_traits<char>, _Alloc = std::allocator<char>]’
/usr/include/c++/4.2/bits/basic_string.h:1454:   instantiated from ‘static _CharT* std::basic_string<_CharT, _Traits, _Alloc>::_S_construct_aux(_InIterator, _InIterator, const _Alloc&, std::__false_type) [with _InIterator = char*, _CharT = char, _Traits = std::char_traits<char>, _Alloc = std::allocator<char>]’
/usr/include/c++/4.2/bits/basic_string.h:1469:   instantiated from ‘static _CharT* std::basic_string<_CharT, _Traits, _Alloc>::_S_construct(_InIterator, _InIterator, const _Alloc&) [with _InIterator = char*, _CharT = char, _Traits = std::char_traits<char>, _Alloc = std::allocator<char>]’
/usr/include/c++/4.2/bits/basic_string.tcc:242:   instantiated from ‘std::basic_string<_CharT, _Traits, _Alloc>::basic_string(_InputIterator, _InputIterator, const _Alloc&) [with _InputIterator = char*, _CharT = char, _Traits = std::char_traits<char>, _Alloc = std::allocator<char>]’
/usr/include/c++/4.2/sstream:135:   instantiated from ‘std::basic_string<_CharT, _Traits, _Alloc> std::basic_stringbuf<_CharT, _Traits, _Alloc>::str() const [with _CharT = char, _Traits = std::char_traits<char>, _Alloc = std::allocator<char>]’
/usr/include/c++/4.2/sstream:572:   instantiated from ‘std::basic_string<_CharT, _Traits, _Alloc> std::basic_stringstream<_CharT, _Traits, _Alloc>::str() const [with _CharT = char, _Traits = std::char_traits<char>, _Alloc = std::allocator<char>]’
./src/graphics.cpp:232:   instantiated from here
/usr/include/c++/4.2/bits/stl_iterator.h:646: error: no type named ‘difference_type’ in ‘struct std::iterator_traits<char*>’
/usr/include/c++/4.2/bits/stl_iterator.h:697: error: no type named ‘difference_type’ in ‘struct std::iterator_traits<char*>’
/usr/include/c++/4.2/bits/stl_iterator.h:701: error: no type named ‘difference_type’ in ‘struct std::iterator_traits<char*>’
/usr/include/c++/4.2/bits/stl_iterator.h:705: error: no type named ‘difference_type’ in ‘struct std::iterator_traits<char*>’
/usr/include/c++/4.2/bits/stl_iterator.h:709: error: no type named ‘difference_type’ in ‘struct std::iterator_traits<char*>’
/usr/include/c++/4.2/bits/stl_iterator.h:713: error: no type named ‘difference_type’ in ‘struct std::iterator_traits<char*>’
/usr/include/c++/4.2/bits/basic_string.tcc: In static member function ‘static _CharT* std::basic_string<_CharT, _Traits, _Alloc>::_S_construct(_InIterator, _InIterator, const _Alloc&, std::forward_iterator_tag) [with _FwdIterator = char*, _CharT = char, _Traits = std::char_traits<char>, _Alloc = std::allocator<char>]’:
/usr/include/c++/4.2/bits/basic_string.h:1454:   instantiated from ‘static _CharT* std::basic_string<_CharT, _Traits, _Alloc>::_S_construct_aux(_InIterator, _InIterator, const _Alloc&, std::__false_type) [with _InIterator = char*, _CharT = char, _Traits = std::char_traits<char>, _Alloc = std::allocator<char>]’
/usr/include/c++/4.2/bits/basic_string.h:1469:   instantiated from ‘static _CharT* std::basic_string<_CharT, _Traits, _Alloc>::_S_construct(_InIterator, _InIterator, const _Alloc&) [with _InIterator = char*, _CharT = char, _Traits = std::char_traits<char>, _Alloc = std::allocator<char>]’
/usr/include/c++/4.2/bits/basic_string.tcc:242:   instantiated from ‘std::basic_string<_CharT, _Traits, _Alloc>::basic_string(_InputIterator, _InputIterator, const _Alloc&) [with _InputIterator = char*, _CharT = char, _Traits = std::char_traits<char>, _Alloc = std::allocator<char>]’
/usr/include/c++/4.2/sstream:135:   instantiated from ‘std::basic_string<_CharT, _Traits, _Alloc> std::basic_stringbuf<_CharT, _Traits, _Alloc>::str() const [with _CharT = char, _Traits = std::char_traits<char>, _Alloc = std::allocator<char>]’
/usr/include/c++/4.2/sstream:572:   instantiated from ‘std::basic_string<_CharT, _Traits, _Alloc> std::basic_stringstream<_CharT, _Traits, _Alloc>::str() const [with _CharT = char, _Traits = std::char_traits<char>, _Alloc = std::allocator<char>]’
./src/graphics.cpp:232:   instantiated from here
/usr/include/c++/4.2/bits/basic_string.tcc:159: error: ‘struct std::basic_string<char, std::char_traits<char>, std::allocator<char> >::_Rep’ has no member named ‘_M_set_length_and_sharable’
/usr/include/c++/4.2/bits/basic_string.tcc:148: error: no type named ‘size_type’ in ‘struct std::allocator<char>’
/usr/include/c++/4.2/bits/stl_algobase.h: In static member function ‘static _BI2 std::__copy_backward<_BoolType, std::random_access_iterator_tag>::__copy_b(_BI1, _BI1, _BI2) [with _BI1 = gp2d::GP2DCamera*, _BI2 = gp2d::GP2DCamera*, bool _BoolType = false]’:
/usr/include/c++/4.2/bits/stl_algobase.h:465:   instantiated from ‘_BI2 std::__copy_backward_aux(_BI1, _BI1, _BI2) [with _BI1 = gp2d::GP2DCamera*, _BI2 = gp2d::GP2DCamera*]’
/usr/include/c++/4.2/bits/stl_algobase.h:474:   instantiated from ‘static _BI2 std::__copy_backward_normal<<anonymous>, <anonymous> >::__copy_b_n(_BI1, _BI1, _BI2) [with _BI1 = gp2d::GP2DCamera*, _BI2 = gp2d::GP2DCamera*, bool <anonymous> = false, bool <anonymous> = false]’
/usr/include/c++/4.2/bits/stl_algobase.h:540:   instantiated from ‘_BI2 std::copy_backward(_BI1, _BI1, _BI2) [with _BI1 = gp2d::GP2DCamera*, _BI2 = gp2d::GP2DCamera*]’
/usr/include/c++/4.2/bits/vector.tcc:253:   instantiated from ‘void std::vector<_Tp, _Alloc>::_M_insert_aux(__gnu_cxx::__normal_iterator<typename std::_Vector_base<_Tp, _Alloc>::_Tp_alloc_type::pointer, std::vector<_Tp, _Alloc> >, const _Tp&) [with _Tp = gp2d::GP2DCamera, _Alloc = std::allocator<gp2d::GP2DCamera>]’
/usr/include/c++/4.2/bits/stl_vector.h:605:   instantiated from ‘void std::vector<_Tp, _Alloc>::push_back(const _Tp&) [with _Tp = gp2d::GP2DCamera, _Alloc = std::allocator<gp2d::GP2DCamera>]’
./src/graphics.cpp:258:   instantiated from here
/usr/include/c++/4.2/bits/stl_algobase.h:431: error: no type named ‘difference_type’ in ‘struct std::iterator_traits<gp2d::GP2DCamera*>’
/usr/include/c++/4.2/bits/stl_algobase.h:431: error: no type named ‘difference_type’ in ‘struct std::iterator_traits<gp2d::GP2DCamera*>’
/usr/include/c++/4.2/bits/stl_algobase.h:431: error: no type named ‘difference_type’ in ‘struct std::iterator_traits<gp2d::GP2DCamera*>’
/usr/include/c++/4.2/bits/stl_algobase.h:431: error: no type named ‘difference_type’ in ‘struct std::iterator_traits<gp2d::GP2DCamera*>’
/usr/include/c++/4.2/bits/stl_construct.h: In function ‘void std::_Construct(_T1*, const _T2&) [with _T1 = gp2d::GP2DCamera, _T2 = gp2d::GP2DCamera]’:
/usr/include/c++/4.2/bits/stl_uninitialized.h:87:   instantiated from ‘_ForwardIterator std::__uninitialized_copy_aux(_InputIterator, _InputIterator, _ForwardIterator, std::__false_type) [with _InputIterator = gp2d::GP2DCamera*, _ForwardIterator = gp2d::GP2DCamera*]’
/usr/include/c++/4.2/bits/stl_uninitialized.h:114:   instantiated from ‘_ForwardIterator std::uninitialized_copy(_InputIterator, _InputIterator, _ForwardIterator) [with _InputIterator = gp2d::GP2DCamera*, _ForwardIterator = gp2d::GP2DCamera*]’
/usr/include/c++/4.2/bits/stl_uninitialized.h:254:   instantiated from ‘_ForwardIterator std::__uninitialized_copy_a(_InputIterator, _InputIterator, _ForwardIterator, std::allocator<_Tp>) [with _InputIterator = gp2d::GP2DCamera*, _ForwardIterator = gp2d::GP2DCamera*, _Tp = gp2d::GP2DCamera]’
/usr/include/c++/4.2/bits/vector.tcc:275:   instantiated from ‘void std::vector<_Tp, _Alloc>::_M_insert_aux(__gnu_cxx::__normal_iterator<typename std::_Vector_base<_Tp, _Alloc>::_Tp_alloc_type::pointer, std::vector<_Tp, _Alloc> >, const _Tp&) [with _Tp = gp2d::GP2DCamera, _Alloc = std::allocator<gp2d::GP2DCamera>]’
/usr/include/c++/4.2/bits/stl_vector.h:605:   instantiated from ‘void std::vector<_Tp, _Alloc>::push_back(const _Tp&) [with _Tp = gp2d::GP2DCamera, _Alloc = std::allocator<gp2d::GP2DCamera>]’
./src/graphics.cpp:258:   instantiated from here
/usr/include/c++/4.2/bits/stl_construct.h:81: error: no matching function for call to ‘operator new(unsigned int, void*)’
<built-in>:0: note: candidates are: void* operator new(unsigned int)
/usr/include/c++/4.2/bits/basic_string.h: In static member function ‘static void std::basic_string<_CharT, _Traits, _Alloc>::_S_copy_chars(_CharT*, _CharT*, _CharT*) [with _CharT = char, _Traits = std::char_traits<char>, _Alloc = std::allocator<char>]’:
/usr/include/c++/4.2/bits/basic_string.tcc:153:   instantiated from ‘static _CharT* std::basic_string<_CharT, _Traits, _Alloc>::_S_construct(_InIterator, _InIterator, const _Alloc&, std::forward_iterator_tag) [with _FwdIterator = char*, _CharT = char, _Traits = std::char_traits<char>, _Alloc = std::allocator<char>]’
/usr/include/c++/4.2/bits/basic_string.h:1454:   instantiated from ‘static _CharT* std::basic_string<_CharT, _Traits, _Alloc>::_S_construct_aux(_InIterator, _InIterator, const _Alloc&, std::__false_type) [with _InIterator = char*, _CharT = char, _Traits = std::char_traits<char>, _Alloc = std::allocator<char>]’
/usr/include/c++/4.2/bits/basic_string.h:1469:   instantiated from ‘static _CharT* std::basic_string<_CharT, _Traits, _Alloc>::_S_construct(_InIterator, _InIterator, const _Alloc&) [with _InIterator = char*, _CharT = char, _Traits = std::char_traits<char>, _Alloc = std::allocator<char>]’
/usr/include/c++/4.2/bits/basic_string.tcc:242:   instantiated from ‘std::basic_string<_CharT, _Traits, _Alloc>::basic_string(_InputIterator, _InputIterator, const _Alloc&) [with _InputIterator = char*, _CharT = char, _Traits = std::char_traits<char>, _Alloc = std::allocator<char>]’
/usr/include/c++/4.2/sstream:135:   instantiated from ‘std::basic_string<_CharT, _Traits, _Alloc> std::basic_stringbuf<_CharT, _Traits, _Alloc>::str() const [with _CharT = char, _Traits = std::char_traits<char>, _Alloc = std::allocator<char>]’
/usr/include/c++/4.2/sstream:572:   instantiated from ‘std::basic_string<_CharT, _Traits, _Alloc> std::basic_stringstream<_CharT, _Traits, _Alloc>::str() const [with _CharT = char, _Traits = std::char_traits<char>, _Alloc = std::allocator<char>]’
./src/graphics.cpp:232:   instantiated from here
/usr/include/c++/4.2/bits/basic_string.h:387: error: ‘_M_copy’ was not declared in this scope
make: *** [bin/graphics.o] Error 1
